{"/Volumes/SSD-01/Projects/Footprint/footprint/data/dashboard/dev-progress.ts": {"path":"/Volumes/SSD-01/Projects/Footprint/footprint/data/dashboard/dev-progress.ts","statementMap":{"0":{"start":{"line":14,"column":31},"end":{"line":21,"column":null}},"1":{"start":{"line":61,"column":46},"end":{"line":630,"column":null}},"2":{"start":{"line":636,"column":49},"end":{"line":809,"column":null}},"3":{"start":{"line":815,"column":33},"end":{"line":865,"column":null}},"4":{"start":{"line":871,"column":26},"end":{"line":892,"column":null}},"5":{"start":{"line":901,"column":2},"end":{"line":901,"column":null}},"6":{"start":{"line":901,"column":44},"end":{"line":901,"column":69}},"7":{"start":{"line":905,"column":17},"end":{"line":905,"column":null}},"8":{"start":{"line":905,"column":35},"end":{"line":905,"column":52}},"9":{"start":{"line":906,"column":2},"end":{"line":906,"column":null}},"10":{"start":{"line":906,"column":15},"end":{"line":906,"column":null}},"11":{"start":{"line":908,"column":33},"end":{"line":908,"column":null}},"12":{"start":{"line":909,"column":2},"end":{"line":914,"column":null}},"13":{"start":{"line":910,"column":20},"end":{"line":910,"column":null}},"14":{"start":{"line":911,"column":4},"end":{"line":913,"column":null}},"15":{"start":{"line":912,"column":6},"end":{"line":912,"column":null}},"16":{"start":{"line":915,"column":2},"end":{"line":915,"column":null}},"17":{"start":{"line":919,"column":24},"end":{"line":919,"column":null}},"18":{"start":{"line":920,"column":15},"end":{"line":920,"column":null}},"19":{"start":{"line":920,"column":41},"end":{"line":920,"column":60}},"20":{"start":{"line":921,"column":16},"end":{"line":921,"column":null}},"21":{"start":{"line":922,"column":21},"end":{"line":922,"column":null}},"22":{"start":{"line":923,"column":2},"end":{"line":923,"column":null}},"23":{"start":{"line":927,"column":18},"end":{"line":927,"column":null}},"24":{"start":{"line":928,"column":2},"end":{"line":928,"column":null}},"25":{"start":{"line":928,"column":16},"end":{"line":928,"column":null}},"26":{"start":{"line":930,"column":15},"end":{"line":930,"column":null}},"27":{"start":{"line":930,"column":43},"end":{"line":930,"column":62}},"28":{"start":{"line":931,"column":16},"end":{"line":931,"column":null}},"29":{"start":{"line":932,"column":21},"end":{"line":932,"column":null}},"30":{"start":{"line":933,"column":2},"end":{"line":933,"column":null}},"31":{"start":{"line":937,"column":21},"end":{"line":937,"column":null}},"32":{"start":{"line":938,"column":15},"end":{"line":938,"column":null}},"33":{"start":{"line":938,"column":38},"end":{"line":938,"column":57}},"34":{"start":{"line":939,"column":16},"end":{"line":939,"column":null}},"35":{"start":{"line":940,"column":21},"end":{"line":940,"column":null}},"36":{"start":{"line":941,"column":2},"end":{"line":941,"column":null}},"37":{"start":{"line":959,"column":29},"end":{"line":1084,"column":null}},"38":{"start":{"line":1086,"column":26},"end":{"line":1093,"column":null}},"39":{"start":{"line":1095,"column":100},"end":{"line":1102,"column":null}},"40":{"start":{"line":1104,"column":77},"end":{"line":1112,"column":null}},"41":{"start":{"line":1131,"column":41},"end":{"line":1165,"column":null}},"42":{"start":{"line":1183,"column":31},"end":{"line":1261,"column":null}},"43":{"start":{"line":1276,"column":29},"end":{"line":1326,"column":null}},"44":{"start":{"line":1344,"column":33},"end":{"line":1353,"column":null}},"45":{"start":{"line":1355,"column":99},"end":{"line":1360,"column":null}}},"fnMap":{"0":{"name":"getStoriesByComponent","decl":{"start":{"line":900,"column":16},"end":{"line":900,"column":38}},"loc":{"start":{"line":900,"column":66},"end":{"line":902,"column":null}},"line":900},"1":{"name":"(anonymous_1)","decl":{"start":{"line":901,"column":39},"end":{"line":901,"column":44}},"loc":{"start":{"line":901,"column":44},"end":{"line":901,"column":69}},"line":901},"2":{"name":"getStoriesBySprint","decl":{"start":{"line":904,"column":16},"end":{"line":904,"column":35}},"loc":{"start":{"line":904,"column":62},"end":{"line":916,"column":null}},"line":904},"3":{"name":"(anonymous_3)","decl":{"start":{"line":905,"column":30},"end":{"line":905,"column":35}},"loc":{"start":{"line":905,"column":35},"end":{"line":905,"column":52}},"line":905},"4":{"name":"(anonymous_4)","decl":{"start":{"line":909,"column":26},"end":{"line":909,"column":39}},"loc":{"start":{"line":909,"column":39},"end":{"line":914,"column":3}},"line":909},"5":{"name":"getSprintProgress","decl":{"start":{"line":918,"column":16},"end":{"line":918,"column":34}},"loc":{"start":{"line":918,"column":105},"end":{"line":924,"column":null}},"line":918},"6":{"name":"(anonymous_6)","decl":{"start":{"line":920,"column":36},"end":{"line":920,"column":41}},"loc":{"start":{"line":920,"column":41},"end":{"line":920,"column":60}},"line":920},"7":{"name":"getFeatureProgress","decl":{"start":{"line":926,"column":16},"end":{"line":926,"column":35}},"loc":{"start":{"line":926,"column":107},"end":{"line":934,"column":null}},"line":926},"8":{"name":"(anonymous_8)","decl":{"start":{"line":930,"column":38},"end":{"line":930,"column":43}},"loc":{"start":{"line":930,"column":43},"end":{"line":930,"column":62}},"line":930},"9":{"name":"getOverallProgress","decl":{"start":{"line":936,"column":16},"end":{"line":936,"column":90}},"loc":{"start":{"line":936,"column":90},"end":{"line":942,"column":null}},"line":936},"10":{"name":"(anonymous_10)","decl":{"start":{"line":938,"column":33},"end":{"line":938,"column":38}},"loc":{"start":{"line":938,"column":38},"end":{"line":938,"column":57}},"line":938}},"branchMap":{"0":{"loc":{"start":{"line":906,"column":2},"end":{"line":906,"column":null}},"type":"if","locations":[{"start":{"line":906,"column":2},"end":{"line":906,"column":null}},{"start":{},"end":{}}],"line":906},"1":{"loc":{"start":{"line":911,"column":4},"end":{"line":913,"column":null}},"type":"if","locations":[{"start":{"line":911,"column":4},"end":{"line":913,"column":null}},{"start":{},"end":{}}],"line":911},"2":{"loc":{"start":{"line":922,"column":21},"end":{"line":922,"column":null}},"type":"cond-expr","locations":[{"start":{"line":922,"column":33},"end":{"line":922,"column":68}},{"start":{"line":922,"column":68},"end":{"line":922,"column":null}}],"line":922},"3":{"loc":{"start":{"line":928,"column":2},"end":{"line":928,"column":null}},"type":"if","locations":[{"start":{"line":928,"column":2},"end":{"line":928,"column":null}},{"start":{},"end":{}}],"line":928},"4":{"loc":{"start":{"line":932,"column":21},"end":{"line":932,"column":null}},"type":"cond-expr","locations":[{"start":{"line":932,"column":33},"end":{"line":932,"column":68}},{"start":{"line":932,"column":68},"end":{"line":932,"column":null}}],"line":932},"5":{"loc":{"start":{"line":940,"column":21},"end":{"line":940,"column":null}},"type":"cond-expr","locations":[{"start":{"line":940,"column":33},"end":{"line":940,"column":68}},{"start":{"line":940,"column":68},"end":{"line":940,"column":null}}],"line":940}},"s":{"0":0,"1":0,"2":0,"3":0,"4":0,"5":0,"6":0,"7":0,"8":0,"9":0,"10":0,"11":0,"12":0,"13":0,"14":0,"15":0,"16":0,"17":0,"18":0,"19":0,"20":0,"21":0,"22":0,"23":0,"24":0,"25":0,"26":0,"27":0,"28":0,"29":0,"30":0,"31":0,"32":0,"33":0,"34":0,"35":0,"36":0,"37":0,"38":0,"39":0,"40":0,"41":0,"42":0,"43":0,"44":0,"45":0},"f":{"0":0,"1":0,"2":0,"3":0,"4":0,"5":0,"6":0,"7":0,"8":0,"9":0,"10":0},"b":{"0":[0,0],"1":[0,0],"2":[0,0],"3":[0,0],"4":[0,0],"5":[0,0]},"meta":{"lastBranch":6,"lastFunction":11,"lastStatement":46,"seen":{"s:14:31:21:Infinity":0,"s:61:46:630:Infinity":1,"s:636:49:809:Infinity":2,"s:815:33:865:Infinity":3,"s:871:26:892:Infinity":4,"f:900:16:900:38":0,"s:901:2:901:Infinity":5,"f:901:39:901:44":1,"s:901:44:901:69":6,"f:904:16:904:35":2,"s:905:17:905:Infinity":7,"f:905:30:905:35":3,"s:905:35:905:52":8,"b:906:2:906:Infinity:undefined:undefined:undefined:undefined":0,"s:906:2:906:Infinity":9,"s:906:15:906:Infinity":10,"s:908:33:908:Infinity":11,"s:909:2:914:Infinity":12,"f:909:26:909:39":4,"s:910:20:910:Infinity":13,"b:911:4:913:Infinity:undefined:undefined:undefined:undefined":1,"s:911:4:913:Infinity":14,"s:912:6:912:Infinity":15,"s:915:2:915:Infinity":16,"f:918:16:918:34":5,"s:919:24:919:Infinity":17,"s:920:15:920:Infinity":18,"f:920:36:920:41":6,"s:920:41:920:60":19,"s:921:16:921:Infinity":20,"s:922:21:922:Infinity":21,"b:922:33:922:68:922:68:922:Infinity":2,"s:923:2:923:Infinity":22,"f:926:16:926:35":7,"s:927:18:927:Infinity":23,"b:928:2:928:Infinity:undefined:undefined:undefined:undefined":3,"s:928:2:928:Infinity":24,"s:928:16:928:Infinity":25,"s:930:15:930:Infinity":26,"f:930:38:930:43":8,"s:930:43:930:62":27,"s:931:16:931:Infinity":28,"s:932:21:932:Infinity":29,"b:932:33:932:68:932:68:932:Infinity":4,"s:933:2:933:Infinity":30,"f:936:16:936:90":9,"s:937:21:937:Infinity":31,"s:938:15:938:Infinity":32,"f:938:33:938:38":10,"s:938:38:938:57":33,"s:939:16:939:Infinity":34,"s:940:21:940:Infinity":35,"b:940:33:940:68:940:68:940:Infinity":5,"s:941:2:941:Infinity":36,"s:959:29:1084:Infinity":37,"s:1086:26:1093:Infinity":38,"s:1095:100:1102:Infinity":39,"s:1104:77:1112:Infinity":40,"s:1131:41:1165:Infinity":41,"s:1183:31:1261:Infinity":42,"s:1276:29:1326:Infinity":43,"s:1344:33:1353:Infinity":44,"s:1355:99:1360:Infinity":45}}}
,"/Volumes/SSD-01/Projects/Footprint/footprint/data/demo/images.ts": {"path":"/Volumes/SSD-01/Projects/Footprint/footprint/data/demo/images.ts","statementMap":{"0":{"start":{"line":11,"column":40},"end":{"line":22,"column":null}},"1":{"start":{"line":25,"column":61},"end":{"line":32,"column":null}},"2":{"start":{"line":35,"column":62},"end":{"line":42,"column":null}},"3":{"start":{"line":45,"column":26},"end":{"line":49,"column":null}},"4":{"start":{"line":55,"column":2},"end":{"line":55,"column":null}},"5":{"start":{"line":62,"column":16},"end":{"line":62,"column":null}},"6":{"start":{"line":63,"column":2},"end":{"line":63,"column":null}}},"fnMap":{"0":{"name":"getStylePreviewImage","decl":{"start":{"line":54,"column":16},"end":{"line":54,"column":37}},"loc":{"start":{"line":54,"column":63},"end":{"line":56,"column":null}},"line":54},"1":{"name":"getRandomOriginalImage","decl":{"start":{"line":61,"column":16},"end":{"line":61,"column":49}},"loc":{"start":{"line":61,"column":49},"end":{"line":64,"column":null}},"line":61}},"branchMap":{"0":{"loc":{"start":{"line":55,"column":9},"end":{"line":55,"column":null}},"type":"binary-expr","locations":[{"start":{"line":55,"column":9},"end":{"line":55,"column":38}},{"start":{"line":55,"column":38},"end":{"line":55,"column":null}}],"line":55}},"s":{"0":0,"1":0,"2":0,"3":0,"4":0,"5":0,"6":0},"f":{"0":0,"1":0},"b":{"0":[0,0]},"meta":{"lastBranch":1,"lastFunction":2,"lastStatement":7,"seen":{"s:11:40:22:Infinity":0,"s:25:61:32:Infinity":1,"s:35:62:42:Infinity":2,"s:45:26:49:Infinity":3,"f:54:16:54:37":0,"s:55:2:55:Infinity":4,"b:55:9:55:38:55:38:55:Infinity":0,"f:61:16:61:49":1,"s:62:16:62:Infinity":5,"s:63:2:63:Infinity":6}}}
,"/Volumes/SSD-01/Projects/Footprint/footprint/data/demo/orders.ts": {"path":"/Volumes/SSD-01/Projects/Footprint/footprint/data/demo/orders.ts","statementMap":{"0":{"start":{"line":13,"column":13},"end":{"line":13,"column":null}},"1":{"start":{"line":15,"column":2},"end":{"line":27,"column":null}},"2":{"start":{"line":32,"column":2},"end":{"line":40,"column":null}},"3":{"start":{"line":44,"column":35},"end":{"line":313,"column":null}},"4":{"start":{"line":319,"column":13},"end":{"line":319,"column":null}},"5":{"start":{"line":320,"column":14},"end":{"line":320,"column":null}},"6":{"start":{"line":322,"column":22},"end":{"line":325,"column":null}},"7":{"start":{"line":327,"column":27},"end":{"line":350,"column":null}},"8":{"start":{"line":353,"column":16},"end":{"line":353,"column":null}},"9":{"start":{"line":356,"column":2},"end":{"line":358,"column":null}},"10":{"start":{"line":357,"column":4},"end":{"line":357,"column":null}},"11":{"start":{"line":359,"column":2},"end":{"line":364,"column":null}},"12":{"start":{"line":360,"column":4},"end":{"line":360,"column":null}},"13":{"start":{"line":361,"column":4},"end":{"line":361,"column":null}},"14":{"start":{"line":362,"column":4},"end":{"line":362,"column":null}},"15":{"start":{"line":363,"column":4},"end":{"line":363,"column":null}},"16":{"start":{"line":363,"column":23},"end":{"line":363,"column":null}},"17":{"start":{"line":365,"column":2},"end":{"line":371,"column":null}},"18":{"start":{"line":366,"column":4},"end":{"line":366,"column":null}},"19":{"start":{"line":367,"column":4},"end":{"line":367,"column":null}},"20":{"start":{"line":367,"column":26},"end":{"line":367,"column":null}},"21":{"start":{"line":368,"column":4},"end":{"line":368,"column":null}},"22":{"start":{"line":368,"column":23},"end":{"line":368,"column":null}},"23":{"start":{"line":369,"column":4},"end":{"line":369,"column":null}},"24":{"start":{"line":370,"column":4},"end":{"line":370,"column":null}},"25":{"start":{"line":373,"column":2},"end":{"line":373,"column":null}},"26":{"start":{"line":380,"column":2},"end":{"line":380,"column":null}},"27":{"start":{"line":380,"column":32},"end":{"line":380,"column":51}},"28":{"start":{"line":387,"column":2},"end":{"line":387,"column":null}},"29":{"start":{"line":387,"column":34},"end":{"line":387,"column":53}}},"fnMap":{"0":{"name":"createOrderItem","decl":{"start":{"line":12,"column":9},"end":{"line":12,"column":25}},"loc":{"start":{"line":12,"column":68},"end":{"line":28,"column":null}},"line":12},"1":{"name":"toAddress","decl":{"start":{"line":31,"column":9},"end":{"line":31,"column":19}},"loc":{"start":{"line":31,"column":62},"end":{"line":41,"column":null}},"line":31},"2":{"name":"createDemoOrder","decl":{"start":{"line":318,"column":16},"end":{"line":318,"column":32}},"loc":{"start":{"line":318,"column":67},"end":{"line":374,"column":null}},"line":318},"3":{"name":"getDemoOrderByStatus","decl":{"start":{"line":379,"column":16},"end":{"line":379,"column":37}},"loc":{"start":{"line":379,"column":77},"end":{"line":381,"column":null}},"line":379},"4":{"name":"(anonymous_4)","decl":{"start":{"line":380,"column":25},"end":{"line":380,"column":26}},"loc":{"start":{"line":380,"column":32},"end":{"line":380,"column":51}},"line":380},"5":{"name":"getDemoOrdersByUser","decl":{"start":{"line":386,"column":16},"end":{"line":386,"column":36}},"loc":{"start":{"line":386,"column":61},"end":{"line":388,"column":null}},"line":386},"6":{"name":"(anonymous_6)","decl":{"start":{"line":387,"column":27},"end":{"line":387,"column":28}},"loc":{"start":{"line":387,"column":34},"end":{"line":387,"column":53}},"line":387}},"branchMap":{"0":{"loc":{"start":{"line":356,"column":2},"end":{"line":358,"column":null}},"type":"if","locations":[{"start":{"line":356,"column":2},"end":{"line":358,"column":null}},{"start":{},"end":{}}],"line":356},"1":{"loc":{"start":{"line":356,"column":6},"end":{"line":356,"column":48}},"type":"binary-expr","locations":[{"start":{"line":356,"column":6},"end":{"line":356,"column":33}},{"start":{"line":356,"column":33},"end":{"line":356,"column":48}}],"line":356},"2":{"loc":{"start":{"line":359,"column":2},"end":{"line":364,"column":null}},"type":"if","locations":[{"start":{"line":359,"column":2},"end":{"line":364,"column":null}},{"start":{},"end":{}}],"line":359},"3":{"loc":{"start":{"line":359,"column":6},"end":{"line":359,"column":54}},"type":"binary-expr","locations":[{"start":{"line":359,"column":6},"end":{"line":359,"column":36}},{"start":{"line":359,"column":36},"end":{"line":359,"column":54}}],"line":359},"4":{"loc":{"start":{"line":361,"column":27},"end":{"line":361,"column":null}},"type":"binary-expr","locations":[{"start":{"line":361,"column":27},"end":{"line":361,"column":51}},{"start":{"line":361,"column":51},"end":{"line":361,"column":null}}],"line":361},"5":{"loc":{"start":{"line":362,"column":20},"end":{"line":362,"column":null}},"type":"binary-expr","locations":[{"start":{"line":362,"column":20},"end":{"line":362,"column":37}},{"start":{"line":362,"column":37},"end":{"line":362,"column":null}}],"line":362},"6":{"loc":{"start":{"line":363,"column":4},"end":{"line":363,"column":null}},"type":"if","locations":[{"start":{"line":363,"column":4},"end":{"line":363,"column":null}},{"start":{},"end":{}}],"line":363},"7":{"loc":{"start":{"line":365,"column":2},"end":{"line":371,"column":null}},"type":"if","locations":[{"start":{"line":365,"column":2},"end":{"line":371,"column":null}},{"start":{},"end":{}}],"line":365},"8":{"loc":{"start":{"line":365,"column":6},"end":{"line":365,"column":58}},"type":"binary-expr","locations":[{"start":{"line":365,"column":6},"end":{"line":365,"column":38}},{"start":{"line":365,"column":38},"end":{"line":365,"column":58}}],"line":365},"9":{"loc":{"start":{"line":367,"column":4},"end":{"line":367,"column":null}},"type":"if","locations":[{"start":{"line":367,"column":4},"end":{"line":367,"column":null}},{"start":{},"end":{}}],"line":367},"10":{"loc":{"start":{"line":368,"column":4},"end":{"line":368,"column":null}},"type":"if","locations":[{"start":{"line":368,"column":4},"end":{"line":368,"column":null}},{"start":{},"end":{}}],"line":368},"11":{"loc":{"start":{"line":369,"column":27},"end":{"line":369,"column":null}},"type":"binary-expr","locations":[{"start":{"line":369,"column":27},"end":{"line":369,"column":51}},{"start":{"line":369,"column":51},"end":{"line":369,"column":null}}],"line":369},"12":{"loc":{"start":{"line":370,"column":20},"end":{"line":370,"column":null}},"type":"binary-expr","locations":[{"start":{"line":370,"column":20},"end":{"line":370,"column":37}},{"start":{"line":370,"column":37},"end":{"line":370,"column":null}}],"line":370}},"s":{"0":0,"1":0,"2":0,"3":0,"4":0,"5":0,"6":0,"7":0,"8":0,"9":0,"10":0,"11":0,"12":0,"13":0,"14":0,"15":0,"16":0,"17":0,"18":0,"19":0,"20":0,"21":0,"22":0,"23":0,"24":0,"25":0,"26":0,"27":0,"28":0,"29":0},"f":{"0":0,"1":0,"2":0,"3":0,"4":0,"5":0,"6":0},"b":{"0":[0,0],"1":[0,0],"2":[0,0],"3":[0,0],"4":[0,0],"5":[0,0],"6":[0,0],"7":[0,0],"8":[0,0],"9":[0,0],"10":[0,0],"11":[0,0],"12":[0,0]},"meta":{"lastBranch":13,"lastFunction":7,"lastStatement":30,"seen":{"f:12:9:12:25":0,"s:13:13:13:Infinity":0,"s:15:2:27:Infinity":1,"f:31:9:31:19":1,"s:32:2:40:Infinity":2,"s:44:35:313:Infinity":3,"f:318:16:318:32":2,"s:319:13:319:Infinity":4,"s:320:14:320:Infinity":5,"s:322:22:325:Infinity":6,"s:327:27:350:Infinity":7,"s:353:16:353:Infinity":8,"b:356:2:358:Infinity:undefined:undefined:undefined:undefined":0,"s:356:2:358:Infinity":9,"b:356:6:356:33:356:33:356:48":1,"s:357:4:357:Infinity":10,"b:359:2:364:Infinity:undefined:undefined:undefined:undefined":2,"s:359:2:364:Infinity":11,"b:359:6:359:36:359:36:359:54":3,"s:360:4:360:Infinity":12,"s:361:4:361:Infinity":13,"b:361:27:361:51:361:51:361:Infinity":4,"s:362:4:362:Infinity":14,"b:362:20:362:37:362:37:362:Infinity":5,"b:363:4:363:Infinity:undefined:undefined:undefined:undefined":6,"s:363:4:363:Infinity":15,"s:363:23:363:Infinity":16,"b:365:2:371:Infinity:undefined:undefined:undefined:undefined":7,"s:365:2:371:Infinity":17,"b:365:6:365:38:365:38:365:58":8,"s:366:4:366:Infinity":18,"b:367:4:367:Infinity:undefined:undefined:undefined:undefined":9,"s:367:4:367:Infinity":19,"s:367:26:367:Infinity":20,"b:368:4:368:Infinity:undefined:undefined:undefined:undefined":10,"s:368:4:368:Infinity":21,"s:368:23:368:Infinity":22,"s:369:4:369:Infinity":23,"b:369:27:369:51:369:51:369:Infinity":11,"s:370:4:370:Infinity":24,"b:370:20:370:37:370:37:370:Infinity":12,"s:373:2:373:Infinity":25,"f:379:16:379:37":3,"s:380:2:380:Infinity":26,"f:380:25:380:26":4,"s:380:32:380:51":27,"f:386:16:386:36":5,"s:387:2:387:Infinity":28,"f:387:27:387:28":6,"s:387:34:387:53":29}}}
,"/Volumes/SSD-01/Projects/Footprint/footprint/data/demo/products.ts": {"path":"/Volumes/SSD-01/Projects/Footprint/footprint/data/demo/products.ts","statementMap":{"0":{"start":{"line":10,"column":35},"end":{"line":67,"column":null}},"1":{"start":{"line":70,"column":33},"end":{"line":100,"column":null}},"2":{"start":{"line":103,"column":35},"end":{"line":128,"column":null}},"3":{"start":{"line":131,"column":35},"end":{"line":161,"column":null}},"4":{"start":{"line":167,"column":2},"end":{"line":167,"column":null}},"5":{"start":{"line":167,"column":32},"end":{"line":167,"column":43}},"6":{"start":{"line":174,"column":2},"end":{"line":174,"column":null}},"7":{"start":{"line":174,"column":34},"end":{"line":174,"column":43}}},"fnMap":{"0":{"name":"getStyleById","decl":{"start":{"line":166,"column":16},"end":{"line":166,"column":29}},"loc":{"start":{"line":166,"column":63},"end":{"line":168,"column":null}},"line":166},"1":{"name":"(anonymous_1)","decl":{"start":{"line":167,"column":25},"end":{"line":167,"column":26}},"loc":{"start":{"line":167,"column":32},"end":{"line":167,"column":43}},"line":167},"2":{"name":"getPopularStyles","decl":{"start":{"line":173,"column":16},"end":{"line":173,"column":44}},"loc":{"start":{"line":173,"column":44},"end":{"line":175,"column":null}},"line":173},"3":{"name":"(anonymous_3)","decl":{"start":{"line":174,"column":27},"end":{"line":174,"column":28}},"loc":{"start":{"line":174,"column":34},"end":{"line":174,"column":43}},"line":174}},"branchMap":{},"s":{"0":0,"1":0,"2":0,"3":0,"4":0,"5":0,"6":0,"7":0},"f":{"0":0,"1":0,"2":0,"3":0},"b":{},"meta":{"lastBranch":0,"lastFunction":4,"lastStatement":8,"seen":{"s:10:35:67:Infinity":0,"s:70:33:100:Infinity":1,"s:103:35:128:Infinity":2,"s:131:35:161:Infinity":3,"f:166:16:166:29":0,"s:167:2:167:Infinity":4,"f:167:25:167:26":1,"s:167:32:167:43":5,"f:173:16:173:44":2,"s:174:2:174:Infinity":6,"f:174:27:174:28":3,"s:174:34:174:43":7}}}
,"/Volumes/SSD-01/Projects/Footprint/footprint/data/demo/users.ts": {"path":"/Volumes/SSD-01/Projects/Footprint/footprint/data/demo/users.ts","statementMap":{"0":{"start":{"line":10,"column":45},"end":{"line":61,"column":null}},"1":{"start":{"line":64,"column":33},"end":{"line":108,"column":null}},"2":{"start":{"line":114,"column":13},"end":{"line":114,"column":null}},"3":{"start":{"line":115,"column":14},"end":{"line":115,"column":null}},"4":{"start":{"line":117,"column":2},"end":{"line":126,"column":null}}},"fnMap":{"0":{"name":"createDemoUser","decl":{"start":{"line":113,"column":16},"end":{"line":113,"column":31}},"loc":{"start":{"line":113,"column":64},"end":{"line":127,"column":null}},"line":113}},"branchMap":{},"s":{"0":0,"1":0,"2":0,"3":0,"4":0},"f":{"0":0},"b":{},"meta":{"lastBranch":0,"lastFunction":1,"lastStatement":5,"seen":{"s:10:45:61:Infinity":0,"s:64:33:108:Infinity":1,"f:113:16:113:31":0,"s:114:13:114:Infinity":2,"s:115:14:115:Infinity":3,"s:117:2:126:Infinity":4}}}
,"/Volumes/SSD-01/Projects/Footprint/footprint/lib/room-backgrounds.ts": {"path":"/Volumes/SSD-01/Projects/Footprint/footprint/lib/room-backgrounds.ts","statementMap":{"0":{"start":{"line":32,"column":50},"end":{"line":88,"column":null}},"1":{"start":{"line":94,"column":2},"end":{"line":94,"column":null}},"2":{"start":{"line":94,"column":39},"end":{"line":94,"column":51}},"3":{"start":{"line":101,"column":2},"end":{"line":101,"column":null}}},"fnMap":{"0":{"name":"getRoomBackground","decl":{"start":{"line":93,"column":16},"end":{"line":93,"column":34}},"loc":{"start":{"line":93,"column":74},"end":{"line":95,"column":null}},"line":93},"1":{"name":"(anonymous_1)","decl":{"start":{"line":94,"column":31},"end":{"line":94,"column":32}},"loc":{"start":{"line":94,"column":39},"end":{"line":94,"column":51}},"line":94},"2":{"name":"getDefaultRoomBackground","decl":{"start":{"line":100,"column":16},"end":{"line":100,"column":59}},"loc":{"start":{"line":100,"column":59},"end":{"line":102,"column":null}},"line":100}},"branchMap":{},"s":{"0":0,"1":0,"2":0,"3":0},"f":{"0":0,"1":0,"2":0},"b":{},"meta":{"lastBranch":0,"lastFunction":3,"lastStatement":4,"seen":{"s:32:50:88:Infinity":0,"f:93:16:93:34":0,"s:94:2:94:Infinity":1,"f:94:31:94:32":1,"s:94:39:94:51":2,"f:100:16:100:59":2,"s:101:2:101:Infinity":3}}}
,"/Volumes/SSD-01/Projects/Footprint/footprint/lib/ai/nano-banana.ts": {"path":"/Volumes/SSD-01/Projects/Footprint/footprint/lib/ai/nano-banana.ts","statementMap":{"0":{"start":{"line":29,"column":26},"end":{"line":29,"column":null}},"1":{"start":{"line":30,"column":21},"end":{"line":30,"column":null}},"2":{"start":{"line":83,"column":17},"end":{"line":83,"column":null}},"3":{"start":{"line":84,"column":2},"end":{"line":86,"column":null}},"4":{"start":{"line":85,"column":4},"end":{"line":85,"column":null}},"5":{"start":{"line":87,"column":2},"end":{"line":87,"column":null}},"6":{"start":{"line":99,"column":21},"end":{"line":99,"column":null}},"7":{"start":{"line":100,"column":23},"end":{"line":100,"column":null}},"8":{"start":{"line":101,"column":26},"end":{"line":101,"column":null}},"9":{"start":{"line":104,"column":2},"end":{"line":128,"column":null}},"10":{"start":{"line":105,"column":4},"end":{"line":120,"column":null}},"11":{"start":{"line":131,"column":2},"end":{"line":135,"column":null}},"12":{"start":{"line":160,"column":2},"end":{"line":162,"column":null}},"13":{"start":{"line":161,"column":4},"end":{"line":161,"column":null}},"14":{"start":{"line":164,"column":17},"end":{"line":164,"column":null}},"15":{"start":{"line":165,"column":18},"end":{"line":165,"column":null}},"16":{"start":{"line":166,"column":17},"end":{"line":166,"column":null}},"17":{"start":{"line":169,"column":30},"end":{"line":169,"column":null}},"18":{"start":{"line":172,"column":91},"end":{"line":172,"column":null}},"19":{"start":{"line":175,"column":2},"end":{"line":182,"column":null}},"20":{"start":{"line":176,"column":4},"end":{"line":181,"column":null}},"21":{"start":{"line":185,"column":2},"end":{"line":190,"column":null}},"22":{"start":{"line":193,"column":2},"end":{"line":195,"column":null}},"23":{"start":{"line":197,"column":2},"end":{"line":199,"column":null}},"24":{"start":{"line":198,"column":4},"end":{"line":198,"column":null}},"25":{"start":{"line":201,"column":22},"end":{"line":233,"column":null}},"26":{"start":{"line":235,"column":14},"end":{"line":235,"column":null}},"27":{"start":{"line":236,"column":2},"end":{"line":236,"column":null}},"28":{"start":{"line":238,"column":19},"end":{"line":245,"column":null}},"29":{"start":{"line":247,"column":2},"end":{"line":260,"column":null}},"30":{"start":{"line":248,"column":22},"end":{"line":248,"column":null}},"31":{"start":{"line":248,"column":56},"end":{"line":248,"column":58}},"32":{"start":{"line":249,"column":4},"end":{"line":249,"column":null}},"33":{"start":{"line":251,"column":23},"end":{"line":251,"column":null}},"34":{"start":{"line":252,"column":4},"end":{"line":258,"column":null}},"35":{"start":{"line":253,"column":24},"end":{"line":253,"column":null}},"36":{"start":{"line":254,"column":6},"end":{"line":254,"column":null}},"37":{"start":{"line":257,"column":6},"end":{"line":257,"column":null}},"38":{"start":{"line":257,"column":21},"end":{"line":257,"column":null}},"39":{"start":{"line":259,"column":4},"end":{"line":259,"column":null}},"40":{"start":{"line":262,"column":31},"end":{"line":262,"column":null}},"41":{"start":{"line":265,"column":2},"end":{"line":267,"column":null}},"42":{"start":{"line":266,"column":4},"end":{"line":266,"column":null}},"43":{"start":{"line":270,"column":24},"end":{"line":270,"column":null}},"44":{"start":{"line":271,"column":2},"end":{"line":273,"column":null}},"45":{"start":{"line":272,"column":4},"end":{"line":272,"column":null}},"46":{"start":{"line":276,"column":20},"end":{"line":276,"column":null}},"47":{"start":{"line":276,"column":49},"end":{"line":276,"column":70}},"48":{"start":{"line":277,"column":2},"end":{"line":279,"column":null}},"49":{"start":{"line":278,"column":4},"end":{"line":278,"column":null}},"50":{"start":{"line":282,"column":21},"end":{"line":282,"column":null}},"51":{"start":{"line":283,"column":25},"end":{"line":283,"column":null}},"52":{"start":{"line":285,"column":2},"end":{"line":290,"column":null}},"53":{"start":{"line":297,"column":2},"end":{"line":297,"column":null}},"54":{"start":{"line":297,"column":34},"end":{"line":297,"column":57}},"55":{"start":{"line":320,"column":25},"end":{"line":320,"column":null}},"56":{"start":{"line":322,"column":2},"end":{"line":347,"column":null}},"57":{"start":{"line":322,"column":21},"end":{"line":322,"column":24}},"58":{"start":{"line":323,"column":4},"end":{"line":346,"column":null}},"59":{"start":{"line":324,"column":6},"end":{"line":324,"column":null}},"60":{"start":{"line":326,"column":6},"end":{"line":326,"column":null}},"61":{"start":{"line":329,"column":6},"end":{"line":331,"column":null}},"62":{"start":{"line":330,"column":8},"end":{"line":330,"column":null}},"63":{"start":{"line":334,"column":6},"end":{"line":336,"column":null}},"64":{"start":{"line":335,"column":8},"end":{"line":335,"column":null}},"65":{"start":{"line":338,"column":6},"end":{"line":345,"column":null}},"66":{"start":{"line":340,"column":26},"end":{"line":340,"column":null}},"67":{"start":{"line":341,"column":8},"end":{"line":343,"column":null}},"68":{"start":{"line":344,"column":8},"end":{"line":344,"column":null}},"69":{"start":{"line":349,"column":2},"end":{"line":349,"column":null}},"70":{"start":{"line":359,"column":18},"end":{"line":359,"column":null}},"71":{"start":{"line":360,"column":2},"end":{"line":363,"column":null}},"72":{"start":{"line":362,"column":4},"end":{"line":362,"column":null}},"73":{"start":{"line":364,"column":2},"end":{"line":367,"column":null}},"74":{"start":{"line":374,"column":2},"end":{"line":374,"column":null}},"75":{"start":{"line":389,"column":39},"end":{"line":389,"column":null}},"76":{"start":{"line":391,"column":2},"end":{"line":413,"column":null}},"77":{"start":{"line":392,"column":4},"end":{"line":412,"column":null}},"78":{"start":{"line":394,"column":22},"end":{"line":394,"column":null}},"79":{"start":{"line":396,"column":23},"end":{"line":396,"column":null}},"80":{"start":{"line":397,"column":6},"end":{"line":400,"column":null}},"81":{"start":{"line":398,"column":8},"end":{"line":398,"column":null}},"82":{"start":{"line":399,"column":8},"end":{"line":399,"column":null}},"83":{"start":{"line":402,"column":26},"end":{"line":402,"column":null}},"84":{"start":{"line":403,"column":26},"end":{"line":403,"column":null}},"85":{"start":{"line":404,"column":21},"end":{"line":404,"column":null}},"86":{"start":{"line":406,"column":6},"end":{"line":409,"column":null}},"87":{"start":{"line":411,"column":6},"end":{"line":411,"column":null}},"88":{"start":{"line":415,"column":2},"end":{"line":415,"column":null}}},"fnMap":{"0":{"name":"getApiKey","decl":{"start":{"line":82,"column":9},"end":{"line":82,"column":29}},"loc":{"start":{"line":82,"column":29},"end":{"line":88,"column":null}},"line":82},"1":{"name":"buildPrompt","decl":{"start":{"line":94,"column":9},"end":{"line":94,"column":null}},"loc":{"start":{"line":98,"column":10},"end":{"line":142,"column":null}},"line":98},"2":{"name":"transformWithNanoBanana","decl":{"start":{"line":154,"column":22},"end":{"line":154,"column":null}},"loc":{"start":{"line":159,"column":29},"end":{"line":291,"column":null}},"line":159},"3":{"name":"(anonymous_3)","decl":{"start":{"line":248,"column":50},"end":{"line":248,"column":56}},"loc":{"start":{"line":248,"column":56},"end":{"line":248,"column":58}},"line":248},"4":{"name":"(anonymous_4)","decl":{"start":{"line":276,"column":39},"end":{"line":276,"column":40}},"loc":{"start":{"line":276,"column":49},"end":{"line":276,"column":70}},"line":276},"5":{"name":"delay","decl":{"start":{"line":296,"column":9},"end":{"line":296,"column":15}},"loc":{"start":{"line":296,"column":42},"end":{"line":298,"column":null}},"line":296},"6":{"name":"(anonymous_6)","decl":{"start":{"line":297,"column":21},"end":{"line":297,"column":22}},"loc":{"start":{"line":297,"column":34},"end":{"line":297,"column":57}},"line":297},"7":{"name":"transformWithNanoBananaRetry","decl":{"start":{"line":313,"column":22},"end":{"line":313,"column":null}},"loc":{"start":{"line":319,"column":29},"end":{"line":350,"column":null}},"line":319},"8":{"name":"dataUriToBase64","decl":{"start":{"line":355,"column":16},"end":{"line":355,"column":32}},"loc":{"start":{"line":358,"column":2},"end":{"line":368,"column":null}},"line":358},"9":{"name":"base64ToDataUri","decl":{"start":{"line":373,"column":16},"end":{"line":373,"column":32}},"loc":{"start":{"line":373,"column":74},"end":{"line":375,"column":null}},"line":373},"10":{"name":"loadReferenceImages","decl":{"start":{"line":385,"column":22},"end":{"line":385,"column":null}},"loc":{"start":{"line":388,"column":29},"end":{"line":416,"column":null}},"line":388}},"branchMap":{"0":{"loc":{"start":{"line":29,"column":26},"end":{"line":29,"column":null}},"type":"binary-expr","locations":[{"start":{"line":29,"column":26},"end":{"line":29,"column":59}},{"start":{"line":29,"column":59},"end":{"line":29,"column":null}}],"line":29},"1":{"loc":{"start":{"line":84,"column":2},"end":{"line":86,"column":null}},"type":"if","locations":[{"start":{"line":84,"column":2},"end":{"line":86,"column":null}},{"start":{},"end":{}}],"line":84},"2":{"loc":{"start":{"line":97,"column":2},"end":{"line":97,"column":null}},"type":"default-arg","locations":[{"start":{"line":97,"column":27},"end":{"line":97,"column":null}}],"line":97},"3":{"loc":{"start":{"line":100,"column":23},"end":{"line":100,"column":null}},"type":"binary-expr","locations":[{"start":{"line":100,"column":23},"end":{"line":100,"column":45}},{"start":{"line":100,"column":45},"end":{"line":100,"column":null}}],"line":100},"4":{"loc":{"start":{"line":101,"column":26},"end":{"line":101,"column":null}},"type":"cond-expr","locations":[{"start":{"line":101,"column":26},"end":{"line":101,"column":75}},{"start":{"line":101,"column":75},"end":{"line":101,"column":null}}],"line":101},"5":{"loc":{"start":{"line":104,"column":2},"end":{"line":128,"column":null}},"type":"if","locations":[{"start":{"line":104,"column":2},"end":{"line":128,"column":null}},{"start":{},"end":{}}],"line":104},"6":{"loc":{"start":{"line":104,"column":6},"end":{"line":104,"column":40}},"type":"binary-expr","locations":[{"start":{"line":104,"column":6},"end":{"line":104,"column":23}},{"start":{"line":104,"column":23},"end":{"line":104,"column":40}}],"line":104},"7":{"loc":{"start":{"line":157,"column":2},"end":{"line":157,"column":null}},"type":"default-arg","locations":[{"start":{"line":157,"column":21},"end":{"line":157,"column":null}}],"line":157},"8":{"loc":{"start":{"line":158,"column":2},"end":{"line":158,"column":null}},"type":"default-arg","locations":[{"start":{"line":158,"column":38},"end":{"line":158,"column":null}}],"line":158},"9":{"loc":{"start":{"line":160,"column":2},"end":{"line":162,"column":null}},"type":"if","locations":[{"start":{"line":160,"column":2},"end":{"line":162,"column":null}},{"start":{},"end":{}}],"line":160},"10":{"loc":{"start":{"line":197,"column":2},"end":{"line":199,"column":null}},"type":"if","locations":[{"start":{"line":197,"column":2},"end":{"line":199,"column":null}},{"start":{},"end":{}}],"line":197},"11":{"loc":{"start":{"line":209,"column":10},"end":{"line":213,"column":null}},"type":"binary-expr","locations":[{"start":{"line":209,"column":10},"end":{"line":209,"column":33}},{"start":{"line":209,"column":33},"end":{"line":213,"column":null}}],"line":209},"12":{"loc":{"start":{"line":247,"column":2},"end":{"line":260,"column":null}},"type":"if","locations":[{"start":{"line":247,"column":2},"end":{"line":260,"column":null}},{"start":{},"end":{}}],"line":247},"13":{"loc":{"start":{"line":254,"column":21},"end":{"line":254,"column":null}},"type":"binary-expr","locations":[{"start":{"line":254,"column":21},"end":{"line":254,"column":49}},{"start":{"line":254,"column":49},"end":{"line":254,"column":null}}],"line":254},"14":{"loc":{"start":{"line":257,"column":6},"end":{"line":257,"column":null}},"type":"if","locations":[{"start":{"line":257,"column":6},"end":{"line":257,"column":null}},{"start":{},"end":{}}],"line":257},"15":{"loc":{"start":{"line":265,"column":2},"end":{"line":267,"column":null}},"type":"if","locations":[{"start":{"line":265,"column":2},"end":{"line":267,"column":null}},{"start":{},"end":{}}],"line":265},"16":{"loc":{"start":{"line":271,"column":2},"end":{"line":273,"column":null}},"type":"if","locations":[{"start":{"line":271,"column":2},"end":{"line":273,"column":null}},{"start":{},"end":{}}],"line":271},"17":{"loc":{"start":{"line":271,"column":6},"end":{"line":271,"column":52}},"type":"binary-expr","locations":[{"start":{"line":271,"column":6},"end":{"line":271,"column":24}},{"start":{"line":271,"column":24},"end":{"line":271,"column":52}}],"line":271},"18":{"loc":{"start":{"line":277,"column":2},"end":{"line":279,"column":null}},"type":"if","locations":[{"start":{"line":277,"column":2},"end":{"line":279,"column":null}},{"start":{},"end":{}}],"line":277},"19":{"loc":{"start":{"line":277,"column":6},"end":{"line":277,"column":43}},"type":"binary-expr","locations":[{"start":{"line":277,"column":6},"end":{"line":277,"column":20}},{"start":{"line":277,"column":20},"end":{"line":277,"column":43}}],"line":277},"20":{"loc":{"start":{"line":282,"column":21},"end":{"line":282,"column":null}},"type":"binary-expr","locations":[{"start":{"line":282,"column":21},"end":{"line":282,"column":60}},{"start":{"line":282,"column":60},"end":{"line":282,"column":null}}],"line":282},"21":{"loc":{"start":{"line":287,"column":14},"end":{"line":287,"column":null}},"type":"binary-expr","locations":[{"start":{"line":287,"column":14},"end":{"line":287,"column":47}},{"start":{"line":287,"column":47},"end":{"line":287,"column":null}}],"line":287},"22":{"loc":{"start":{"line":316,"column":2},"end":{"line":316,"column":null}},"type":"default-arg","locations":[{"start":{"line":316,"column":21},"end":{"line":316,"column":null}}],"line":316},"23":{"loc":{"start":{"line":317,"column":2},"end":{"line":317,"column":null}},"type":"default-arg","locations":[{"start":{"line":317,"column":23},"end":{"line":317,"column":null}}],"line":317},"24":{"loc":{"start":{"line":318,"column":2},"end":{"line":318,"column":null}},"type":"default-arg","locations":[{"start":{"line":318,"column":38},"end":{"line":318,"column":null}}],"line":318},"25":{"loc":{"start":{"line":326,"column":18},"end":{"line":326,"column":null}},"type":"cond-expr","locations":[{"start":{"line":326,"column":43},"end":{"line":326,"column":51}},{"start":{"line":326,"column":51},"end":{"line":326,"column":null}}],"line":326},"26":{"loc":{"start":{"line":329,"column":6},"end":{"line":331,"column":null}},"type":"if","locations":[{"start":{"line":329,"column":6},"end":{"line":331,"column":null}},{"start":{},"end":{}}],"line":329},"27":{"loc":{"start":{"line":334,"column":6},"end":{"line":336,"column":null}},"type":"if","locations":[{"start":{"line":334,"column":6},"end":{"line":336,"column":null}},{"start":{},"end":{}}],"line":334},"28":{"loc":{"start":{"line":338,"column":6},"end":{"line":345,"column":null}},"type":"if","locations":[{"start":{"line":338,"column":6},"end":{"line":345,"column":null}},{"start":{},"end":{}}],"line":338},"29":{"loc":{"start":{"line":360,"column":2},"end":{"line":363,"column":null}},"type":"if","locations":[{"start":{"line":360,"column":2},"end":{"line":363,"column":null}},{"start":{},"end":{}}],"line":360},"30":{"loc":{"start":{"line":394,"column":22},"end":{"line":394,"column":null}},"type":"cond-expr","locations":[{"start":{"line":394,"column":47},"end":{"line":394,"column":53}},{"start":{"line":394,"column":53},"end":{"line":394,"column":null}}],"line":394},"31":{"loc":{"start":{"line":397,"column":6},"end":{"line":400,"column":null}},"type":"if","locations":[{"start":{"line":397,"column":6},"end":{"line":400,"column":null}},{"start":{},"end":{}}],"line":397},"32":{"loc":{"start":{"line":402,"column":26},"end":{"line":402,"column":null}},"type":"binary-expr","locations":[{"start":{"line":402,"column":26},"end":{"line":402,"column":66}},{"start":{"line":402,"column":66},"end":{"line":402,"column":null}}],"line":402}},"s":{"0":0,"1":0,"2":0,"3":0,"4":0,"5":0,"6":0,"7":0,"8":0,"9":0,"10":0,"11":0,"12":0,"13":0,"14":0,"15":0,"16":0,"17":0,"18":0,"19":0,"20":0,"21":0,"22":0,"23":0,"24":0,"25":0,"26":0,"27":0,"28":0,"29":0,"30":0,"31":0,"32":0,"33":0,"34":0,"35":0,"36":0,"37":0,"38":0,"39":0,"40":0,"41":0,"42":0,"43":0,"44":0,"45":0,"46":0,"47":0,"48":0,"49":0,"50":0,"51":0,"52":0,"53":0,"54":0,"55":0,"56":0,"57":0,"58":0,"59":0,"60":0,"61":0,"62":0,"63":0,"64":0,"65":0,"66":0,"67":0,"68":0,"69":0,"70":0,"71":0,"72":0,"73":0,"74":0,"75":0,"76":0,"77":0,"78":0,"79":0,"80":0,"81":0,"82":0,"83":0,"84":0,"85":0,"86":0,"87":0,"88":0},"f":{"0":0,"1":0,"2":0,"3":0,"4":0,"5":0,"6":0,"7":0,"8":0,"9":0,"10":0},"b":{"0":[0,0],"1":[0,0],"2":[0],"3":[0,0],"4":[0,0],"5":[0,0],"6":[0,0],"7":[0],"8":[0],"9":[0,0],"10":[0,0],"11":[0,0],"12":[0,0],"13":[0,0],"14":[0,0],"15":[0,0],"16":[0,0],"17":[0,0],"18":[0,0],"19":[0,0],"20":[0,0],"21":[0,0],"22":[0],"23":[0],"24":[0],"25":[0,0],"26":[0,0],"27":[0,0],"28":[0,0],"29":[0,0],"30":[0,0],"31":[0,0],"32":[0,0]},"meta":{"lastBranch":33,"lastFunction":11,"lastStatement":89,"seen":{"s:29:26:29:Infinity":0,"b:29:26:29:59:29:59:29:Infinity":0,"s:30:21:30:Infinity":1,"f:82:9:82:29":0,"s:83:17:83:Infinity":2,"b:84:2:86:Infinity:undefined:undefined:undefined:undefined":1,"s:84:2:86:Infinity":3,"s:85:4:85:Infinity":4,"s:87:2:87:Infinity":5,"f:94:9:94:Infinity":1,"b:97:27:97:Infinity":2,"s:99:21:99:Infinity":6,"s:100:23:100:Infinity":7,"b:100:23:100:45:100:45:100:Infinity":3,"s:101:26:101:Infinity":8,"b:101:26:101:75:101:75:101:Infinity":4,"b:104:2:128:Infinity:undefined:undefined:undefined:undefined":5,"s:104:2:128:Infinity":9,"b:104:6:104:23:104:23:104:40":6,"s:105:4:120:Infinity":10,"s:131:2:135:Infinity":11,"f:154:22:154:Infinity":2,"b:157:21:157:Infinity":7,"b:158:38:158:Infinity":8,"b:160:2:162:Infinity:undefined:undefined:undefined:undefined":9,"s:160:2:162:Infinity":12,"s:161:4:161:Infinity":13,"s:164:17:164:Infinity":14,"s:165:18:165:Infinity":15,"s:166:17:166:Infinity":16,"s:169:30:169:Infinity":17,"s:172:91:172:Infinity":18,"s:175:2:182:Infinity":19,"s:176:4:181:Infinity":20,"s:185:2:190:Infinity":21,"s:193:2:195:Infinity":22,"b:197:2:199:Infinity:undefined:undefined:undefined:undefined":10,"s:197:2:199:Infinity":23,"s:198:4:198:Infinity":24,"s:201:22:233:Infinity":25,"b:209:10:209:33:209:33:213:Infinity":11,"s:235:14:235:Infinity":26,"s:236:2:236:Infinity":27,"s:238:19:245:Infinity":28,"b:247:2:260:Infinity:undefined:undefined:undefined:undefined":12,"s:247:2:260:Infinity":29,"s:248:22:248:Infinity":30,"f:248:50:248:56":3,"s:248:56:248:58":31,"s:249:4:249:Infinity":32,"s:251:23:251:Infinity":33,"s:252:4:258:Infinity":34,"s:253:24:253:Infinity":35,"s:254:6:254:Infinity":36,"b:254:21:254:49:254:49:254:Infinity":13,"b:257:6:257:Infinity:undefined:undefined:undefined:undefined":14,"s:257:6:257:Infinity":37,"s:257:21:257:Infinity":38,"s:259:4:259:Infinity":39,"s:262:31:262:Infinity":40,"b:265:2:267:Infinity:undefined:undefined:undefined:undefined":15,"s:265:2:267:Infinity":41,"s:266:4:266:Infinity":42,"s:270:24:270:Infinity":43,"b:271:2:273:Infinity:undefined:undefined:undefined:undefined":16,"s:271:2:273:Infinity":44,"b:271:6:271:24:271:24:271:52":17,"s:272:4:272:Infinity":45,"s:276:20:276:Infinity":46,"f:276:39:276:40":4,"s:276:49:276:70":47,"b:277:2:279:Infinity:undefined:undefined:undefined:undefined":18,"s:277:2:279:Infinity":48,"b:277:6:277:20:277:20:277:43":19,"s:278:4:278:Infinity":49,"s:282:21:282:Infinity":50,"b:282:21:282:60:282:60:282:Infinity":20,"s:283:25:283:Infinity":51,"s:285:2:290:Infinity":52,"b:287:14:287:47:287:47:287:Infinity":21,"f:296:9:296:15":5,"s:297:2:297:Infinity":53,"f:297:21:297:22":6,"s:297:34:297:57":54,"f:313:22:313:Infinity":7,"b:316:21:316:Infinity":22,"b:317:23:317:Infinity":23,"b:318:38:318:Infinity":24,"s:320:25:320:Infinity":55,"s:322:2:347:Infinity":56,"s:322:21:322:24":57,"s:323:4:346:Infinity":58,"s:324:6:324:Infinity":59,"s:326:6:326:Infinity":60,"b:326:43:326:51:326:51:326:Infinity":25,"b:329:6:331:Infinity:undefined:undefined:undefined:undefined":26,"s:329:6:331:Infinity":61,"s:330:8:330:Infinity":62,"b:334:6:336:Infinity:undefined:undefined:undefined:undefined":27,"s:334:6:336:Infinity":63,"s:335:8:335:Infinity":64,"b:338:6:345:Infinity:undefined:undefined:undefined:undefined":28,"s:338:6:345:Infinity":65,"s:340:26:340:Infinity":66,"s:341:8:343:Infinity":67,"s:344:8:344:Infinity":68,"s:349:2:349:Infinity":69,"f:355:16:355:32":8,"s:359:18:359:Infinity":70,"b:360:2:363:Infinity:undefined:undefined:undefined:undefined":29,"s:360:2:363:Infinity":71,"s:362:4:362:Infinity":72,"s:364:2:367:Infinity":73,"f:373:16:373:32":9,"s:374:2:374:Infinity":74,"f:385:22:385:Infinity":10,"s:389:39:389:Infinity":75,"s:391:2:413:Infinity":76,"s:392:4:412:Infinity":77,"s:394:22:394:Infinity":78,"b:394:47:394:53:394:53:394:Infinity":30,"s:396:23:396:Infinity":79,"b:397:6:400:Infinity:undefined:undefined:undefined:undefined":31,"s:397:6:400:Infinity":80,"s:398:8:398:Infinity":81,"s:399:8:399:Infinity":82,"s:402:26:402:Infinity":83,"b:402:26:402:66:402:66:402:Infinity":32,"s:403:26:403:Infinity":84,"s:404:21:404:Infinity":85,"s:406:6:409:Infinity":86,"s:411:6:411:Infinity":87,"s:415:2:415:Infinity":88}}}
,"/Volumes/SSD-01/Projects/Footprint/footprint/lib/ai/replicate.ts": {"path":"/Volumes/SSD-01/Projects/Footprint/footprint/lib/ai/replicate.ts","statementMap":{"0":{"start":{"line":24,"column":52},"end":{"line":31,"column":null}},"1":{"start":{"line":38,"column":56},"end":{"line":56,"column":null}},"2":{"start":{"line":61,"column":22},"end":{"line":61,"column":null}},"3":{"start":{"line":66,"column":23},"end":{"line":71,"column":null}},"4":{"start":{"line":77,"column":2},"end":{"line":77,"column":null}},"5":{"start":{"line":77,"column":14},"end":{"line":77,"column":null}},"6":{"start":{"line":78,"column":2},"end":{"line":78,"column":null}},"7":{"start":{"line":86,"column":2},"end":{"line":88,"column":null}},"8":{"start":{"line":87,"column":4},"end":{"line":87,"column":null}},"9":{"start":{"line":89,"column":2},"end":{"line":89,"column":null}},"10":{"start":{"line":97,"column":16},"end":{"line":97,"column":null}},"11":{"start":{"line":98,"column":2},"end":{"line":100,"column":null}},"12":{"start":{"line":99,"column":4},"end":{"line":99,"column":null}},"13":{"start":{"line":101,"column":2},"end":{"line":101,"column":null}},"14":{"start":{"line":116,"column":20},"end":{"line":116,"column":null}},"15":{"start":{"line":117,"column":17},"end":{"line":117,"column":null}},"16":{"start":{"line":119,"column":17},"end":{"line":125,"column":null}},"17":{"start":{"line":128,"column":2},"end":{"line":130,"column":null}},"18":{"start":{"line":129,"column":4},"end":{"line":129,"column":null}},"19":{"start":{"line":132,"column":2},"end":{"line":137,"column":null}},"20":{"start":{"line":133,"column":4},"end":{"line":135,"column":null}},"21":{"start":{"line":134,"column":6},"end":{"line":134,"column":null}},"22":{"start":{"line":136,"column":4},"end":{"line":136,"column":null}},"23":{"start":{"line":139,"column":2},"end":{"line":139,"column":null}},"24":{"start":{"line":146,"column":2},"end":{"line":146,"column":null}},"25":{"start":{"line":146,"column":34},"end":{"line":146,"column":57}},"26":{"start":{"line":165,"column":25},"end":{"line":165,"column":null}},"27":{"start":{"line":167,"column":2},"end":{"line":179,"column":null}},"28":{"start":{"line":167,"column":21},"end":{"line":167,"column":24}},"29":{"start":{"line":168,"column":4},"end":{"line":178,"column":null}},"30":{"start":{"line":169,"column":6},"end":{"line":169,"column":null}},"31":{"start":{"line":171,"column":6},"end":{"line":171,"column":null}},"32":{"start":{"line":173,"column":6},"end":{"line":177,"column":null}},"33":{"start":{"line":175,"column":26},"end":{"line":175,"column":null}},"34":{"start":{"line":176,"column":8},"end":{"line":176,"column":null}},"35":{"start":{"line":181,"column":2},"end":{"line":181,"column":null}}},"fnMap":{"0":{"name":"isValidStyle","decl":{"start":{"line":76,"column":16},"end":{"line":76,"column":29}},"loc":{"start":{"line":76,"column":64},"end":{"line":79,"column":null}},"line":76},"1":{"name":"getStylePrompt","decl":{"start":{"line":85,"column":16},"end":{"line":85,"column":31}},"loc":{"start":{"line":85,"column":57},"end":{"line":90,"column":null}},"line":85},"2":{"name":"getReplicateClient","decl":{"start":{"line":96,"column":9},"end":{"line":96,"column":41}},"loc":{"start":{"line":96,"column":41},"end":{"line":102,"column":null}},"line":96},"3":{"name":"transformImage","decl":{"start":{"line":112,"column":22},"end":{"line":112,"column":null}},"loc":{"start":{"line":115,"column":19},"end":{"line":140,"column":null}},"line":115},"4":{"name":"delay","decl":{"start":{"line":145,"column":9},"end":{"line":145,"column":15}},"loc":{"start":{"line":145,"column":42},"end":{"line":147,"column":null}},"line":145},"5":{"name":"(anonymous_5)","decl":{"start":{"line":146,"column":21},"end":{"line":146,"column":22}},"loc":{"start":{"line":146,"column":34},"end":{"line":146,"column":57}},"line":146},"6":{"name":"transformWithRetry","decl":{"start":{"line":160,"column":22},"end":{"line":160,"column":null}},"loc":{"start":{"line":164,"column":19},"end":{"line":182,"column":null}},"line":164}},"branchMap":{"0":{"loc":{"start":{"line":77,"column":2},"end":{"line":77,"column":null}},"type":"if","locations":[{"start":{"line":77,"column":2},"end":{"line":77,"column":null}},{"start":{},"end":{}}],"line":77},"1":{"loc":{"start":{"line":86,"column":2},"end":{"line":88,"column":null}},"type":"if","locations":[{"start":{"line":86,"column":2},"end":{"line":88,"column":null}},{"start":{},"end":{}}],"line":86},"2":{"loc":{"start":{"line":98,"column":2},"end":{"line":100,"column":null}},"type":"if","locations":[{"start":{"line":98,"column":2},"end":{"line":100,"column":null}},{"start":{},"end":{}}],"line":98},"3":{"loc":{"start":{"line":128,"column":2},"end":{"line":130,"column":null}},"type":"if","locations":[{"start":{"line":128,"column":2},"end":{"line":130,"column":null}},{"start":{},"end":{}}],"line":128},"4":{"loc":{"start":{"line":132,"column":2},"end":{"line":137,"column":null}},"type":"if","locations":[{"start":{"line":132,"column":2},"end":{"line":137,"column":null}},{"start":{},"end":{}}],"line":132},"5":{"loc":{"start":{"line":133,"column":4},"end":{"line":135,"column":null}},"type":"if","locations":[{"start":{"line":133,"column":4},"end":{"line":135,"column":null}},{"start":{},"end":{}}],"line":133},"6":{"loc":{"start":{"line":163,"column":2},"end":{"line":163,"column":null}},"type":"default-arg","locations":[{"start":{"line":163,"column":23},"end":{"line":163,"column":null}}],"line":163},"7":{"loc":{"start":{"line":171,"column":18},"end":{"line":171,"column":null}},"type":"cond-expr","locations":[{"start":{"line":171,"column":43},"end":{"line":171,"column":51}},{"start":{"line":171,"column":51},"end":{"line":171,"column":null}}],"line":171},"8":{"loc":{"start":{"line":173,"column":6},"end":{"line":177,"column":null}},"type":"if","locations":[{"start":{"line":173,"column":6},"end":{"line":177,"column":null}},{"start":{},"end":{}}],"line":173}},"s":{"0":0,"1":0,"2":0,"3":0,"4":0,"5":0,"6":0,"7":0,"8":0,"9":0,"10":0,"11":0,"12":0,"13":0,"14":0,"15":0,"16":0,"17":0,"18":0,"19":0,"20":0,"21":0,"22":0,"23":0,"24":0,"25":0,"26":0,"27":0,"28":0,"29":0,"30":0,"31":0,"32":0,"33":0,"34":0,"35":0},"f":{"0":0,"1":0,"2":0,"3":0,"4":0,"5":0,"6":0},"b":{"0":[0,0],"1":[0,0],"2":[0,0],"3":[0,0],"4":[0,0],"5":[0,0],"6":[0],"7":[0,0],"8":[0,0]},"meta":{"lastBranch":9,"lastFunction":7,"lastStatement":36,"seen":{"s:24:52:31:Infinity":0,"s:38:56:56:Infinity":1,"s:61:22:61:Infinity":2,"s:66:23:71:Infinity":3,"f:76:16:76:29":0,"b:77:2:77:Infinity:undefined:undefined:undefined:undefined":0,"s:77:2:77:Infinity":4,"s:77:14:77:Infinity":5,"s:78:2:78:Infinity":6,"f:85:16:85:31":1,"b:86:2:88:Infinity:undefined:undefined:undefined:undefined":1,"s:86:2:88:Infinity":7,"s:87:4:87:Infinity":8,"s:89:2:89:Infinity":9,"f:96:9:96:41":2,"s:97:16:97:Infinity":10,"b:98:2:100:Infinity:undefined:undefined:undefined:undefined":2,"s:98:2:100:Infinity":11,"s:99:4:99:Infinity":12,"s:101:2:101:Infinity":13,"f:112:22:112:Infinity":3,"s:116:20:116:Infinity":14,"s:117:17:117:Infinity":15,"s:119:17:125:Infinity":16,"b:128:2:130:Infinity:undefined:undefined:undefined:undefined":3,"s:128:2:130:Infinity":17,"s:129:4:129:Infinity":18,"b:132:2:137:Infinity:undefined:undefined:undefined:undefined":4,"s:132:2:137:Infinity":19,"b:133:4:135:Infinity:undefined:undefined:undefined:undefined":5,"s:133:4:135:Infinity":20,"s:134:6:134:Infinity":21,"s:136:4:136:Infinity":22,"s:139:2:139:Infinity":23,"f:145:9:145:15":4,"s:146:2:146:Infinity":24,"f:146:21:146:22":5,"s:146:34:146:57":25,"f:160:22:160:Infinity":6,"b:163:23:163:Infinity":6,"s:165:25:165:Infinity":26,"s:167:2:179:Infinity":27,"s:167:21:167:24":28,"s:168:4:178:Infinity":29,"s:169:6:169:Infinity":30,"s:171:6:171:Infinity":31,"b:171:43:171:51:171:51:171:Infinity":7,"b:173:6:177:Infinity:undefined:undefined:undefined:undefined":8,"s:173:6:177:Infinity":32,"s:175:26:175:Infinity":33,"s:176:8:176:Infinity":34,"s:181:2:181:Infinity":35}}}
,"/Volumes/SSD-01/Projects/Footprint/footprint/lib/ai/style-references.ts": {"path":"/Volumes/SSD-01/Projects/Footprint/footprint/lib/ai/style-references.ts","statementMap":{"0":{"start":{"line":39,"column":64},"end":{"line":105,"column":null}},"1":{"start":{"line":111,"column":17},"end":{"line":111,"column":null}},"2":{"start":{"line":112,"column":2},"end":{"line":114,"column":null}},"3":{"start":{"line":113,"column":4},"end":{"line":113,"column":null}},"4":{"start":{"line":115,"column":2},"end":{"line":115,"column":null}},"5":{"start":{"line":115,"column":40},"end":{"line":115,"column":48}},"6":{"start":{"line":122,"column":17},"end":{"line":122,"column":null}},"7":{"start":{"line":123,"column":2},"end":{"line":123,"column":null}},"8":{"start":{"line":130,"column":17},"end":{"line":130,"column":null}},"9":{"start":{"line":131,"column":2},"end":{"line":131,"column":null}}},"fnMap":{"0":{"name":"getStyleReferences","decl":{"start":{"line":110,"column":16},"end":{"line":110,"column":35}},"loc":{"start":{"line":110,"column":63},"end":{"line":116,"column":null}},"line":110},"1":{"name":"(anonymous_1)","decl":{"start":{"line":115,"column":31},"end":{"line":115,"column":32}},"loc":{"start":{"line":115,"column":40},"end":{"line":115,"column":48}},"line":115},"2":{"name":"getStyleReferencePrompt","decl":{"start":{"line":121,"column":16},"end":{"line":121,"column":40}},"loc":{"start":{"line":121,"column":66},"end":{"line":124,"column":null}},"line":121},"3":{"name":"hasStyleReferences","decl":{"start":{"line":129,"column":16},"end":{"line":129,"column":35}},"loc":{"start":{"line":129,"column":62},"end":{"line":132,"column":null}},"line":129}},"branchMap":{"0":{"loc":{"start":{"line":112,"column":2},"end":{"line":114,"column":null}},"type":"if","locations":[{"start":{"line":112,"column":2},"end":{"line":114,"column":null}},{"start":{},"end":{}}],"line":112},"1":{"loc":{"start":{"line":112,"column":6},"end":{"line":112,"column":63}},"type":"binary-expr","locations":[{"start":{"line":112,"column":6},"end":{"line":112,"column":31}},{"start":{"line":112,"column":31},"end":{"line":112,"column":63}}],"line":112},"2":{"loc":{"start":{"line":131,"column":9},"end":{"line":131,"column":null}},"type":"binary-expr","locations":[{"start":{"line":131,"column":9},"end":{"line":131,"column":33}},{"start":{"line":131,"column":33},"end":{"line":131,"column":null}}],"line":131}},"s":{"0":0,"1":0,"2":0,"3":0,"4":0,"5":0,"6":0,"7":0,"8":0,"9":0},"f":{"0":0,"1":0,"2":0,"3":0},"b":{"0":[0,0],"1":[0,0],"2":[0,0]},"meta":{"lastBranch":3,"lastFunction":4,"lastStatement":10,"seen":{"s:39:64:105:Infinity":0,"f:110:16:110:35":0,"s:111:17:111:Infinity":1,"b:112:2:114:Infinity:undefined:undefined:undefined:undefined":0,"s:112:2:114:Infinity":2,"b:112:6:112:31:112:31:112:63":1,"s:113:4:113:Infinity":3,"s:115:2:115:Infinity":4,"f:115:31:115:32":1,"s:115:40:115:48":5,"f:121:16:121:40":2,"s:122:17:122:Infinity":6,"s:123:2:123:Infinity":7,"f:129:16:129:35":3,"s:130:17:130:Infinity":8,"s:131:2:131:Infinity":9,"b:131:9:131:33:131:33:131:Infinity":2}}}
,"/Volumes/SSD-01/Projects/Footprint/footprint/lib/ai/styles-config.ts": {"path":"/Volumes/SSD-01/Projects/Footprint/footprint/lib/ai/styles-config.ts","statementMap":{"0":{"start":{"line":101,"column":59},"end":{"line":343,"column":null}},"1":{"start":{"line":349,"column":2},"end":{"line":349,"column":null}},"2":{"start":{"line":356,"column":17},"end":{"line":356,"column":null}},"3":{"start":{"line":357,"column":2},"end":{"line":359,"column":null}},"4":{"start":{"line":358,"column":4},"end":{"line":358,"column":null}},"5":{"start":{"line":360,"column":2},"end":{"line":360,"column":null}},"6":{"start":{"line":367,"column":2},"end":{"line":367,"column":null}},"7":{"start":{"line":374,"column":2},"end":{"line":374,"column":null}},"8":{"start":{"line":380,"column":25},"end":{"line":380,"column":null}}},"fnMap":{"0":{"name":"getAllStyles","decl":{"start":{"line":348,"column":16},"end":{"line":348,"column":46}},"loc":{"start":{"line":348,"column":46},"end":{"line":350,"column":null}},"line":348},"1":{"name":"getStyleConfig","decl":{"start":{"line":355,"column":16},"end":{"line":355,"column":31}},"loc":{"start":{"line":355,"column":62},"end":{"line":361,"column":null}},"line":355},"2":{"name":"getStylePrompt","decl":{"start":{"line":366,"column":16},"end":{"line":366,"column":31}},"loc":{"start":{"line":366,"column":57},"end":{"line":368,"column":null}},"line":366},"3":{"name":"isValidStyleId","decl":{"start":{"line":373,"column":16},"end":{"line":373,"column":31}},"loc":{"start":{"line":373,"column":58},"end":{"line":375,"column":null}},"line":373}},"branchMap":{"0":{"loc":{"start":{"line":357,"column":2},"end":{"line":359,"column":null}},"type":"if","locations":[{"start":{"line":357,"column":2},"end":{"line":359,"column":null}},{"start":{},"end":{}}],"line":357}},"s":{"0":0,"1":0,"2":0,"3":0,"4":0,"5":0,"6":0,"7":0,"8":0},"f":{"0":0,"1":0,"2":0,"3":0},"b":{"0":[0,0]},"meta":{"lastBranch":1,"lastFunction":4,"lastStatement":9,"seen":{"s:101:59:343:Infinity":0,"f:348:16:348:46":0,"s:349:2:349:Infinity":1,"f:355:16:355:31":1,"s:356:17:356:Infinity":2,"b:357:2:359:Infinity:undefined:undefined:undefined:undefined":0,"s:357:2:359:Infinity":3,"s:358:4:358:Infinity":4,"s:360:2:360:Infinity":5,"f:366:16:366:31":2,"s:367:2:367:Infinity":6,"f:373:16:373:31":3,"s:374:2:374:Infinity":7,"s:380:25:380:Infinity":8}}}
,"/Volumes/SSD-01/Projects/Footprint/footprint/lib/api/client.ts": {"path":"/Volumes/SSD-01/Projects/Footprint/footprint/lib/api/client.ts","statementMap":{"0":{"start":{"line":17,"column":17},"end":{"line":17,"column":null}},"1":{"start":{"line":20,"column":30},"end":{"line":20,"column":null}}},"fnMap":{},"branchMap":{"0":{"loc":{"start":{"line":20,"column":30},"end":{"line":20,"column":null}},"type":"cond-expr","locations":[{"start":{"line":20,"column":41},"end":{"line":20,"column":54}},{"start":{"line":20,"column":54},"end":{"line":20,"column":null}}],"line":20}},"s":{"0":0,"1":0},"f":{},"b":{"0":[0,0]},"meta":{"lastBranch":1,"lastFunction":0,"lastStatement":2,"seen":{"s:17:17:17:Infinity":0,"s:20:30:20:Infinity":1,"b:20:41:20:54:20:54:20:Infinity":0}}}
,"/Volumes/SSD-01/Projects/Footprint/footprint/lib/api/mock.ts": {"path":"/Volumes/SSD-01/Projects/Footprint/footprint/lib/api/mock.ts","statementMap":{"0":{"start":{"line":15,"column":14},"end":{"line":15,"column":null}},"1":{"start":{"line":15,"column":30},"end":{"line":15,"column":null}},"2":{"start":{"line":15,"column":53},"end":{"line":15,"column":76}},"3":{"start":{"line":18,"column":28},"end":{"line":18,"column":null}},"4":{"start":{"line":19,"column":28},"end":{"line":19,"column":null}},"5":{"start":{"line":25,"column":28},"end":{"line":32,"column":null}},"6":{"start":{"line":34,"column":26},"end":{"line":39,"column":null}},"7":{"start":{"line":41,"column":28},"end":{"line":45,"column":null}},"8":{"start":{"line":47,"column":28},"end":{"line":52,"column":null}},"9":{"start":{"line":58,"column":37},"end":{"line":263,"column":null}},"10":{"start":{"line":62,"column":6},"end":{"line":62,"column":null}},"11":{"start":{"line":64,"column":6},"end":{"line":72,"column":null}},"12":{"start":{"line":73,"column":6},"end":{"line":73,"column":null}},"13":{"start":{"line":77,"column":6},"end":{"line":77,"column":null}},"14":{"start":{"line":78,"column":6},"end":{"line":87,"column":null}},"15":{"start":{"line":88,"column":6},"end":{"line":88,"column":null}},"16":{"start":{"line":92,"column":6},"end":{"line":92,"column":null}},"17":{"start":{"line":93,"column":6},"end":{"line":93,"column":null}},"18":{"start":{"line":97,"column":6},"end":{"line":97,"column":null}},"19":{"start":{"line":98,"column":6},"end":{"line":98,"column":null}},"20":{"start":{"line":102,"column":6},"end":{"line":102,"column":null}},"21":{"start":{"line":103,"column":6},"end":{"line":103,"column":null}},"22":{"start":{"line":110,"column":6},"end":{"line":110,"column":null}},"23":{"start":{"line":111,"column":27},"end":{"line":145,"column":null}},"24":{"start":{"line":115,"column":49},"end":{"line":126,"column":10}},"25":{"start":{"line":146,"column":6},"end":{"line":146,"column":null}},"26":{"start":{"line":147,"column":6},"end":{"line":147,"column":null}},"27":{"start":{"line":151,"column":6},"end":{"line":151,"column":null}},"28":{"start":{"line":152,"column":20},"end":{"line":152,"column":null}},"29":{"start":{"line":152,"column":41},"end":{"line":152,"column":52}},"30":{"start":{"line":153,"column":6},"end":{"line":153,"column":null}},"31":{"start":{"line":153,"column":18},"end":{"line":153,"column":null}},"32":{"start":{"line":154,"column":6},"end":{"line":154,"column":null}},"33":{"start":{"line":158,"column":6},"end":{"line":158,"column":null}},"34":{"start":{"line":159,"column":6},"end":{"line":161,"column":null}},"35":{"start":{"line":160,"column":8},"end":{"line":160,"column":null}},"36":{"start":{"line":160,"column":38},"end":{"line":160,"column":57}},"37":{"start":{"line":162,"column":6},"end":{"line":162,"column":null}},"38":{"start":{"line":166,"column":6},"end":{"line":166,"column":null}},"39":{"start":{"line":167,"column":20},"end":{"line":167,"column":null}},"40":{"start":{"line":167,"column":41},"end":{"line":167,"column":52}},"41":{"start":{"line":168,"column":6},"end":{"line":168,"column":null}},"42":{"start":{"line":168,"column":18},"end":{"line":168,"column":null}},"43":{"start":{"line":169,"column":6},"end":{"line":169,"column":null}},"44":{"start":{"line":170,"column":6},"end":{"line":170,"column":null}},"45":{"start":{"line":171,"column":6},"end":{"line":171,"column":null}},"46":{"start":{"line":171,"column":29},"end":{"line":171,"column":null}},"47":{"start":{"line":172,"column":6},"end":{"line":172,"column":null}},"48":{"start":{"line":172,"column":32},"end":{"line":172,"column":null}},"49":{"start":{"line":173,"column":6},"end":{"line":173,"column":null}},"50":{"start":{"line":173,"column":34},"end":{"line":173,"column":null}},"51":{"start":{"line":174,"column":6},"end":{"line":174,"column":null}},"52":{"start":{"line":178,"column":6},"end":{"line":178,"column":null}},"53":{"start":{"line":179,"column":20},"end":{"line":179,"column":null}},"54":{"start":{"line":179,"column":41},"end":{"line":179,"column":52}},"55":{"start":{"line":180,"column":6},"end":{"line":180,"column":null}},"56":{"start":{"line":180,"column":18},"end":{"line":180,"column":null}},"57":{"start":{"line":181,"column":6},"end":{"line":181,"column":null}},"58":{"start":{"line":182,"column":6},"end":{"line":182,"column":null}},"59":{"start":{"line":183,"column":6},"end":{"line":183,"column":null}},"60":{"start":{"line":184,"column":6},"end":{"line":184,"column":null}},"61":{"start":{"line":191,"column":6},"end":{"line":191,"column":null}},"62":{"start":{"line":192,"column":6},"end":{"line":192,"column":null}},"63":{"start":{"line":196,"column":6},"end":{"line":196,"column":null}},"64":{"start":{"line":197,"column":6},"end":{"line":197,"column":null}},"65":{"start":{"line":201,"column":6},"end":{"line":201,"column":null}},"66":{"start":{"line":202,"column":6},"end":{"line":202,"column":null}},"67":{"start":{"line":206,"column":6},"end":{"line":206,"column":null}},"68":{"start":{"line":207,"column":6},"end":{"line":207,"column":null}},"69":{"start":{"line":211,"column":6},"end":{"line":211,"column":null}},"70":{"start":{"line":212,"column":19},"end":{"line":212,"column":null}},"71":{"start":{"line":212,"column":39},"end":{"line":212,"column":59}},"72":{"start":{"line":213,"column":20},"end":{"line":213,"column":null}},"73":{"start":{"line":213,"column":41},"end":{"line":213,"column":66}},"74":{"start":{"line":214,"column":20},"end":{"line":214,"column":null}},"75":{"start":{"line":214,"column":41},"end":{"line":214,"column":66}},"76":{"start":{"line":216,"column":24},"end":{"line":216,"column":null}},"77":{"start":{"line":217,"column":28},"end":{"line":217,"column":null}},"78":{"start":{"line":218,"column":25},"end":{"line":218,"column":null}},"79":{"start":{"line":219,"column":23},"end":{"line":219,"column":null}},"80":{"start":{"line":220,"column":23},"end":{"line":220,"column":null}},"81":{"start":{"line":221,"column":23},"end":{"line":221,"column":null}},"82":{"start":{"line":222,"column":20},"end":{"line":222,"column":null}},"83":{"start":{"line":224,"column":6},"end":{"line":232,"column":null}},"84":{"start":{"line":239,"column":6},"end":{"line":239,"column":null}},"85":{"start":{"line":240,"column":6},"end":{"line":240,"column":null}},"86":{"start":{"line":240,"column":42},"end":{"line":240,"column":null}},"87":{"start":{"line":241,"column":6},"end":{"line":241,"column":null}},"88":{"start":{"line":245,"column":6},"end":{"line":245,"column":null}},"89":{"start":{"line":246,"column":6},"end":{"line":249,"column":null}},"90":{"start":{"line":247,"column":8},"end":{"line":247,"column":null}},"91":{"start":{"line":248,"column":8},"end":{"line":248,"column":null}},"92":{"start":{"line":250,"column":6},"end":{"line":250,"column":null}},"93":{"start":{"line":254,"column":6},"end":{"line":254,"column":null}},"94":{"start":{"line":255,"column":6},"end":{"line":255,"column":null}},"95":{"start":{"line":259,"column":6},"end":{"line":259,"column":null}},"96":{"start":{"line":260,"column":6},"end":{"line":260,"column":null}}},"fnMap":{"0":{"name":"(anonymous_0)","decl":{"start":{"line":15,"column":14},"end":{"line":15,"column":15}},"loc":{"start":{"line":15,"column":30},"end":{"line":15,"column":null}},"line":15},"1":{"name":"(anonymous_1)","decl":{"start":{"line":15,"column":42},"end":{"line":15,"column":53}},"loc":{"start":{"line":15,"column":53},"end":{"line":15,"column":76}},"line":15},"2":{"name":"(anonymous_2)","decl":{"start":{"line":61,"column":10},"end":{"line":61,"column":16}},"loc":{"start":{"line":61,"column":37},"end":{"line":74,"column":null}},"line":61},"3":{"name":"(anonymous_3)","decl":{"start":{"line":76,"column":10},"end":{"line":76,"column":19}},"loc":{"start":{"line":76,"column":53},"end":{"line":89,"column":null}},"line":76},"4":{"name":"(anonymous_4)","decl":{"start":{"line":91,"column":10},"end":{"line":91,"column":19}},"loc":{"start":{"line":91,"column":19},"end":{"line":94,"column":null}},"line":91},"5":{"name":"(anonymous_5)","decl":{"start":{"line":96,"column":10},"end":{"line":96,"column":23}},"loc":{"start":{"line":96,"column":23},"end":{"line":99,"column":null}},"line":96},"6":{"name":"(anonymous_6)","decl":{"start":{"line":101,"column":10},"end":{"line":101,"column":24}},"loc":{"start":{"line":101,"column":31},"end":{"line":104,"column":null}},"line":101},"7":{"name":"(anonymous_7)","decl":{"start":{"line":109,"column":10},"end":{"line":109,"column":17}},"loc":{"start":{"line":109,"column":24},"end":{"line":148,"column":null}},"line":109},"8":{"name":"(anonymous_8)","decl":{"start":{"line":115,"column":31},"end":{"line":115,"column":32}},"loc":{"start":{"line":115,"column":49},"end":{"line":126,"column":10}},"line":115},"9":{"name":"(anonymous_9)","decl":{"start":{"line":150,"column":10},"end":{"line":150,"column":14}},"loc":{"start":{"line":150,"column":18},"end":{"line":155,"column":null}},"line":150},"10":{"name":"(anonymous_10)","decl":{"start":{"line":152,"column":36},"end":{"line":152,"column":41}},"loc":{"start":{"line":152,"column":41},"end":{"line":152,"column":52}},"line":152},"11":{"name":"(anonymous_11)","decl":{"start":{"line":157,"column":10},"end":{"line":157,"column":15}},"loc":{"start":{"line":157,"column":23},"end":{"line":163,"column":null}},"line":157},"12":{"name":"(anonymous_12)","decl":{"start":{"line":160,"column":33},"end":{"line":160,"column":38}},"loc":{"start":{"line":160,"column":38},"end":{"line":160,"column":57}},"line":160},"13":{"name":"(anonymous_13)","decl":{"start":{"line":165,"column":10},"end":{"line":165,"column":23}},"loc":{"start":{"line":165,"column":35},"end":{"line":175,"column":null}},"line":165},"14":{"name":"(anonymous_14)","decl":{"start":{"line":167,"column":36},"end":{"line":167,"column":41}},"loc":{"start":{"line":167,"column":41},"end":{"line":167,"column":52}},"line":167},"15":{"name":"(anonymous_15)","decl":{"start":{"line":177,"column":10},"end":{"line":177,"column":22}},"loc":{"start":{"line":177,"column":51},"end":{"line":185,"column":null}},"line":177},"16":{"name":"(anonymous_16)","decl":{"start":{"line":179,"column":36},"end":{"line":179,"column":41}},"loc":{"start":{"line":179,"column":41},"end":{"line":179,"column":52}},"line":179},"17":{"name":"(anonymous_17)","decl":{"start":{"line":190,"column":10},"end":{"line":190,"column":22}},"loc":{"start":{"line":190,"column":22},"end":{"line":193,"column":null}},"line":190},"18":{"name":"(anonymous_18)","decl":{"start":{"line":195,"column":10},"end":{"line":195,"column":21}},"loc":{"start":{"line":195,"column":21},"end":{"line":198,"column":null}},"line":195},"19":{"name":"(anonymous_19)","decl":{"start":{"line":200,"column":10},"end":{"line":200,"column":22}},"loc":{"start":{"line":200,"column":22},"end":{"line":203,"column":null}},"line":200},"20":{"name":"(anonymous_20)","decl":{"start":{"line":205,"column":10},"end":{"line":205,"column":22}},"loc":{"start":{"line":205,"column":22},"end":{"line":208,"column":null}},"line":205},"21":{"name":"(anonymous_21)","decl":{"start":{"line":210,"column":10},"end":{"line":210,"column":25}},"loc":{"start":{"line":210,"column":33},"end":{"line":233,"column":null}},"line":210},"22":{"name":"(anonymous_22)","decl":{"start":{"line":212,"column":34},"end":{"line":212,"column":39}},"loc":{"start":{"line":212,"column":39},"end":{"line":212,"column":59}},"line":212},"23":{"name":"(anonymous_23)","decl":{"start":{"line":213,"column":36},"end":{"line":213,"column":41}},"loc":{"start":{"line":213,"column":41},"end":{"line":213,"column":66}},"line":213},"24":{"name":"(anonymous_24)","decl":{"start":{"line":214,"column":36},"end":{"line":214,"column":41}},"loc":{"start":{"line":214,"column":41},"end":{"line":214,"column":66}},"line":214},"25":{"name":"(anonymous_25)","decl":{"start":{"line":238,"column":10},"end":{"line":238,"column":14}},"loc":{"start":{"line":238,"column":18},"end":{"line":242,"column":null}},"line":238},"26":{"name":"(anonymous_26)","decl":{"start":{"line":244,"column":10},"end":{"line":244,"column":17}},"loc":{"start":{"line":244,"column":27},"end":{"line":251,"column":null}},"line":244},"27":{"name":"(anonymous_27)","decl":{"start":{"line":253,"column":10},"end":{"line":253,"column":23}},"loc":{"start":{"line":253,"column":31},"end":{"line":256,"column":null}},"line":253},"28":{"name":"(anonymous_28)","decl":{"start":{"line":258,"column":10},"end":{"line":258,"column":21}},"loc":{"start":{"line":258,"column":38},"end":{"line":261,"column":null}},"line":258}},"branchMap":{"0":{"loc":{"start":{"line":113,"column":16},"end":{"line":113,"column":null}},"type":"binary-expr","locations":[{"start":{"line":113,"column":16},"end":{"line":113,"column":32}},{"start":{"line":113,"column":32},"end":{"line":113,"column":null}}],"line":113},"1":{"loc":{"start":{"line":119,"column":31},"end":{"line":119,"column":null}},"type":"binary-expr","locations":[{"start":{"line":119,"column":31},"end":{"line":119,"column":59}},{"start":{"line":119,"column":59},"end":{"line":119,"column":null}}],"line":119},"2":{"loc":{"start":{"line":132,"column":21},"end":{"line":132,"column":null}},"type":"binary-expr","locations":[{"start":{"line":132,"column":21},"end":{"line":132,"column":42}},{"start":{"line":132,"column":42},"end":{"line":132,"column":null}}],"line":132},"3":{"loc":{"start":{"line":133,"column":18},"end":{"line":133,"column":null}},"type":"binary-expr","locations":[{"start":{"line":133,"column":18},"end":{"line":133,"column":36}},{"start":{"line":133,"column":36},"end":{"line":133,"column":null}}],"line":133},"4":{"loc":{"start":{"line":134,"column":31},"end":{"line":134,"column":null}},"type":"binary-expr","locations":[{"start":{"line":134,"column":31},"end":{"line":134,"column":62}},{"start":{"line":134,"column":62},"end":{"line":134,"column":null}}],"line":134},"5":{"loc":{"start":{"line":136,"column":24},"end":{"line":136,"column":null}},"type":"binary-expr","locations":[{"start":{"line":136,"column":24},"end":{"line":136,"column":48}},{"start":{"line":136,"column":48},"end":{"line":136,"column":null}}],"line":136},"6":{"loc":{"start":{"line":153,"column":6},"end":{"line":153,"column":null}},"type":"if","locations":[{"start":{"line":153,"column":6},"end":{"line":153,"column":null}},{"start":{},"end":{}}],"line":153},"7":{"loc":{"start":{"line":159,"column":6},"end":{"line":161,"column":null}},"type":"if","locations":[{"start":{"line":159,"column":6},"end":{"line":161,"column":null}},{"start":{},"end":{}}],"line":159},"8":{"loc":{"start":{"line":168,"column":6},"end":{"line":168,"column":null}},"type":"if","locations":[{"start":{"line":168,"column":6},"end":{"line":168,"column":null}},{"start":{},"end":{}}],"line":168},"9":{"loc":{"start":{"line":171,"column":6},"end":{"line":171,"column":null}},"type":"if","locations":[{"start":{"line":171,"column":6},"end":{"line":171,"column":null}},{"start":{},"end":{}}],"line":171},"10":{"loc":{"start":{"line":172,"column":6},"end":{"line":172,"column":null}},"type":"if","locations":[{"start":{"line":172,"column":6},"end":{"line":172,"column":null}},{"start":{},"end":{}}],"line":172},"11":{"loc":{"start":{"line":173,"column":6},"end":{"line":173,"column":null}},"type":"if","locations":[{"start":{"line":173,"column":6},"end":{"line":173,"column":null}},{"start":{},"end":{}}],"line":173},"12":{"loc":{"start":{"line":180,"column":6},"end":{"line":180,"column":null}},"type":"if","locations":[{"start":{"line":180,"column":6},"end":{"line":180,"column":null}},{"start":{},"end":{}}],"line":180},"13":{"loc":{"start":{"line":220,"column":23},"end":{"line":220,"column":null}},"type":"cond-expr","locations":[{"start":{"line":220,"column":41},"end":{"line":220,"column":45}},{"start":{"line":220,"column":45},"end":{"line":220,"column":null}}],"line":220},"14":{"loc":{"start":{"line":240,"column":6},"end":{"line":240,"column":null}},"type":"if","locations":[{"start":{"line":240,"column":6},"end":{"line":240,"column":null}},{"start":{},"end":{}}],"line":240},"15":{"loc":{"start":{"line":240,"column":10},"end":{"line":240,"column":42}},"type":"binary-expr","locations":[{"start":{"line":240,"column":10},"end":{"line":240,"column":22}},{"start":{"line":240,"column":22},"end":{"line":240,"column":42}}],"line":240},"16":{"loc":{"start":{"line":246,"column":6},"end":{"line":249,"column":null}},"type":"if","locations":[{"start":{"line":246,"column":6},"end":{"line":249,"column":null}},{"start":{},"end":{}}],"line":246},"17":{"loc":{"start":{"line":246,"column":10},"end":{"line":246,"column":42}},"type":"binary-expr","locations":[{"start":{"line":246,"column":10},"end":{"line":246,"column":22}},{"start":{"line":246,"column":22},"end":{"line":246,"column":42}}],"line":246}},"s":{"0":0,"1":0,"2":0,"3":0,"4":0,"5":0,"6":0,"7":0,"8":0,"9":0,"10":0,"11":0,"12":0,"13":0,"14":0,"15":0,"16":0,"17":0,"18":0,"19":0,"20":0,"21":0,"22":0,"23":0,"24":0,"25":0,"26":0,"27":0,"28":0,"29":0,"30":0,"31":0,"32":0,"33":0,"34":0,"35":0,"36":0,"37":0,"38":0,"39":0,"40":0,"41":0,"42":0,"43":0,"44":0,"45":0,"46":0,"47":0,"48":0,"49":0,"50":0,"51":0,"52":0,"53":0,"54":0,"55":0,"56":0,"57":0,"58":0,"59":0,"60":0,"61":0,"62":0,"63":0,"64":0,"65":0,"66":0,"67":0,"68":0,"69":0,"70":0,"71":0,"72":0,"73":0,"74":0,"75":0,"76":0,"77":0,"78":0,"79":0,"80":0,"81":0,"82":0,"83":0,"84":0,"85":0,"86":0,"87":0,"88":0,"89":0,"90":0,"91":0,"92":0,"93":0,"94":0,"95":0,"96":0},"f":{"0":0,"1":0,"2":0,"3":0,"4":0,"5":0,"6":0,"7":0,"8":0,"9":0,"10":0,"11":0,"12":0,"13":0,"14":0,"15":0,"16":0,"17":0,"18":0,"19":0,"20":0,"21":0,"22":0,"23":0,"24":0,"25":0,"26":0,"27":0,"28":0},"b":{"0":[0,0],"1":[0,0],"2":[0,0],"3":[0,0],"4":[0,0],"5":[0,0],"6":[0,0],"7":[0,0],"8":[0,0],"9":[0,0],"10":[0,0],"11":[0,0],"12":[0,0],"13":[0,0],"14":[0,0],"15":[0,0],"16":[0,0],"17":[0,0]},"meta":{"lastBranch":18,"lastFunction":29,"lastStatement":97,"seen":{"s:15:14:15:Infinity":0,"f:15:14:15:15":0,"s:15:30:15:Infinity":1,"f:15:42:15:53":1,"s:15:53:15:76":2,"s:18:28:18:Infinity":3,"s:19:28:19:Infinity":4,"s:25:28:32:Infinity":5,"s:34:26:39:Infinity":6,"s:41:28:45:Infinity":7,"s:47:28:52:Infinity":8,"s:58:37:263:Infinity":9,"f:61:10:61:16":2,"s:62:6:62:Infinity":10,"s:64:6:72:Infinity":11,"s:73:6:73:Infinity":12,"f:76:10:76:19":3,"s:77:6:77:Infinity":13,"s:78:6:87:Infinity":14,"s:88:6:88:Infinity":15,"f:91:10:91:19":4,"s:92:6:92:Infinity":16,"s:93:6:93:Infinity":17,"f:96:10:96:23":5,"s:97:6:97:Infinity":18,"s:98:6:98:Infinity":19,"f:101:10:101:24":6,"s:102:6:102:Infinity":20,"s:103:6:103:Infinity":21,"f:109:10:109:17":7,"s:110:6:110:Infinity":22,"s:111:27:145:Infinity":23,"b:113:16:113:32:113:32:113:Infinity":0,"f:115:31:115:32":8,"s:115:49:126:10":24,"b:119:31:119:59:119:59:119:Infinity":1,"b:132:21:132:42:132:42:132:Infinity":2,"b:133:18:133:36:133:36:133:Infinity":3,"b:134:31:134:62:134:62:134:Infinity":4,"b:136:24:136:48:136:48:136:Infinity":5,"s:146:6:146:Infinity":25,"s:147:6:147:Infinity":26,"f:150:10:150:14":9,"s:151:6:151:Infinity":27,"s:152:20:152:Infinity":28,"f:152:36:152:41":10,"s:152:41:152:52":29,"b:153:6:153:Infinity:undefined:undefined:undefined:undefined":6,"s:153:6:153:Infinity":30,"s:153:18:153:Infinity":31,"s:154:6:154:Infinity":32,"f:157:10:157:15":11,"s:158:6:158:Infinity":33,"b:159:6:161:Infinity:undefined:undefined:undefined:undefined":7,"s:159:6:161:Infinity":34,"s:160:8:160:Infinity":35,"f:160:33:160:38":12,"s:160:38:160:57":36,"s:162:6:162:Infinity":37,"f:165:10:165:23":13,"s:166:6:166:Infinity":38,"s:167:20:167:Infinity":39,"f:167:36:167:41":14,"s:167:41:167:52":40,"b:168:6:168:Infinity:undefined:undefined:undefined:undefined":8,"s:168:6:168:Infinity":41,"s:168:18:168:Infinity":42,"s:169:6:169:Infinity":43,"s:170:6:170:Infinity":44,"b:171:6:171:Infinity:undefined:undefined:undefined:undefined":9,"s:171:6:171:Infinity":45,"s:171:29:171:Infinity":46,"b:172:6:172:Infinity:undefined:undefined:undefined:undefined":10,"s:172:6:172:Infinity":47,"s:172:32:172:Infinity":48,"b:173:6:173:Infinity:undefined:undefined:undefined:undefined":11,"s:173:6:173:Infinity":49,"s:173:34:173:Infinity":50,"s:174:6:174:Infinity":51,"f:177:10:177:22":15,"s:178:6:178:Infinity":52,"s:179:20:179:Infinity":53,"f:179:36:179:41":16,"s:179:41:179:52":54,"b:180:6:180:Infinity:undefined:undefined:undefined:undefined":12,"s:180:6:180:Infinity":55,"s:180:18:180:Infinity":56,"s:181:6:181:Infinity":57,"s:182:6:182:Infinity":58,"s:183:6:183:Infinity":59,"s:184:6:184:Infinity":60,"f:190:10:190:22":17,"s:191:6:191:Infinity":61,"s:192:6:192:Infinity":62,"f:195:10:195:21":18,"s:196:6:196:Infinity":63,"s:197:6:197:Infinity":64,"f:200:10:200:22":19,"s:201:6:201:Infinity":65,"s:202:6:202:Infinity":66,"f:205:10:205:22":20,"s:206:6:206:Infinity":6
[...]
,"column":8},"end":{"line":452,"column":null}},"68":{"start":{"line":456,"column":22},"end":{"line":456,"column":null}},"69":{"start":{"line":457,"column":8},"end":{"line":459,"column":null}},"70":{"start":{"line":458,"column":10},"end":{"line":458,"column":null}},"71":{"start":{"line":460,"column":8},"end":{"line":460,"column":null}},"72":{"start":{"line":464,"column":42},"end":{"line":464,"column":null}},"73":{"start":{"line":466,"column":40},"end":{"line":466,"column":null}},"74":{"start":{"line":469,"column":8},"end":{"line":469,"column":null}},"75":{"start":{"line":473,"column":8},"end":{"line":473,"column":null}},"76":{"start":{"line":477,"column":14},"end":{"line":477,"column":null}},"77":{"start":{"line":478,"column":8},"end":{"line":480,"column":null}},"78":{"start":{"line":479,"column":10},"end":{"line":479,"column":null}},"79":{"start":{"line":481,"column":8},"end":{"line":481,"column":null}},"80":{"start":{"line":485,"column":29},"end":{"line":485,"column":null}},"81":{"start":{"line":489,"column":14},"end":{"line":489,"column":null}},"82":{"start":{"line":490,"column":8},"end":{"line":492,"column":null}},"83":{"start":{"line":491,"column":10},"end":{"line":491,"column":null}},"84":{"start":{"line":493,"column":8},"end":{"line":493,"column":null}},"85":{"start":{"line":496,"column":28},"end":{"line":496,"column":null}},"86":{"start":{"line":499,"column":26},"end":{"line":499,"column":null}},"87":{"start":{"line":502,"column":19},"end":{"line":502,"column":null}},"88":{"start":{"line":506,"column":32},"end":{"line":508,"column":null}},"89":{"start":{"line":507,"column":8},"end":{"line":507,"column":null}},"90":{"start":{"line":509,"column":30},"end":{"line":534,"column":null}}},"fnMap":{"0":{"name":"(anonymous_0)","decl":{"start":{"line":262,"column":4},"end":{"line":262,"column":5}},"loc":{"start":{"line":262,"column":19},"end":{"line":503,"column":null}},"line":262},"1":{"name":"(anonymous_1)","decl":{"start":{"line":267,"column":22},"end":{"line":267,"column":23}},"loc":{"start":{"line":267,"column":33},"end":{"line":267,"column":null}},"line":267},"2":{"name":"(anonymous_2)","decl":{"start":{"line":270,"column":15},"end":{"line":270,"column":16}},"loc":{"start":{"line":270,"column":25},"end":{"line":270,"column":null}},"line":270},"3":{"name":"(anonymous_3)","decl":{"start":{"line":272,"column":16},"end":{"line":272,"column":22}},"loc":{"start":{"line":272,"column":22},"end":{"line":278,"column":null}},"line":272},"4":{"name":"(anonymous_4)","decl":{"start":{"line":280,"column":16},"end":{"line":280,"column":22}},"loc":{"start":{"line":280,"column":22},"end":{"line":286,"column":null}},"line":280},"5":{"name":"(anonymous_5)","decl":{"start":{"line":289,"column":24},"end":{"line":289,"column":25}},"loc":{"start":{"line":289,"column":39},"end":{"line":293,"column":null}},"line":289},"6":{"name":"(anonymous_6)","decl":{"start":{"line":295,"column":27},"end":{"line":295,"column":28}},"loc":{"start":{"line":295,"column":36},"end":{"line":295,"column":null}},"line":295},"7":{"name":"(anonymous_7)","decl":{"start":{"line":297,"column":25},"end":{"line":297,"column":26}},"loc":{"start":{"line":297,"column":36},"end":{"line":297,"column":null}},"line":297},"8":{"name":"(anonymous_8)","decl":{"start":{"line":300,"column":24},"end":{"line":300,"column":25}},"loc":{"start":{"line":300,"column":35},"end":{"line":300,"column":null}},"line":300},"9":{"name":"(anonymous_9)","decl":{"start":{"line":303,"column":23},"end":{"line":303,"column":29}},"loc":{"start":{"line":303,"column":29},"end":{"line":326,"column":null}},"line":303},"10":{"name":"(anonymous_10)","decl":{"start":{"line":328,"column":26},"end":{"line":328,"column":27}},"loc":{"start":{"line":328,"column":34},"end":{"line":331,"column":null}},"line":328},"11":{"name":"(anonymous_11)","decl":{"start":{"line":330,"column":56},"end":{"line":330,"column":61}},"loc":{"start":{"line":330,"column":61},"end":{"line":330,"column":72}},"line":330},"12":{"name":"(anonymous_12)","decl":{"start":{"line":333,"column":26},"end":{"line":333,"column":32}},"loc":{"start":{"line":333,"column":32},"end":{"line":333,"column":null}},"line":333},"13":{"name":"(anonymous_13)","decl":{"start":{"line":335,"column":26},"end":{"line":335,"column":27}},"loc":{"start":{"line":335,"column":34},"end":{"line":344,"column":null}},"line":335},"14":{"name":"(anonymous_14)","decl":{"start":{"line":337,"column":49},"end":{"line":337,"column":54}},"loc":{"start":{"line":337,"column":54},"end":{"line":337,"column":65}},"line":337},"15":{"name":"(anonymous_15)","decl":{"start":{"line":347,"column":24},"end":{"line":347,"column":25}},"loc":{"start":{"line":347,"column":38},"end":{"line":349,"column":null}},"line":347},"16":{"name":"(anonymous_16)","decl":{"start":{"line":347,"column":42},"end":{"line":347,"column":43}},"loc":{"start":{"line":347,"column":54},"end":{"line":349,"column":8}},"line":347},"17":{"name":"(anonymous_17)","decl":{"start":{"line":350,"column":26},"end":{"line":350,"column":32}},"loc":{"start":{"line":350,"column":32},"end":{"line":350,"column":null}},"line":350},"18":{"name":"(anonymous_18)","decl":{"start":{"line":353,"column":15},"end":{"line":353,"column":16}},"loc":{"start":{"line":353,"column":25},"end":{"line":353,"column":null}},"line":353},"19":{"name":"(anonymous_19)","decl":{"start":{"line":354,"column":20},"end":{"line":354,"column":21}},"loc":{"start":{"line":354,"column":31},"end":{"line":354,"column":null}},"line":354},"20":{"name":"(anonymous_20)","decl":{"start":{"line":355,"column":20},"end":{"line":355,"column":21}},"loc":{"start":{"line":355,"column":31},"end":{"line":355,"column":null}},"line":355},"21":{"name":"(anonymous_21)","decl":{"start":{"line":358,"column":17},"end":{"line":358,"column":18}},"loc":{"start":{"line":358,"column":28},"end":{"line":358,"column":null}},"line":358},"22":{"name":"(anonymous_22)","decl":{"start":{"line":359,"column":23},"end":{"line":359,"column":24}},"loc":{"start":{"line":359,"column":37},"end":{"line":359,"column":null}},"line":359},"23":{"name":"(anonymous_23)","decl":{"start":{"line":360,"column":22},"end":{"line":360,"column":23}},"loc":{"start":{"line":360,"column":35},"end":{"line":360,"column":null}},"line":360},"24":{"name":"(anonymous_24)","decl":{"start":{"line":361,"column":19},"end":{"line":361,"column":20}},"loc":{"start":{"line":361,"column":30},"end":{"line":361,"column":null}},"line":361},"25":{"name":"(anonymous_25)","decl":{"start":{"line":362,"column":24},"end":{"line":362,"column":25}},"loc":{"start":{"line":362,"column":35},"end":{"line":362,"column":null}},"line":362},"26":{"name":"(anonymous_26)","decl":{"start":{"line":365,"column":26},"end":{"line":365,"column":27}},"loc":{"start":{"line":365,"column":39},"end":{"line":365,"column":null}},"line":365},"27":{"name":"(anonymous_27)","decl":{"start":{"line":366,"column":25},"end":{"line":366,"column":26}},"loc":{"start":{"line":366,"column":38},"end":{"line":366,"column":null}},"line":366},"28":{"name":"(anonymous_28)","decl":{"start":{"line":367,"column":25},"end":{"line":367,"column":26}},"loc":{"start":{"line":367,"column":36},"end":{"line":367,"column":null}},"line":367},"29":{"name":"(anonymous_29)","decl":{"start":{"line":370,"column":27},"end":{"line":370,"column":28}},"loc":{"start":{"line":370,"column":40},"end":{"line":370,"column":null}},"line":370},"30":{"name":"(anonymous_30)","decl":{"start":{"line":371,"column":24},"end":{"line":371,"column":25}},"loc":{"start":{"line":371,"column":34},"end":{"line":371,"column":null}},"line":371},"31":{"name":"(anonymous_31)","decl":{"start":{"line":372,"column":30},"end":{"line":372,"column":31}},"loc":{"start":{"line":372,"column":41},"end":{"line":372,"column":null}},"line":372},"32":{"name":"(anonymous_32)","decl":{"start":{"line":375,"column":18},"end":{"line":375,"column":19}},"loc":{"start":{"line":375,"column":31},"end":{"line":375,"column":null}},"line":375},"33":{"name":"(anonymous_33)","decl":{"start":{"line":376,"column":23},"end":{"line":376,"column":24}},"loc":{"start":{"line":377,"column":8},"end":{"line":385,"column":null}},"line":377},"34":{"name":"(anonymous_34)","decl":{"start":{"line":388,"column":25},"end":{"line":388,"column":31}},"loc":{"start":{"line":388,"column":31},"end":{"line":418,"column":null}},"line":388},"35":{"name":"(anonymous_35)","decl":{"start":{"line":420,"column":21},"end":{"line":420,"column":27}},"loc":{"start":{"line":420,"column":27},"end":{"line":448,"column":null}},"line":420},"36":{"name":"(anonymous_36)","decl":{"start":{"line":450,"column":26},"end":{"line":450,"column":32}},"loc":{"start":{"line":450,"column":32},"end":{"line":453,"column":null}},"line":450},"37":{"name":"(anonymous_37)","decl":{"start":{"line":455,"column":25},"end":{"line":455,"column":31}},"loc":{"start":{"line":455,"column":31},"end":{"line":461,"column":null}},"line":455},"38":{"name":"(anonymous_38)","decl":{"start":{"line":464,"column":32},"end":{"line":464,"column":33}},"loc":{"start":{"line":464,"column":42},"end":{"line":464,"column":null}},"line":464},"39":{"name":"(anonymous_39)","decl":{"start":{"line":466,"column":34},"end":{"line":466,"column":40}},"loc":{"start":{"line":466,"column":40},"end":{"line":466,"column":null}},"line":466},"40":{"name":"(anonymous_40)","decl":{"start":{"line":468,"column":26},"end":{"line":468,"column":32}},"loc":{"start":{"line":468,"column":32},"end":{"line":470,"column":null}},"line":468},"41":{"name":"(anonymous_41)","decl":{"start":{"line":472,"column":26},"end":{"line":472,"column":32}},"loc":{"start":{"line":472,"column":32},"end":{"line":474,"column":null}},"line":472},"42":{"name":"(anonymous_42)","decl":{"start":{"line":476,"column":27},"end":{"line":476,"column":28}},"loc":{"start":{"line":476,"column":43},"end":{"line":482,"column":null}},"line":476},"43":{"name":"(anonymous_43)","decl":{"start":{"line":485,"column":18},"end":{"line":485,"column":19}},"loc":{"start":{"line":485,"column":29},"end":{"line":485,"column":null}},"line":485},"44":{"name":"(anonymous_44)","decl":{"start":{"line":487,"column":20},"end":{"line":487,"column":21}},"loc":{"start":{"line":487,"column":30},"end":{"line":494,"column":null}},"line":487},"45":{"name":"(anonymous_45)","decl":{"start":{"line":496,"column":22},"end":{"line":496,"column":28}},"loc":{"start":{"line":496,"column":28},"end":{"line":496,"column":null}},"line":496},"46":{"name":"(anonymous_46)","decl":{"start":{"line":499,"column":18},"end":{"line":499,"column":19}},"loc":{"start":{"line":499,"column":26},"end":{"line":499,"column":null}},"line":499},"47":{"name":"(anonymous_47)","decl":{"start":{"line":502,"column":13},"end":{"line":502,"column":19}},"loc":{"start":{"line":502,"column":19},"end":{"line":502,"column":null}},"line":502},"48":{"name":"(anonymous_48)","decl":{"start":{"line":506,"column":26},"end":{"line":506,"column":32}},"loc":{"start":{"line":506,"column":32},"end":{"line":508,"column":null}},"line":506},"49":{"name":"(anonymous_49)","decl":{"start":{"line":506,"column":32},"end":{"line":506,"column":33}},"loc":{"start":{"line":506,"column":43},"end":{"line":508,"column":null}},"line":506},"50":{"name":"(anonymous_50)","decl":{"start":{"line":509,"column":18},"end":{"line":509,"column":19}},"loc":{"start":{"line":509,"column":30},"end":{"line":534,"column":null}},"line":509}},"branchMap":{"0":{"loc":{"start":{"line":275,"column":8},"end":{"line":277,"column":null}},"type":"if","locations":[{"start":{"line":275,"column":8},"end":{"line":277,"column":null}},{"start":{},"end":{}}],"line":275},"1":{"loc":{"start":{"line":283,"column":8},"end":{"line":285,"column":null}},"type":"if","locations":[{"start":{"line":283,"column":8},"end":{"line":285,"column":null}},{"start":{},"end":{}}],"line":283},"2":{"loc":{"start":{"line":291,"column":27},"end":{"line":291,"column":null}},"type":"binary-expr","locations":[{"start":{"line":291,"column":27},"end":{"line":291,"column":35}},{"start":{"line":291,"column":35},"end":{"line":291,"column":null}}],"line":291},"3":{"loc":{"start":{"line":308,"column":8},"end":{"line":310,"column":null}},"type":"if","locations":[{"start":{"line":308,"column":8},"end":{"line":310,"column":null}},{"start":{},"end":{}}],"line":308},"4":{"loc":{"start":{"line":313,"column":8},"end":{"line":315,"column":null}},"type":"if","locations":[{"start":{"line":313,"column":8},"end":{"line":315,"column":null}},{"start":{},"end":{}}],"line":313},"5":{"loc":{"start":{"line":338,"column":8},"end":{"line":343,"column":null}},"type":"if","locations":[{"start":{"line":338,"column":8},"end":{"line":343,"column":null}},{"start":{},"end":{}}],"line":338},"6":{"loc":{"start":{"line":390,"column":25},"end":{"line":390,"column":null}},"type":"binary-expr","locations":[{"start":{"line":390,"column":25},"end":{"line":390,"column":52}},{"start":{"line":390,"column":52},"end":{"line":390,"column":null}}],"line":390},"7":{"loc":{"start":{"line":396,"column":8},"end":{"line":417,"column":null}},"type":"if","locations":[{"start":{"line":396,"column":8},"end":{"line":417,"column":null}},{"start":{"line":409,"column":15},"end":{"line":417,"column":null}}],"line":396},"8":{"loc":{"start":{"line":396,"column":12},"end":{"line":396,"column":43}},"type":"binary-expr","locations":[{"start":{"line":396,"column":12},"end":{"line":396,"column":28}},{"start":{"line":396,"column":28},"end":{"line":396,"column":43}}],"line":396},"9":{"loc":{"start":{"line":413,"column":21},"end":{"line":413,"column":null}},"type":"binary-expr","locations":[{"start":{"line":413,"column":21},"end":{"line":413,"column":37}},{"start":{"line":413,"column":37},"end":{"line":413,"column":null}}],"line":413},"10":{"loc":{"start":{"line":424,"column":8},"end":{"line":447,"column":null}},"type":"if","locations":[{"start":{"line":424,"column":8},"end":{"line":447,"column":null}},{"start":{"line":438,"column":15},"end":{"line":447,"column":null}}],"line":424},"11":{"loc":{"start":{"line":457,"column":8},"end":{"line":459,"column":null}},"type":"if","locations":[{"start":{"line":457,"column":8},"end":{"line":459,"column":null}},{"start":{},"end":{}}],"line":457},"12":{"loc":{"start":{"line":478,"column":8},"end":{"line":480,"column":null}},"type":"if","locations":[{"start":{"line":478,"column":8},"end":{"line":480,"column":null}},{"start":{},"end":{}}],"line":478},"13":{"loc":{"start":{"line":490,"column":8},"end":{"line":492,"column":null}},"type":"if","locations":[{"start":{"line":490,"column":8},"end":{"line":492,"column":null}},{"start":{},"end":{}}],"line":490}},"s":{"0":1,"1":1,"2":1,"3":1,"4":1,"5":1,"6":0,"7":0,"8":0,"9":0,"10":0,"11":0,"12":0,"13":0,"14":0,"15":0,"16":0,"17":0,"18":0,"19":0,"20":0,"21":0,"22":0,"23":0,"24":0,"25":0,"26":0,"27":0,"28":0,"29":0,"30":0,"31":0,"32":0,"33":0,"34":0,"35":0,"36":0,"37":0,"38":0,"39":0,"40":0,"41":0,"42":0,"43":0,"44":0,"45":0,"46":0,"47":0,"48":0,"49":0,"50":0,"51":0,"52":0,"53":0,"54":15,"55":18,"56":16,"57":16,"58":16,"59":16,"60":10,"61":6,"62":2,"63":2,"64":2,"65":0,"66":3,"67":3,"68":2,"69":2,"70":1,"71":1,"72":8,"73":2,"74":1,"75":1,"76":7,"77":7,"78":2,"79":5,"80":8,"81":11,"82":11,"83":4,"84":7,"85":2,"86":0,"87":58,"88":1,"89":1,"90":137},"f":{"0":1,"1":1,"2":0,"3":0,"4":0,"5":0,"6":0,"7":0,"8":0,"9":0,"10":0,"11":0,"12":0,"13":0,"14":0,"15":0,"16":0,"17":0,"18":0,"19":0,"20":0,"21":0,"22":0,"23":0,"24":0,"25":0,"26":0,"27":0,"28":0,"29":0,"30":0,"31":0,"32":15,"33":18,"34":16,"35":2,"36":3,"37":2,"38":8,"39":2,"40":1,"41":1,"42":7,"43":8,"44":11,"45":2,"46":0,"47":58,"48":1,"49":1,"50":137},"b":{"0":[0,0],"1":[0,0],"2":[0,0],"3":[0,0],"4":[0,0],"5":[0,0],"6":[16,1],"7":[10,6],"8":[16,10],"9":[6,0],"10":[2,0],"11":[1,1],"12":[2,5],"13":[4,7]},"meta":{"lastBranch":14,"lastFunction":51,"lastStatement":91,"seen":{"s:204:33:246:Infinity":0,"s:248:47:248:Infinity":1,"s:250:44:258:Infinity":2,"s:260:13:537:Infinity":3,"f:262:4:262:5":0,"s:262:19:503:Infinity":4,"f:267:22:267:23":1,"s:267:33:267:Infinity":5,"f:270:15:270:16":2,"s:270:25:270:Infinity":6,"f:272:16:272:22":3,"s:273:24:273:Infinity":7,"s:274:29:274:Infinity":8,"b:275:8:277:Infinity:undefined:undefined:undefined:undefined":0,"s:275:8:277:Infinity":9,"s:276:10:276:Infinity":10,"f:280:16:280:22":4,"s:281:24:281:Infinity":11,"s:282:29:282:Infinity":12,"b:283:8:285:Infinity:undefined:undefined:undefined:undefined":1,"s:283:8:285:Infinity":13,"s:284:10:284:Infinity":14,"f:289:24:289:25":5,"s:289:39:293:Infinity":15,"b:291:27:291:35:291:35:291:Infinity":2,"f:295:27:295:28":6,"s:295:36:295:Infinity":16,"f:297:25:297:26":7,"s:297:36:297:Infinity":17,"f:300:24:300:25":8,"s:300:35:300:Infinity":18,"f:303:23:303:29":9,"s:304:22:304:Infinity":19,"s:305:29:305:Infinity":20,"b:308:8:310:Infinity:undefined:undefined:undefined:undefined":3,"s:308:8:310:Infinity":21,"s:309:10:309:Infinity":22,"b:313:8:315:Infinity:undefined:undefined:undefined:undefined":4,"s:313:8:315:Infinity":23,"s:314:10:314:Infinity":24,"s:317:41:322:Infinity":25,"s:324:8:324:Infinity":26,"s:325:8:325:Infinity":27,"f:328:26:328:27":10,"s:329:22:329:Infinity":28,"s:330:8:330:Infinity":29,"f:330:56:330:61":11,"s:330:61:330:72":30,"f:333:26:333:32":12,"s:333:32:333:Infinity":31,"f:335:26:335:27":13,"s:336:22:336:Infinity":32,"s:337:24:337:Infinity":33,"f:337:49:337:54":14,"s:337:54:337:65":34,"b:338:8:343:Infinity:undefined:undefined:undefined:undefined":5,"s:338:8:343:Infinity":35,"s:339:10:342:Infinity":36,"f:347:24:347:25":15,"s:347:38:349:Infinity":37,"f:347:42:347:43":16,"s:347:54:349:8":38,"f:350:26:350:32":17,"s:350:32:350:Infinity":39,"f:353:15:353:16":18,"s:353:25:353:Infinity":40,"f:354:20:354:21":19,"s:354:31:354:Infinity":41,"f:355:20:355:21":20,"s:355:31:355:Infinity":42,"f:358:17:358:18":21,"s:358:28:358:Infinity":43,"f:359:23:359:24":22,"s:359:37:359:Infinity":44,"f:360:22:360:23":23,"s:360:35:360:Infinity":45,"f:361:19:361:20":24,"s:361:30:361:Infinity":46,"f:362:24:362:25":25,"s:362:35:362:Infinity":47,"f:365:26:365:27":26,"s:365:39:365:Infinity":48,"f:366:25:366:26":27,"s:366:38:366:Infinity":49,"f:367:25:367:26":28,"s:367:36:367:Infinity":50,"f:370:27:370:28":29,"s:370:40:370:Infinity":51,"f:371:24:371:25":30,"s:371:34:371:Infinity":52,"f:372:30:372:31":31,"s:372:41:372:Infinity":53,"f:375:18:375:19":32,"s:375:31:375:Infinity":54,"f:376:23:376:24":33,"s:377:8:385:Infinity":55,"f:388:25:388:31":34,"s:389:22:389:Infinity":56,"s:390:25:390:Infinity":57,"b:390:25:390:52:390:52:390:Infinity":6,"s:393:14:393:Infinity":58,"b:396:8:417:Infinity:409:15:417:Infinity":7,"s:396:8:417:Infinity":59,"b:396:12:396:28:396:28:396:43":8,"s:397:10:408:Infinity":60,"s:410:10:416:Infinity":61,"b:413:21:413:37:413:37:413:Infinity":9,"f:420:21:420:27":35,"s:421:22:421:Infinity":62,"b:424:8:447:Infinity:438:15:447:Infinity":10,"s:424:8:447:Infinity":63,"s:425:10:437:Infinity":64,"s:439:10:446:Infinity":65,"f:450:26:450:32":36,"s:451:22:451:Infinity":66,"s:452:8:452:Infinity":67,"f:455:25:455:31":37,"s:456:22:456:Infinity":68,"b:457:8:459:Infinity:undefined:undefined:undefined:undefined":11,"s:457:8:459:Infinity":69,"s:458:10:458:Infinity":70,"s:460:8:460:Infinity":71,"f:464:32:464:33":38,"s:464:42:464:Infinity":72,"f:466:34:466:40":39,"s:466:40:466:Infinity":73,"f:468:26:468:32":40,"s:469:8:469:Infinity":74,"f:472:26:472:32":41,"s:473:8:473:Infinity":75,"f:476:27:476:28":42,"s:477:14:477:Infinity":76,"b:478:8:480:Infinity:undefined:undefined:undefined:undefined":12,"s:478:8:480:Infinity":77,"s:479:10:479:Infinity":78,"s:481:8:481:Infinity":79,"f:485:18:485:19":43,"s:485:29:485:Infinity":80,"f:487:20:487:21":44,"s:489:14:489:Infinity":81,"b:490:8:492:Infinity:undefined:undefined:undefined:undefined":13,"s:490:8:492:Infinity":82,"s:491:10:491:Infinity":83,"s:493:8:493:Infinity":84,"f:496:22:496:28":45,"s:496:28:496:Infinity":85,"f:499:18:499:19":46,"s:499:26:499:Infinity":86,"f:502:13:502:19":47,"s:502:19:502:Infinity":87,"f:506:26:506:32":48,"s:506:32:508:Infinity":88,"f:506:32:506:33":49,"s:507:8:507:Infinity":89,"f:509:18:509:19":50,"s:509:30:534:Infinity":90}}}
}
