{"/Users/mymac/Desktop/footprint/footprint/data/dashboard/dev-progress.ts": {"path":"/Users/mymac/Desktop/footprint/footprint/data/dashboard/dev-progress.ts","statementMap":{"0":{"start":{"line":14,"column":31},"end":{"line":21,"column":null}},"1":{"start":{"line":61,"column":46},"end":{"line":575,"column":null}},"2":{"start":{"line":581,"column":49},"end":{"line":740,"column":null}},"3":{"start":{"line":746,"column":33},"end":{"line":796,"column":null}},"4":{"start":{"line":802,"column":26},"end":{"line":822,"column":null}},"5":{"start":{"line":831,"column":2},"end":{"line":831,"column":null}},"6":{"start":{"line":831,"column":44},"end":{"line":831,"column":69}},"7":{"start":{"line":835,"column":17},"end":{"line":835,"column":null}},"8":{"start":{"line":835,"column":35},"end":{"line":835,"column":52}},"9":{"start":{"line":836,"column":2},"end":{"line":836,"column":null}},"10":{"start":{"line":836,"column":15},"end":{"line":836,"column":null}},"11":{"start":{"line":838,"column":33},"end":{"line":838,"column":null}},"12":{"start":{"line":839,"column":2},"end":{"line":844,"column":null}},"13":{"start":{"line":840,"column":20},"end":{"line":840,"column":null}},"14":{"start":{"line":841,"column":4},"end":{"line":843,"column":null}},"15":{"start":{"line":842,"column":6},"end":{"line":842,"column":null}},"16":{"start":{"line":845,"column":2},"end":{"line":845,"column":null}},"17":{"start":{"line":849,"column":24},"end":{"line":849,"column":null}},"18":{"start":{"line":850,"column":15},"end":{"line":850,"column":null}},"19":{"start":{"line":850,"column":41},"end":{"line":850,"column":60}},"20":{"start":{"line":851,"column":16},"end":{"line":851,"column":null}},"21":{"start":{"line":852,"column":21},"end":{"line":852,"column":null}},"22":{"start":{"line":853,"column":2},"end":{"line":853,"column":null}},"23":{"start":{"line":857,"column":18},"end":{"line":857,"column":null}},"24":{"start":{"line":858,"column":2},"end":{"line":858,"column":null}},"25":{"start":{"line":858,"column":16},"end":{"line":858,"column":null}},"26":{"start":{"line":860,"column":15},"end":{"line":860,"column":null}},"27":{"start":{"line":860,"column":43},"end":{"line":860,"column":62}},"28":{"start":{"line":861,"column":16},"end":{"line":861,"column":null}},"29":{"start":{"line":862,"column":21},"end":{"line":862,"column":null}},"30":{"start":{"line":863,"column":2},"end":{"line":863,"column":null}},"31":{"start":{"line":867,"column":21},"end":{"line":867,"column":null}},"32":{"start":{"line":868,"column":15},"end":{"line":868,"column":null}},"33":{"start":{"line":868,"column":38},"end":{"line":868,"column":57}},"34":{"start":{"line":869,"column":16},"end":{"line":869,"column":null}},"35":{"start":{"line":870,"column":21},"end":{"line":870,"column":null}},"36":{"start":{"line":871,"column":2},"end":{"line":871,"column":null}},"37":{"start":{"line":889,"column":29},"end":{"line":1014,"column":null}},"38":{"start":{"line":1016,"column":26},"end":{"line":1023,"column":null}},"39":{"start":{"line":1025,"column":100},"end":{"line":1032,"column":null}},"40":{"start":{"line":1034,"column":77},"end":{"line":1042,"column":null}}},"fnMap":{"0":{"name":"getStoriesByComponent","decl":{"start":{"line":830,"column":16},"end":{"line":830,"column":38}},"loc":{"start":{"line":830,"column":66},"end":{"line":832,"column":null}},"line":830},"1":{"name":"(anonymous_1)","decl":{"start":{"line":831,"column":39},"end":{"line":831,"column":44}},"loc":{"start":{"line":831,"column":44},"end":{"line":831,"column":69}},"line":831},"2":{"name":"getStoriesBySprint","decl":{"start":{"line":834,"column":16},"end":{"line":834,"column":35}},"loc":{"start":{"line":834,"column":62},"end":{"line":846,"column":null}},"line":834},"3":{"name":"(anonymous_3)","decl":{"start":{"line":835,"column":30},"end":{"line":835,"column":35}},"loc":{"start":{"line":835,"column":35},"end":{"line":835,"column":52}},"line":835},"4":{"name":"(anonymous_4)","decl":{"start":{"line":839,"column":26},"end":{"line":839,"column":39}},"loc":{"start":{"line":839,"column":39},"end":{"line":844,"column":3}},"line":839},"5":{"name":"getSprintProgress","decl":{"start":{"line":848,"column":16},"end":{"line":848,"column":34}},"loc":{"start":{"line":848,"column":105},"end":{"line":854,"column":null}},"line":848},"6":{"name":"(anonymous_6)","decl":{"start":{"line":850,"column":36},"end":{"line":850,"column":41}},"loc":{"start":{"line":850,"column":41},"end":{"line":850,"column":60}},"line":850},"7":{"name":"getFeatureProgress","decl":{"start":{"line":856,"column":16},"end":{"line":856,"column":35}},"loc":{"start":{"line":856,"column":107},"end":{"line":864,"column":null}},"line":856},"8":{"name":"(anonymous_8)","decl":{"start":{"line":860,"column":38},"end":{"line":860,"column":43}},"loc":{"start":{"line":860,"column":43},"end":{"line":860,"column":62}},"line":860},"9":{"name":"getOverallProgress","decl":{"start":{"line":866,"column":16},"end":{"line":866,"column":90}},"loc":{"start":{"line":866,"column":90},"end":{"line":872,"column":null}},"line":866},"10":{"name":"(anonymous_10)","decl":{"start":{"line":868,"column":33},"end":{"line":868,"column":38}},"loc":{"start":{"line":868,"column":38},"end":{"line":868,"column":57}},"line":868}},"branchMap":{"0":{"loc":{"start":{"line":836,"column":2},"end":{"line":836,"column":null}},"type":"if","locations":[{"start":{"line":836,"column":2},"end":{"line":836,"column":null}},{"start":{},"end":{}}],"line":836},"1":{"loc":{"start":{"line":841,"column":4},"end":{"line":843,"column":null}},"type":"if","locations":[{"start":{"line":841,"column":4},"end":{"line":843,"column":null}},{"start":{},"end":{}}],"line":841},"2":{"loc":{"start":{"line":852,"column":21},"end":{"line":852,"column":null}},"type":"cond-expr","locations":[{"start":{"line":852,"column":33},"end":{"line":852,"column":68}},{"start":{"line":852,"column":68},"end":{"line":852,"column":null}}],"line":852},"3":{"loc":{"start":{"line":858,"column":2},"end":{"line":858,"column":null}},"type":"if","locations":[{"start":{"line":858,"column":2},"end":{"line":858,"column":null}},{"start":{},"end":{}}],"line":858},"4":{"loc":{"start":{"line":862,"column":21},"end":{"line":862,"column":null}},"type":"cond-expr","locations":[{"start":{"line":862,"column":33},"end":{"line":862,"column":68}},{"start":{"line":862,"column":68},"end":{"line":862,"column":null}}],"line":862},"5":{"loc":{"start":{"line":870,"column":21},"end":{"line":870,"column":null}},"type":"cond-expr","locations":[{"start":{"line":870,"column":33},"end":{"line":870,"column":68}},{"start":{"line":870,"column":68},"end":{"line":870,"column":null}}],"line":870}},"s":{"0":0,"1":0,"2":0,"3":0,"4":0,"5":0,"6":0,"7":0,"8":0,"9":0,"10":0,"11":0,"12":0,"13":0,"14":0,"15":0,"16":0,"17":0,"18":0,"19":0,"20":0,"21":0,"22":0,"23":0,"24":0,"25":0,"26":0,"27":0,"28":0,"29":0,"30":0,"31":0,"32":0,"33":0,"34":0,"35":0,"36":0,"37":0,"38":0,"39":0,"40":0},"f":{"0":0,"1":0,"2":0,"3":0,"4":0,"5":0,"6":0,"7":0,"8":0,"9":0,"10":0},"b":{"0":[0,0],"1":[0,0],"2":[0,0],"3":[0,0],"4":[0,0],"5":[0,0]},"meta":{"lastBranch":6,"lastFunction":11,"lastStatement":41,"seen":{"s:14:31:21:Infinity":0,"s:61:46:575:Infinity":1,"s:581:49:740:Infinity":2,"s:746:33:796:Infinity":3,"s:802:26:822:Infinity":4,"f:830:16:830:38":0,"s:831:2:831:Infinity":5,"f:831:39:831:44":1,"s:831:44:831:69":6,"f:834:16:834:35":2,"s:835:17:835:Infinity":7,"f:835:30:835:35":3,"s:835:35:835:52":8,"b:836:2:836:Infinity:undefined:undefined:undefined:undefined":0,"s:836:2:836:Infinity":9,"s:836:15:836:Infinity":10,"s:838:33:838:Infinity":11,"s:839:2:844:Infinity":12,"f:839:26:839:39":4,"s:840:20:840:Infinity":13,"b:841:4:843:Infinity:undefined:undefined:undefined:undefined":1,"s:841:4:843:Infinity":14,"s:842:6:842:Infinity":15,"s:845:2:845:Infinity":16,"f:848:16:848:34":5,"s:849:24:849:Infinity":17,"s:850:15:850:Infinity":18,"f:850:36:850:41":6,"s:850:41:850:60":19,"s:851:16:851:Infinity":20,"s:852:21:852:Infinity":21,"b:852:33:852:68:852:68:852:Infinity":2,"s:853:2:853:Infinity":22,"f:856:16:856:35":7,"s:857:18:857:Infinity":23,"b:858:2:858:Infinity:undefined:undefined:undefined:undefined":3,"s:858:2:858:Infinity":24,"s:858:16:858:Infinity":25,"s:860:15:860:Infinity":26,"f:860:38:860:43":8,"s:860:43:860:62":27,"s:861:16:861:Infinity":28,"s:862:21:862:Infinity":29,"b:862:33:862:68:862:68:862:Infinity":4,"s:863:2:863:Infinity":30,"f:866:16:866:90":9,"s:867:21:867:Infinity":31,"s:868:15:868:Infinity":32,"f:868:33:868:38":10,"s:868:38:868:57":33,"s:869:16:869:Infinity":34,"s:870:21:870:Infinity":35,"b:870:33:870:68:870:68:870:Infinity":5,"s:871:2:871:Infinity":36,"s:889:29:1014:Infinity":37,"s:1016:26:1023:Infinity":38,"s:1025:100:1032:Infinity":39,"s:1034:77:1042:Infinity":40}}}
,"/Users/mymac/Desktop/footprint/footprint/data/demo/images.ts": {"path":"/Users/mymac/Desktop/footprint/footprint/data/demo/images.ts","statementMap":{"0":{"start":{"line":11,"column":40},"end":{"line":22,"column":null}},"1":{"start":{"line":25,"column":61},"end":{"line":35,"column":null}},"2":{"start":{"line":38,"column":62},"end":{"line":48,"column":null}},"3":{"start":{"line":51,"column":26},"end":{"line":55,"column":null}},"4":{"start":{"line":61,"column":2},"end":{"line":61,"column":null}},"5":{"start":{"line":68,"column":16},"end":{"line":68,"column":null}},"6":{"start":{"line":69,"column":2},"end":{"line":69,"column":null}}},"fnMap":{"0":{"name":"getStylePreviewImage","decl":{"start":{"line":60,"column":16},"end":{"line":60,"column":37}},"loc":{"start":{"line":60,"column":63},"end":{"line":62,"column":null}},"line":60},"1":{"name":"getRandomOriginalImage","decl":{"start":{"line":67,"column":16},"end":{"line":67,"column":49}},"loc":{"start":{"line":67,"column":49},"end":{"line":70,"column":null}},"line":67}},"branchMap":{"0":{"loc":{"start":{"line":61,"column":9},"end":{"line":61,"column":null}},"type":"binary-expr","locations":[{"start":{"line":61,"column":9},"end":{"line":61,"column":38}},{"start":{"line":61,"column":38},"end":{"line":61,"column":null}}],"line":61}},"s":{"0":0,"1":0,"2":0,"3":0,"4":0,"5":0,"6":0},"f":{"0":0,"1":0},"b":{"0":[0,0]},"meta":{"lastBranch":1,"lastFunction":2,"lastStatement":7,"seen":{"s:11:40:22:Infinity":0,"s:25:61:35:Infinity":1,"s:38:62:48:Infinity":2,"s:51:26:55:Infinity":3,"f:60:16:60:37":0,"s:61:2:61:Infinity":4,"b:61:9:61:38:61:38:61:Infinity":0,"f:67:16:67:49":1,"s:68:16:68:Infinity":5,"s:69:2:69:Infinity":6}}}
,"/Users/mymac/Desktop/footprint/footprint/data/demo/orders.ts": {"path":"/Users/mymac/Desktop/footprint/footprint/data/demo/orders.ts","statementMap":{"0":{"start":{"line":13,"column":13},"end":{"line":13,"column":null}},"1":{"start":{"line":15,"column":2},"end":{"line":27,"column":null}},"2":{"start":{"line":32,"column":2},"end":{"line":40,"column":null}},"3":{"start":{"line":44,"column":35},"end":{"line":306,"column":null}},"4":{"start":{"line":312,"column":13},"end":{"line":312,"column":null}},"5":{"start":{"line":313,"column":14},"end":{"line":313,"column":null}},"6":{"start":{"line":315,"column":22},"end":{"line":318,"column":null}},"7":{"start":{"line":320,"column":27},"end":{"line":342,"column":null}},"8":{"start":{"line":345,"column":16},"end":{"line":345,"column":null}},"9":{"start":{"line":348,"column":2},"end":{"line":350,"column":null}},"10":{"start":{"line":349,"column":4},"end":{"line":349,"column":null}},"11":{"start":{"line":351,"column":2},"end":{"line":356,"column":null}},"12":{"start":{"line":352,"column":4},"end":{"line":352,"column":null}},"13":{"start":{"line":353,"column":4},"end":{"line":353,"column":null}},"14":{"start":{"line":354,"column":4},"end":{"line":354,"column":null}},"15":{"start":{"line":355,"column":4},"end":{"line":355,"column":null}},"16":{"start":{"line":355,"column":23},"end":{"line":355,"column":null}},"17":{"start":{"line":357,"column":2},"end":{"line":363,"column":null}},"18":{"start":{"line":358,"column":4},"end":{"line":358,"column":null}},"19":{"start":{"line":359,"column":4},"end":{"line":359,"column":null}},"20":{"start":{"line":359,"column":26},"end":{"line":359,"column":null}},"21":{"start":{"line":360,"column":4},"end":{"line":360,"column":null}},"22":{"start":{"line":360,"column":23},"end":{"line":360,"column":null}},"23":{"start":{"line":361,"column":4},"end":{"line":361,"column":null}},"24":{"start":{"line":362,"column":4},"end":{"line":362,"column":null}},"25":{"start":{"line":365,"column":2},"end":{"line":365,"column":null}},"26":{"start":{"line":372,"column":2},"end":{"line":372,"column":null}},"27":{"start":{"line":372,"column":32},"end":{"line":372,"column":51}},"28":{"start":{"line":379,"column":2},"end":{"line":379,"column":null}},"29":{"start":{"line":379,"column":34},"end":{"line":379,"column":53}}},"fnMap":{"0":{"name":"createOrderItem","decl":{"start":{"line":12,"column":9},"end":{"line":12,"column":25}},"loc":{"start":{"line":12,"column":68},"end":{"line":28,"column":null}},"line":12},"1":{"name":"toAddress","decl":{"start":{"line":31,"column":9},"end":{"line":31,"column":19}},"loc":{"start":{"line":31,"column":62},"end":{"line":41,"column":null}},"line":31},"2":{"name":"createDemoOrder","decl":{"start":{"line":311,"column":16},"end":{"line":311,"column":32}},"loc":{"start":{"line":311,"column":67},"end":{"line":366,"column":null}},"line":311},"3":{"name":"getDemoOrderByStatus","decl":{"start":{"line":371,"column":16},"end":{"line":371,"column":37}},"loc":{"start":{"line":371,"column":77},"end":{"line":373,"column":null}},"line":371},"4":{"name":"(anonymous_4)","decl":{"start":{"line":372,"column":25},"end":{"line":372,"column":26}},"loc":{"start":{"line":372,"column":32},"end":{"line":372,"column":51}},"line":372},"5":{"name":"getDemoOrdersByUser","decl":{"start":{"line":378,"column":16},"end":{"line":378,"column":36}},"loc":{"start":{"line":378,"column":61},"end":{"line":380,"column":null}},"line":378},"6":{"name":"(anonymous_6)","decl":{"start":{"line":379,"column":27},"end":{"line":379,"column":28}},"loc":{"start":{"line":379,"column":34},"end":{"line":379,"column":53}},"line":379}},"branchMap":{"0":{"loc":{"start":{"line":348,"column":2},"end":{"line":350,"column":null}},"type":"if","locations":[{"start":{"line":348,"column":2},"end":{"line":350,"column":null}},{"start":{},"end":{}}],"line":348},"1":{"loc":{"start":{"line":348,"column":6},"end":{"line":348,"column":48}},"type":"binary-expr","locations":[{"start":{"line":348,"column":6},"end":{"line":348,"column":33}},{"start":{"line":348,"column":33},"end":{"line":348,"column":48}}],"line":348},"2":{"loc":{"start":{"line":351,"column":2},"end":{"line":356,"column":null}},"type":"if","locations":[{"start":{"line":351,"column":2},"end":{"line":356,"column":null}},{"start":{},"end":{}}],"line":351},"3":{"loc":{"start":{"line":351,"column":6},"end":{"line":351,"column":54}},"type":"binary-expr","locations":[{"start":{"line":351,"column":6},"end":{"line":351,"column":36}},{"start":{"line":351,"column":36},"end":{"line":351,"column":54}}],"line":351},"4":{"loc":{"start":{"line":353,"column":27},"end":{"line":353,"column":null}},"type":"binary-expr","locations":[{"start":{"line":353,"column":27},"end":{"line":353,"column":51}},{"start":{"line":353,"column":51},"end":{"line":353,"column":null}}],"line":353},"5":{"loc":{"start":{"line":354,"column":20},"end":{"line":354,"column":null}},"type":"binary-expr","locations":[{"start":{"line":354,"column":20},"end":{"line":354,"column":37}},{"start":{"line":354,"column":37},"end":{"line":354,"column":null}}],"line":354},"6":{"loc":{"start":{"line":355,"column":4},"end":{"line":355,"column":null}},"type":"if","locations":[{"start":{"line":355,"column":4},"end":{"line":355,"column":null}},{"start":{},"end":{}}],"line":355},"7":{"loc":{"start":{"line":357,"column":2},"end":{"line":363,"column":null}},"type":"if","locations":[{"start":{"line":357,"column":2},"end":{"line":363,"column":null}},{"start":{},"end":{}}],"line":357},"8":{"loc":{"start":{"line":357,"column":6},"end":{"line":357,"column":58}},"type":"binary-expr","locations":[{"start":{"line":357,"column":6},"end":{"line":357,"column":38}},{"start":{"line":357,"column":38},"end":{"line":357,"column":58}}],"line":357},"9":{"loc":{"start":{"line":359,"column":4},"end":{"line":359,"column":null}},"type":"if","locations":[{"start":{"line":359,"column":4},"end":{"line":359,"column":null}},{"start":{},"end":{}}],"line":359},"10":{"loc":{"start":{"line":360,"column":4},"end":{"line":360,"column":null}},"type":"if","locations":[{"start":{"line":360,"column":4},"end":{"line":360,"column":null}},{"start":{},"end":{}}],"line":360},"11":{"loc":{"start":{"line":361,"column":27},"end":{"line":361,"column":null}},"type":"binary-expr","locations":[{"start":{"line":361,"column":27},"end":{"line":361,"column":51}},{"start":{"line":361,"column":51},"end":{"line":361,"column":null}}],"line":361},"12":{"loc":{"start":{"line":362,"column":20},"end":{"line":362,"column":null}},"type":"binary-expr","locations":[{"start":{"line":362,"column":20},"end":{"line":362,"column":37}},{"start":{"line":362,"column":37},"end":{"line":362,"column":null}}],"line":362}},"s":{"0":0,"1":0,"2":0,"3":0,"4":0,"5":0,"6":0,"7":0,"8":0,"9":0,"10":0,"11":0,"12":0,"13":0,"14":0,"15":0,"16":0,"17":0,"18":0,"19":0,"20":0,"21":0,"22":0,"23":0,"24":0,"25":0,"26":0,"27":0,"28":0,"29":0},"f":{"0":0,"1":0,"2":0,"3":0,"4":0,"5":0,"6":0},"b":{"0":[0,0],"1":[0,0],"2":[0,0],"3":[0,0],"4":[0,0],"5":[0,0],"6":[0,0],"7":[0,0],"8":[0,0],"9":[0,0],"10":[0,0],"11":[0,0],"12":[0,0]},"meta":{"lastBranch":13,"lastFunction":7,"lastStatement":30,"seen":{"f:12:9:12:25":0,"s:13:13:13:Infinity":0,"s:15:2:27:Infinity":1,"f:31:9:31:19":1,"s:32:2:40:Infinity":2,"s:44:35:306:Infinity":3,"f:311:16:311:32":2,"s:312:13:312:Infinity":4,"s:313:14:313:Infinity":5,"s:315:22:318:Infinity":6,"s:320:27:342:Infinity":7,"s:345:16:345:Infinity":8,"b:348:2:350:Infinity:undefined:undefined:undefined:undefined":0,"s:348:2:350:Infinity":9,"b:348:6:348:33:348:33:348:48":1,"s:349:4:349:Infinity":10,"b:351:2:356:Infinity:undefined:undefined:undefined:undefined":2,"s:351:2:356:Infinity":11,"b:351:6:351:36:351:36:351:54":3,"s:352:4:352:Infinity":12,"s:353:4:353:Infinity":13,"b:353:27:353:51:353:51:353:Infinity":4,"s:354:4:354:Infinity":14,"b:354:20:354:37:354:37:354:Infinity":5,"b:355:4:355:Infinity:undefined:undefined:undefined:undefined":6,"s:355:4:355:Infinity":15,"s:355:23:355:Infinity":16,"b:357:2:363:Infinity:undefined:undefined:undefined:undefined":7,"s:357:2:363:Infinity":17,"b:357:6:357:38:357:38:357:58":8,"s:358:4:358:Infinity":18,"b:359:4:359:Infinity:undefined:undefined:undefined:undefined":9,"s:359:4:359:Infinity":19,"s:359:26:359:Infinity":20,"b:360:4:360:Infinity:undefined:undefined:undefined:undefined":10,"s:360:4:360:Infinity":21,"s:360:23:360:Infinity":22,"s:361:4:361:Infinity":23,"b:361:27:361:51:361:51:361:Infinity":11,"s:362:4:362:Infinity":24,"b:362:20:362:37:362:37:362:Infinity":12,"s:365:2:365:Infinity":25,"f:371:16:371:37":3,"s:372:2:372:Infinity":26,"f:372:25:372:26":4,"s:372:32:372:51":27,"f:378:16:378:36":5,"s:379:2:379:Infinity":28,"f:379:27:379:28":6,"s:379:34:379:53":29}}}
,"/Users/mymac/Desktop/footprint/footprint/data/demo/products.ts": {"path":"/Users/mymac/Desktop/footprint/footprint/data/demo/products.ts","statementMap":{"0":{"start":{"line":10,"column":35},"end":{"line":85,"column":null}},"1":{"start":{"line":88,"column":33},"end":{"line":118,"column":null}},"2":{"start":{"line":121,"column":35},"end":{"line":146,"column":null}},"3":{"start":{"line":149,"column":35},"end":{"line":179,"column":null}},"4":{"start":{"line":185,"column":2},"end":{"line":185,"column":null}},"5":{"start":{"line":185,"column":32},"end":{"line":185,"column":43}},"6":{"start":{"line":192,"column":2},"end":{"line":192,"column":null}},"7":{"start":{"line":192,"column":34},"end":{"line":192,"column":43}}},"fnMap":{"0":{"name":"getStyleById","decl":{"start":{"line":184,"column":16},"end":{"line":184,"column":29}},"loc":{"start":{"line":184,"column":63},"end":{"line":186,"column":null}},"line":184},"1":{"name":"(anonymous_1)","decl":{"start":{"line":185,"column":25},"end":{"line":185,"column":26}},"loc":{"start":{"line":185,"column":32},"end":{"line":185,"column":43}},"line":185},"2":{"name":"getPopularStyles","decl":{"start":{"line":191,"column":16},"end":{"line":191,"column":44}},"loc":{"start":{"line":191,"column":44},"end":{"line":193,"column":null}},"line":191},"3":{"name":"(anonymous_3)","decl":{"start":{"line":192,"column":27},"end":{"line":192,"column":28}},"loc":{"start":{"line":192,"column":34},"end":{"line":192,"column":43}},"line":192}},"branchMap":{},"s":{"0":0,"1":0,"2":0,"3":0,"4":0,"5":0,"6":0,"7":0},"f":{"0":0,"1":0,"2":0,"3":0},"b":{},"meta":{"lastBranch":0,"lastFunction":4,"lastStatement":8,"seen":{"s:10:35:85:Infinity":0,"s:88:33:118:Infinity":1,"s:121:35:146:Infinity":2,"s:149:35:179:Infinity":3,"f:184:16:184:29":0,"s:185:2:185:Infinity":4,"f:185:25:185:26":1,"s:185:32:185:43":5,"f:191:16:191:44":2,"s:192:2:192:Infinity":6,"f:192:27:192:28":3,"s:192:34:192:43":7}}}
,"/Users/mymac/Desktop/footprint/footprint/data/demo/users.ts": {"path":"/Users/mymac/Desktop/footprint/footprint/data/demo/users.ts","statementMap":{"0":{"start":{"line":10,"column":45},"end":{"line":61,"column":null}},"1":{"start":{"line":64,"column":33},"end":{"line":108,"column":null}},"2":{"start":{"line":114,"column":13},"end":{"line":114,"column":null}},"3":{"start":{"line":115,"column":14},"end":{"line":115,"column":null}},"4":{"start":{"line":117,"column":2},"end":{"line":126,"column":null}}},"fnMap":{"0":{"name":"createDemoUser","decl":{"start":{"line":113,"column":16},"end":{"line":113,"column":31}},"loc":{"start":{"line":113,"column":64},"end":{"line":127,"column":null}},"line":113}},"branchMap":{},"s":{"0":0,"1":0,"2":0,"3":0,"4":0},"f":{"0":0},"b":{},"meta":{"lastBranch":0,"lastFunction":1,"lastStatement":5,"seen":{"s:10:45:61:Infinity":0,"s:64:33:108:Infinity":1,"f:113:16:113:31":0,"s:114:13:114:Infinity":2,"s:115:14:115:Infinity":3,"s:117:2:126:Infinity":4}}}
,"/Users/mymac/Desktop/footprint/footprint/lib/ai/replicate.ts": {"path":"/Users/mymac/Desktop/footprint/footprint/lib/ai/replicate.ts","statementMap":{"0":{"start":{"line":26,"column":52},"end":{"line":35,"column":null}},"1":{"start":{"line":41,"column":56},"end":{"line":58,"column":null}},"2":{"start":{"line":63,"column":22},"end":{"line":63,"column":null}},"3":{"start":{"line":68,"column":23},"end":{"line":73,"column":null}},"4":{"start":{"line":79,"column":2},"end":{"line":79,"column":null}},"5":{"start":{"line":79,"column":14},"end":{"line":79,"column":null}},"6":{"start":{"line":80,"column":2},"end":{"line":80,"column":null}},"7":{"start":{"line":88,"column":2},"end":{"line":90,"column":null}},"8":{"start":{"line":89,"column":4},"end":{"line":89,"column":null}},"9":{"start":{"line":91,"column":2},"end":{"line":91,"column":null}},"10":{"start":{"line":99,"column":16},"end":{"line":99,"column":null}},"11":{"start":{"line":100,"column":2},"end":{"line":102,"column":null}},"12":{"start":{"line":101,"column":4},"end":{"line":101,"column":null}},"13":{"start":{"line":103,"column":2},"end":{"line":103,"column":null}},"14":{"start":{"line":118,"column":20},"end":{"line":118,"column":null}},"15":{"start":{"line":119,"column":17},"end":{"line":119,"column":null}},"16":{"start":{"line":121,"column":17},"end":{"line":127,"column":null}},"17":{"start":{"line":130,"column":2},"end":{"line":132,"column":null}},"18":{"start":{"line":131,"column":4},"end":{"line":131,"column":null}},"19":{"start":{"line":134,"column":2},"end":{"line":139,"column":null}},"20":{"start":{"line":135,"column":4},"end":{"line":137,"column":null}},"21":{"start":{"line":136,"column":6},"end":{"line":136,"column":null}},"22":{"start":{"line":138,"column":4},"end":{"line":138,"column":null}},"23":{"start":{"line":141,"column":2},"end":{"line":141,"column":null}},"24":{"start":{"line":148,"column":2},"end":{"line":148,"column":null}},"25":{"start":{"line":148,"column":34},"end":{"line":148,"column":57}},"26":{"start":{"line":167,"column":25},"end":{"line":167,"column":null}},"27":{"start":{"line":169,"column":2},"end":{"line":181,"column":null}},"28":{"start":{"line":169,"column":21},"end":{"line":169,"column":24}},"29":{"start":{"line":170,"column":4},"end":{"line":180,"column":null}},"30":{"start":{"line":171,"column":6},"end":{"line":171,"column":null}},"31":{"start":{"line":173,"column":6},"end":{"line":173,"column":null}},"32":{"start":{"line":175,"column":6},"end":{"line":179,"column":null}},"33":{"start":{"line":177,"column":26},"end":{"line":177,"column":null}},"34":{"start":{"line":178,"column":8},"end":{"line":178,"column":null}},"35":{"start":{"line":183,"column":2},"end":{"line":183,"column":null}}},"fnMap":{"0":{"name":"isValidStyle","decl":{"start":{"line":78,"column":16},"end":{"line":78,"column":29}},"loc":{"start":{"line":78,"column":64},"end":{"line":81,"column":null}},"line":78},"1":{"name":"getStylePrompt","decl":{"start":{"line":87,"column":16},"end":{"line":87,"column":31}},"loc":{"start":{"line":87,"column":57},"end":{"line":92,"column":null}},"line":87},"2":{"name":"getReplicateClient","decl":{"start":{"line":98,"column":9},"end":{"line":98,"column":41}},"loc":{"start":{"line":98,"column":41},"end":{"line":104,"column":null}},"line":98},"3":{"name":"transformImage","decl":{"start":{"line":114,"column":22},"end":{"line":114,"column":null}},"loc":{"start":{"line":117,"column":19},"end":{"line":142,"column":null}},"line":117},"4":{"name":"delay","decl":{"start":{"line":147,"column":9},"end":{"line":147,"column":15}},"loc":{"start":{"line":147,"column":42},"end":{"line":149,"column":null}},"line":147},"5":{"name":"(anonymous_5)","decl":{"start":{"line":148,"column":21},"end":{"line":148,"column":22}},"loc":{"start":{"line":148,"column":34},"end":{"line":148,"column":57}},"line":148},"6":{"name":"transformWithRetry","decl":{"start":{"line":162,"column":22},"end":{"line":162,"column":null}},"loc":{"start":{"line":166,"column":19},"end":{"line":184,"column":null}},"line":166}},"branchMap":{"0":{"loc":{"start":{"line":79,"column":2},"end":{"line":79,"column":null}},"type":"if","locations":[{"start":{"line":79,"column":2},"end":{"line":79,"column":null}},{"start":{},"end":{}}],"line":79},"1":{"loc":{"start":{"line":88,"column":2},"end":{"line":90,"column":null}},"type":"if","locations":[{"start":{"line":88,"column":2},"end":{"line":90,"column":null}},{"start":{},"end":{}}],"line":88},"2":{"loc":{"start":{"line":100,"column":2},"end":{"line":102,"column":null}},"type":"if","locations":[{"start":{"line":100,"column":2},"end":{"line":102,"column":null}},{"start":{},"end":{}}],"line":100},"3":{"loc":{"start":{"line":130,"column":2},"end":{"line":132,"column":null}},"type":"if","locations":[{"start":{"line":130,"column":2},"end":{"line":132,"column":null}},{"start":{},"end":{}}],"line":130},"4":{"loc":{"start":{"line":134,"column":2},"end":{"line":139,"column":null}},"type":"if","locations":[{"start":{"line":134,"column":2},"end":{"line":139,"column":null}},{"start":{},"end":{}}],"line":134},"5":{"loc":{"start":{"line":135,"column":4},"end":{"line":137,"column":null}},"type":"if","locations":[{"start":{"line":135,"column":4},"end":{"line":137,"column":null}},{"start":{},"end":{}}],"line":135},"6":{"loc":{"start":{"line":165,"column":2},"end":{"line":165,"column":null}},"type":"default-arg","locations":[{"start":{"line":165,"column":23},"end":{"line":165,"column":null}}],"line":165},"7":{"loc":{"start":{"line":173,"column":18},"end":{"line":173,"column":null}},"type":"cond-expr","locations":[{"start":{"line":173,"column":43},"end":{"line":173,"column":51}},{"start":{"line":173,"column":51},"end":{"line":173,"column":null}}],"line":173},"8":{"loc":{"start":{"line":175,"column":6},"end":{"line":179,"column":null}},"type":"if","locations":[{"start":{"line":175,"column":6},"end":{"line":179,"column":null}},{"start":{},"end":{}}],"line":175}},"s":{"0":0,"1":0,"2":0,"3":0,"4":0,"5":0,"6":0,"7":0,"8":0,"9":0,"10":0,"11":0,"12":0,"13":0,"14":0,"15":0,"16":0,"17":0,"18":0,"19":0,"20":0,"21":0,"22":0,"23":0,"24":0,"25":0,"26":0,"27":0,"28":0,"29":0,"30":0,"31":0,"32":0,"33":0,"34":0,"35":0},"f":{"0":0,"1":0,"2":0,"3":0,"4":0,"5":0,"6":0},"b":{"0":[0,0],"1":[0,0],"2":[0,0],"3":[0,0],"4":[0,0],"5":[0,0],"6":[0],"7":[0,0],"8":[0,0]},"meta":{"lastBranch":9,"lastFunction":7,"lastStatement":36,"seen":{"s:26:52:35:Infinity":0,"s:41:56:58:Infinity":1,"s:63:22:63:Infinity":2,"s:68:23:73:Infinity":3,"f:78:16:78:29":0,"b:79:2:79:Infinity:undefined:undefined:undefined:undefined":0,"s:79:2:79:Infinity":4,"s:79:14:79:Infinity":5,"s:80:2:80:Infinity":6,"f:87:16:87:31":1,"b:88:2:90:Infinity:undefined:undefined:undefined:undefined":1,"s:88:2:90:Infinity":7,"s:89:4:89:Infinity":8,"s:91:2:91:Infinity":9,"f:98:9:98:41":2,"s:99:16:99:Infinity":10,"b:100:2:102:Infinity:undefined:undefined:undefined:undefined":2,"s:100:2:102:Infinity":11,"s:101:4:101:Infinity":12,"s:103:2:103:Infinity":13,"f:114:22:114:Infinity":3,"s:118:20:118:Infinity":14,"s:119:17:119:Infinity":15,"s:121:17:127:Infinity":16,"b:130:2:132:Infinity:undefined:undefined:undefined:undefined":3,"s:130:2:132:Infinity":17,"s:131:4:131:Infinity":18,"b:134:2:139:Infinity:undefined:undefined:undefined:undefined":4,"s:134:2:139:Infinity":19,"b:135:4:137:Infinity:undefined:undefined:undefined:undefined":5,"s:135:4:137:Infinity":20,"s:136:6:136:Infinity":21,"s:138:4:138:Infinity":22,"s:141:2:141:Infinity":23,"f:147:9:147:15":4,"s:148:2:148:Infinity":24,"f:148:21:148:22":5,"s:148:34:148:57":25,"f:162:22:162:Infinity":6,"b:165:23:165:Infinity":6,"s:167:25:167:Infinity":26,"s:169:2:181:Infinity":27,"s:169:21:169:24":28,"s:170:4:180:Infinity":29,"s:171:6:171:Infinity":30,"s:173:6:173:Infinity":31,"b:173:43:173:51:173:51:173:Infinity":7,"b:175:6:179:Infinity:undefined:undefined:undefined:undefined":8,"s:175:6:179:Infinity":32,"s:177:26:177:Infinity":33,"s:178:8:178:Infinity":34,"s:183:2:183:Infinity":35}}}
,"/Users/mymac/Desktop/footprint/footprint/lib/api/client.ts": {"path":"/Users/mymac/Desktop/footprint/footprint/lib/api/client.ts","statementMap":{"0":{"start":{"line":17,"column":17},"end":{"line":17,"column":null}},"1":{"start":{"line":20,"column":30},"end":{"line":20,"column":null}}},"fnMap":{},"branchMap":{"0":{"loc":{"start":{"line":20,"column":30},"end":{"line":20,"column":null}},"type":"cond-expr","locations":[{"start":{"line":20,"column":41},"end":{"line":20,"column":54}},{"start":{"line":20,"column":54},"end":{"line":20,"column":null}}],"line":20}},"s":{"0":0,"1":0},"f":{},"b":{"0":[0,0]},"meta":{"lastBranch":1,"lastFunction":0,"lastStatement":2,"seen":{"s:17:17:17:Infinity":0,"s:20:30:20:Infinity":1,"b:20:41:20:54:20:54:20:Infinity":0}}}
,"/Users/mymac/Desktop/footprint/footprint/lib/api/mock.ts": {"path":"/Users/mymac/Desktop/footprint/footprint/lib/api/mock.ts","statementMap":{"0":{"start":{"line":15,"column":14},"end":{"line":15,"column":null}},"1":{"start":{"line":15,"column":30},"end":{"line":15,"column":null}},"2":{"start":{"line":15,"column":53},"end":{"line":15,"column":76}},"3":{"start":{"line":18,"column":28},"end":{"line":18,"column":null}},"4":{"start":{"line":19,"column":28},"end":{"line":19,"column":null}},"5":{"start":{"line":25,"column":28},"end":{"line":34,"column":null}},"6":{"start":{"line":36,"column":26},"end":{"line":41,"column":null}},"7":{"start":{"line":43,"column":28},"end":{"line":47,"column":null}},"8":{"start":{"line":49,"column":28},"end":{"line":54,"column":null}},"9":{"start":{"line":60,"column":37},"end":{"line":264,"column":null}},"10":{"start":{"line":64,"column":6},"end":{"line":64,"column":null}},"11":{"start":{"line":66,"column":6},"end":{"line":74,"column":null}},"12":{"start":{"line":75,"column":6},"end":{"line":75,"column":null}},"13":{"start":{"line":79,"column":6},"end":{"line":79,"column":null}},"14":{"start":{"line":80,"column":6},"end":{"line":89,"column":null}},"15":{"start":{"line":90,"column":6},"end":{"line":90,"column":null}},"16":{"start":{"line":94,"column":6},"end":{"line":94,"column":null}},"17":{"start":{"line":95,"column":6},"end":{"line":95,"column":null}},"18":{"start":{"line":99,"column":6},"end":{"line":99,"column":null}},"19":{"start":{"line":100,"column":6},"end":{"line":100,"column":null}},"20":{"start":{"line":104,"column":6},"end":{"line":104,"column":null}},"21":{"start":{"line":105,"column":6},"end":{"line":105,"column":null}},"22":{"start":{"line":112,"column":6},"end":{"line":112,"column":null}},"23":{"start":{"line":113,"column":27},"end":{"line":146,"column":null}},"24":{"start":{"line":117,"column":49},"end":{"line":128,"column":10}},"25":{"start":{"line":147,"column":6},"end":{"line":147,"column":null}},"26":{"start":{"line":148,"column":6},"end":{"line":148,"column":null}},"27":{"start":{"line":152,"column":6},"end":{"line":152,"column":null}},"28":{"start":{"line":153,"column":20},"end":{"line":153,"column":null}},"29":{"start":{"line":153,"column":41},"end":{"line":153,"column":52}},"30":{"start":{"line":154,"column":6},"end":{"line":154,"column":null}},"31":{"start":{"line":154,"column":18},"end":{"line":154,"column":null}},"32":{"start":{"line":155,"column":6},"end":{"line":155,"column":null}},"33":{"start":{"line":159,"column":6},"end":{"line":159,"column":null}},"34":{"start":{"line":160,"column":6},"end":{"line":162,"column":null}},"35":{"start":{"line":161,"column":8},"end":{"line":161,"column":null}},"36":{"start":{"line":161,"column":38},"end":{"line":161,"column":57}},"37":{"start":{"line":163,"column":6},"end":{"line":163,"column":null}},"38":{"start":{"line":167,"column":6},"end":{"line":167,"column":null}},"39":{"start":{"line":168,"column":20},"end":{"line":168,"column":null}},"40":{"start":{"line":168,"column":41},"end":{"line":168,"column":52}},"41":{"start":{"line":169,"column":6},"end":{"line":169,"column":null}},"42":{"start":{"line":169,"column":18},"end":{"line":169,"column":null}},"43":{"start":{"line":170,"column":6},"end":{"line":170,"column":null}},"44":{"start":{"line":171,"column":6},"end":{"line":171,"column":null}},"45":{"start":{"line":172,"column":6},"end":{"line":172,"column":null}},"46":{"start":{"line":172,"column":29},"end":{"line":172,"column":null}},"47":{"start":{"line":173,"column":6},"end":{"line":173,"column":null}},"48":{"start":{"line":173,"column":32},"end":{"line":173,"column":null}},"49":{"start":{"line":174,"column":6},"end":{"line":174,"column":null}},"50":{"start":{"line":174,"column":34},"end":{"line":174,"column":null}},"51":{"start":{"line":175,"column":6},"end":{"line":175,"column":null}},"52":{"start":{"line":179,"column":6},"end":{"line":179,"column":null}},"53":{"start":{"line":180,"column":20},"end":{"line":180,"column":null}},"54":{"start":{"line":180,"column":41},"end":{"line":180,"column":52}},"55":{"start":{"line":181,"column":6},"end":{"line":181,"column":null}},"56":{"start":{"line":181,"column":18},"end":{"line":181,"column":null}},"57":{"start":{"line":182,"column":6},"end":{"line":182,"column":null}},"58":{"start":{"line":183,"column":6},"end":{"line":183,"column":null}},"59":{"start":{"line":184,"column":6},"end":{"line":184,"column":null}},"60":{"start":{"line":185,"column":6},"end":{"line":185,"column":null}},"61":{"start":{"line":192,"column":6},"end":{"line":192,"column":null}},"62":{"start":{"line":193,"column":6},"end":{"line":193,"column":null}},"63":{"start":{"line":197,"column":6},"end":{"line":197,"column":null}},"64":{"start":{"line":198,"column":6},"end":{"line":198,"column":null}},"65":{"start":{"line":202,"column":6},"end":{"line":202,"column":null}},"66":{"start":{"line":203,"column":6},"end":{"line":203,"column":null}},"67":{"start":{"line":207,"column":6},"end":{"line":207,"column":null}},"68":{"start":{"line":208,"column":6},"end":{"line":208,"column":null}},"69":{"start":{"line":212,"column":6},"end":{"line":212,"column":null}},"70":{"start":{"line":213,"column":19},"end":{"line":213,"column":null}},"71":{"start":{"line":213,"column":39},"end":{"line":213,"column":59}},"72":{"start":{"line":214,"column":20},"end":{"line":214,"column":null}},"73":{"start":{"line":214,"column":41},"end":{"line":214,"column":66}},"74":{"start":{"line":215,"column":20},"end":{"line":215,"column":null}},"75":{"start":{"line":215,"column":41},"end":{"line":215,"column":66}},"76":{"start":{"line":217,"column":24},"end":{"line":217,"column":null}},"77":{"start":{"line":218,"column":28},"end":{"line":218,"column":null}},"78":{"start":{"line":219,"column":25},"end":{"line":219,"column":null}},"79":{"start":{"line":220,"column":23},"end":{"line":220,"column":null}},"80":{"start":{"line":221,"column":23},"end":{"line":221,"column":null}},"81":{"start":{"line":222,"column":23},"end":{"line":222,"column":null}},"82":{"start":{"line":223,"column":20},"end":{"line":223,"column":null}},"83":{"start":{"line":225,"column":6},"end":{"line":233,"column":null}},"84":{"start":{"line":240,"column":6},"end":{"line":240,"column":null}},"85":{"start":{"line":241,"column":6},"end":{"line":241,"column":null}},"86":{"start":{"line":241,"column":42},"end":{"line":241,"column":null}},"87":{"start":{"line":242,"column":6},"end":{"line":242,"column":null}},"88":{"start":{"line":246,"column":6},"end":{"line":246,"column":null}},"89":{"start":{"line":247,"column":6},"end":{"line":250,"column":null}},"90":{"start":{"line":248,"column":8},"end":{"line":248,"column":null}},"91":{"start":{"line":249,"column":8},"end":{"line":249,"column":null}},"92":{"start":{"line":251,"column":6},"end":{"line":251,"column":null}},"93":{"start":{"line":255,"column":6},"end":{"line":255,"column":null}},"94":{"start":{"line":256,"column":6},"end":{"line":256,"column":null}},"95":{"start":{"line":260,"column":6},"end":{"line":260,"column":null}},"96":{"start":{"line":261,"column":6},"end":{"line":261,"column":null}}},"fnMap":{"0":{"name":"(anonymous_0)","decl":{"start":{"line":15,"column":14},"end":{"line":15,"column":15}},"loc":{"start":{"line":15,"column":30},"end":{"line":15,"column":null}},"line":15},"1":{"name":"(anonymous_1)","decl":{"start":{"line":15,"column":42},"end":{"line":15,"column":53}},"loc":{"start":{"line":15,"column":53},"end":{"line":15,"column":76}},"line":15},"2":{"name":"(anonymous_2)","decl":{"start":{"line":63,"column":10},"end":{"line":63,"column":16}},"loc":{"start":{"line":63,"column":37},"end":{"line":76,"column":null}},"line":63},"3":{"name":"(anonymous_3)","decl":{"start":{"line":78,"column":10},"end":{"line":78,"column":19}},"loc":{"start":{"line":78,"column":53},"end":{"line":91,"column":null}},"line":78},"4":{"name":"(anonymous_4)","decl":{"start":{"line":93,"column":10},"end":{"line":93,"column":19}},"loc":{"start":{"line":93,"column":19},"end":{"line":96,"column":null}},"line":93},"5":{"name":"(anonymous_5)","decl":{"start":{"line":98,"column":10},"end":{"line":98,"column":23}},"loc":{"start":{"line":98,"column":23},"end":{"line":101,"column":null}},"line":98},"6":{"name":"(anonymous_6)","decl":{"start":{"line":103,"column":10},"end":{"line":103,"column":24}},"loc":{"start":{"line":103,"column":31},"end":{"line":106,"column":null}},"line":103},"7":{"name":"(anonymous_7)","decl":{"start":{"line":111,"column":10},"end":{"line":111,"column":17}},"loc":{"start":{"line":111,"column":24},"end":{"line":149,"column":null}},"line":111},"8":{"name":"(anonymous_8)","decl":{"start":{"line":117,"column":31},"end":{"line":117,"column":32}},"loc":{"start":{"line":117,"column":49},"end":{"line":128,"column":10}},"line":117},"9":{"name":"(anonymous_9)","decl":{"start":{"line":151,"column":10},"end":{"line":151,"column":14}},"loc":{"start":{"line":151,"column":18},"end":{"line":156,"column":null}},"line":151},"10":{"name":"(anonymous_10)","decl":{"start":{"line":153,"column":36},"end":{"line":153,"column":41}},"loc":{"start":{"line":153,"column":41},"end":{"line":153,"column":52}},"line":153},"11":{"name":"(anonymous_11)","decl":{"start":{"line":158,"column":10},"end":{"line":158,"column":15}},"loc":{"start":{"line":158,"column":23},"end":{"line":164,"column":null}},"line":158},"12":{"name":"(anonymous_12)","decl":{"start":{"line":161,"column":33},"end":{"line":161,"column":38}},"loc":{"start":{"line":161,"column":38},"end":{"line":161,"column":57}},"line":161},"13":{"name":"(anonymous_13)","decl":{"start":{"line":166,"column":10},"end":{"line":166,"column":23}},"loc":{"start":{"line":166,"column":35},"end":{"line":176,"column":null}},"line":166},"14":{"name":"(anonymous_14)","decl":{"start":{"line":168,"column":36},"end":{"line":168,"column":41}},"loc":{"start":{"line":168,"column":41},"end":{"line":168,"column":52}},"line":168},"15":{"name":"(anonymous_15)","decl":{"start":{"line":178,"column":10},"end":{"line":178,"column":22}},"loc":{"start":{"line":178,"column":51},"end":{"line":186,"column":null}},"line":178},"16":{"name":"(anonymous_16)","decl":{"start":{"line":180,"column":36},"end":{"line":180,"column":41}},"loc":{"start":{"line":180,"column":41},"end":{"line":180,"column":52}},"line":180},"17":{"name":"(anonymous_17)","decl":{"start":{"line":191,"column":10},"end":{"line":191,"column":22}},"loc":{"start":{"line":191,"column":22},"end":{"line":194,"column":null}},"line":191},"18":{"name":"(anonymous_18)","decl":{"start":{"line":196,"column":10},"end":{"line":196,"column":21}},"loc":{"start":{"line":196,"column":21},"end":{"line":199,"column":null}},"line":196},"19":{"name":"(anonymous_19)","decl":{"start":{"line":201,"column":10},"end":{"line":201,"column":22}},"loc":{"start":{"line":201,"column":22},"end":{"line":204,"column":null}},"line":201},"20":{"name":"(anonymous_20)","decl":{"start":{"line":206,"column":10},"end":{"line":206,"column":22}},"loc":{"start":{"line":206,"column":22},"end":{"line":209,"column":null}},"line":206},"21":{"name":"(anonymous_21)","decl":{"start":{"line":211,"column":10},"end":{"line":211,"column":25}},"loc":{"start":{"line":211,"column":33},"end":{"line":234,"column":null}},"line":211},"22":{"name":"(anonymous_22)","decl":{"start":{"line":213,"column":34},"end":{"line":213,"column":39}},"loc":{"start":{"line":213,"column":39},"end":{"line":213,"column":59}},"line":213},"23":{"name":"(anonymous_23)","decl":{"start":{"line":214,"column":36},"end":{"line":214,"column":41}},"loc":{"start":{"line":214,"column":41},"end":{"line":214,"column":66}},"line":214},"24":{"name":"(anonymous_24)","decl":{"start":{"line":215,"column":36},"end":{"line":215,"column":41}},"loc":{"start":{"line":215,"column":41},"end":{"line":215,"column":66}},"line":215},"25":{"name":"(anonymous_25)","decl":{"start":{"line":239,"column":10},"end":{"line":239,"column":14}},"loc":{"start":{"line":239,"column":18},"end":{"line":243,"column":null}},"line":239},"26":{"name":"(anonymous_26)","decl":{"start":{"line":245,"column":10},"end":{"line":245,"column":17}},"loc":{"start":{"line":245,"column":27},"end":{"line":252,"column":null}},"line":245},"27":{"name":"(anonymous_27)","decl":{"start":{"line":254,"column":10},"end":{"line":254,"column":23}},"loc":{"start":{"line":254,"column":31},"end":{"line":257,"column":null}},"line":254},"28":{"name":"(anonymous_28)","decl":{"start":{"line":259,"column":10},"end":{"line":259,"column":21}},"loc":{"start":{"line":259,"column":38},"end":{"line":262,"column":null}},"line":259}},"branchMap":{"0":{"loc":{"start":{"line":115,"column":16},"end":{"line":115,"column":null}},"type":"binary-expr","locations":[{"start":{"line":115,"column":16},"end":{"line":115,"column":32}},{"start":{"line":115,"column":32},"end":{"line":115,"column":null}}],"line":115},"1":{"loc":{"start":{"line":121,"column":31},"end":{"line":121,"column":null}},"type":"binary-expr","locations":[{"start":{"line":121,"column":31},"end":{"line":121,"column":59}},{"start":{"line":121,"column":59},"end":{"line":121,"column":null}}],"line":121},"2":{"loc":{"start":{"line":134,"column":21},"end":{"line":134,"column":null}},"type":"binary-expr","locations":[{"start":{"line":134,"column":21},"end":{"line":134,"column":42}},{"start":{"line":134,"column":42},"end":{"line":134,"column":null}}],"line":134},"3":{"loc":{"start":{"line":135,"column":18},"end":{"line":135,"column":null}},"type":"binary-expr","locations":[{"start":{"line":135,"column":18},"end":{"line":135,"column":36}},{"start":{"line":135,"column":36},"end":{"line":135,"column":null}}],"line":135},"4":{"loc":{"start":{"line":137,"column":24},"end":{"line":137,"column":null}},"type":"binary-expr","locations":[{"start":{"line":137,"column":24},"end":{"line":137,"column":48}},{"start":{"line":137,"column":48},"end":{"line":137,"column":null}}],"line":137},"5":{"loc":{"start":{"line":154,"column":6},"end":{"line":154,"column":null}},"type":"if","locations":[{"start":{"line":154,"column":6},"end":{"line":154,"column":null}},{"start":{},"end":{}}],"line":154},"6":{"loc":{"start":{"line":160,"column":6},"end":{"line":162,"column":null}},"type":"if","locations":[{"start":{"line":160,"column":6},"end":{"line":162,"column":null}},{"start":{},"end":{}}],"line":160},"7":{"loc":{"start":{"line":169,"column":6},"end":{"line":169,"column":null}},"type":"if","locations":[{"start":{"line":169,"column":6},"end":{"line":169,"column":null}},{"start":{},"end":{}}],"line":169},"8":{"loc":{"start":{"line":172,"column":6},"end":{"line":172,"column":null}},"type":"if","locations":[{"start":{"line":172,"column":6},"end":{"line":172,"column":null}},{"start":{},"end":{}}],"line":172},"9":{"loc":{"start":{"line":173,"column":6},"end":{"line":173,"column":null}},"type":"if","locations":[{"start":{"line":173,"column":6},"end":{"line":173,"column":null}},{"start":{},"end":{}}],"line":173},"10":{"loc":{"start":{"line":174,"column":6},"end":{"line":174,"column":null}},"type":"if","locations":[{"start":{"line":174,"column":6},"end":{"line":174,"column":null}},{"start":{},"end":{}}],"line":174},"11":{"loc":{"start":{"line":181,"column":6},"end":{"line":181,"column":null}},"type":"if","locations":[{"start":{"line":181,"column":6},"end":{"line":181,"column":null}},{"start":{},"end":{}}],"line":181},"12":{"loc":{"start":{"line":221,"column":23},"end":{"line":221,"column":null}},"type":"cond-expr","locations":[{"start":{"line":221,"column":41},"end":{"line":221,"column":45}},{"start":{"line":221,"column":45},"end":{"line":221,"column":null}}],"line":221},"13":{"loc":{"start":{"line":241,"column":6},"end":{"line":241,"column":null}},"type":"if","locations":[{"start":{"line":241,"column":6},"end":{"line":241,"column":null}},{"start":{},"end":{}}],"line":241},"14":{"loc":{"start":{"line":241,"column":10},"end":{"line":241,"column":42}},"type":"binary-expr","locations":[{"start":{"line":241,"column":10},"end":{"line":241,"column":22}},{"start":{"line":241,"column":22},"end":{"line":241,"column":42}}],"line":241},"15":{"loc":{"start":{"line":247,"column":6},"end":{"line":250,"column":null}},"type":"if","locations":[{"start":{"line":247,"column":6},"end":{"line":250,"column":null}},{"start":{},"end":{}}],"line":247},"16":{"loc":{"start":{"line":247,"column":10},"end":{"line":247,"column":42}},"type":"binary-expr","locations":[{"start":{"line":247,"column":10},"end":{"line":247,"column":22}},{"start":{"line":247,"column":22},"end":{"line":247,"column":42}}],"line":247}},"s":{"0":0,"1":0,"2":0,"3":0,"4":0,"5":0,"6":0,"7":0,"8":0,"9":0,"10":0,"11":0,"12":0,"13":0,"14":0,"15":0,"16":0,"17":0,"18":0,"19":0,"20":0,"21":0,"22":0,"23":0,"24":0,"25":0,"26":0,"27":0,"28":0,"29":0,"30":0,"31":0,"32":0,"33":0,"34":0,"35":0,"36":0,"37":0,"38":0,"39":0,"40":0,"41":0,"42":0,"43":0,"44":0,"45":0,"46":0,"47":0,"48":0,"49":0,"50":0,"51":0,"52":0,"53":0,"54":0,"55":0,"56":0,"57":0,"58":0,"59":0,"60":0,"61":0,"62":0,"63":0,"64":0,"65":0,"66":0,"67":0,"68":0,"69":0,"70":0,"71":0,"72":0,"73":0,"74":0,"75":0,"76":0,"77":0,"78":0,"79":0,"80":0,"81":0,"82":0,"83":0,"84":0,"85":0,"86":0,"87":0,"88":0,"89":0,"90":0,"91":0,"92":0,"93":0,"94":0,"95":0,"96":0},"f":{"0":0,"1":0,"2":0,"3":0,"4":0,"5":0,"6":0,"7":0,"8":0,"9":0,"10":0,"11":0,"12":0,"13":0,"14":0,"15":0,"16":0,"17":0,"18":0,"19":0,"20":0,"21":0,"22":0,"23":0,"24":0,"25":0,"26":0,"27":0,"28":0},"b":{"0":[0,0],"1":[0,0],"2":[0,0],"3":[0,0],"4":[0,0],"5":[0,0],"6":[0,0],"7":[0,0],"8":[0,0],"9":[0,0],"10":[0,0],"11":[0,0],"12":[0,0],"13":[0,0],"14":[0,0],"15":[0,0],"16":[0,0]},"meta":{"lastBranch":17,"lastFunction":29,"lastStatement":97,"seen":{"s:15:14:15:Infinity":0,"f:15:14:15:15":0,"s:15:30:15:Infinity":1,"f:15:42:15:53":1,"s:15:53:15:76":2,"s:18:28:18:Infinity":3,"s:19:28:19:Infinity":4,"s:25:28:34:Infinity":5,"s:36:26:41:Infinity":6,"s:43:28:47:Infinity":7,"s:49:28:54:Infinity":8,"s:60:37:264:Infinity":9,"f:63:10:63:16":2,"s:64:6:64:Infinity":10,"s:66:6:74:Infinity":11,"s:75:6:75:Infinity":12,"f:78:10:78:19":3,"s:79:6:79:Infinity":13,"s:80:6:89:Infinity":14,"s:90:6:90:Infinity":15,"f:93:10:93:19":4,"s:94:6:94:Infinity":16,"s:95:6:95:Infinity":17,"f:98:10:98:23":5,"s:99:6:99:Infinity":18,"s:100:6:100:Infinity":19,"f:103:10:103:24":6,"s:104:6:104:Infinity":20,"s:105:6:105:Infinity":21,"f:111:10:111:17":7,"s:112:6:112:Infinity":22,"s:113:27:146:Infinity":23,"b:115:16:115:32:115:32:115:Infinity":0,"f:117:31:117:32":8,"s:117:49:128:10":24,"b:121:31:121:59:121:59:121:Infinity":1,"b:134:21:134:42:134:42:134:Infinity":2,"b:135:18:135:36:135:36:135:Infinity":3,"b:137:24:137:48:137:48:137:Infinity":4,"s:147:6:147:Infinity":25,"s:148:6:148:Infinity":26,"f:151:10:151:14":9,"s:152:6:152:Infinity":27,"s:153:20:153:Infinity":28,"f:153:36:153:41":10,"s:153:41:153:52":29,"b:154:6:154:Infinity:undefined:undefined:undefined:undefined":5,"s:154:6:154:Infinity":30,"s:154:18:154:Infinity":31,"s:155:6:155:Infinity":32,"f:158:10:158:15":11,"s:159:6:159:Infinity":33,"b:160:6:162:Infinity:undefined:undefined:undefined:undefined":6,"s:160:6:162:Infinity":34,"s:161:8:161:Infinity":35,"f:161:33:161:38":12,"s:161:38:161:57":36,"s:163:6:163:Infinity":37,"f:166:10:166:23":13,"s:167:6:167:Infinity":38,"s:168:20:168:Infinity":39,"f:168:36:168:41":14,"s:168:41:168:52":40,"b:169:6:169:Infinity:undefined:undefined:undefined:undefined":7,"s:169:6:169:Infinity":41,"s:169:18:169:Infinity":42,"s:170:6:170:Infinity":43,"s:171:6:171:Infinity":44,"b:172:6:172:Infinity:undefined:undefined:undefined:undefined":8,"s:172:6:172:Infinity":45,"s:172:29:172:Infinity":46,"b:173:6:173:Infinity:undefined:undefined:undefined:undefined":9,"s:173:6:173:Infinity":47,"s:173:32:173:Infinity":48,"b:174:6:174:Infinity:undefined:undefined:undefined:undefined":10,"s:174:6:174:Infinity":49,"s:174:34:174:Infinity":50,"s:175:6:175:Infinity":51,"f:178:10:178:22":15,"s:179:6:179:Infinity":52,"s:180:20:180:Infinity":53,"f:180:36:180:41":16,"s:180:41:180:52":54,"b:181:6:181:Infinity:undefined:undefined:undefined:undefined":11,"s:181:6:181:Infinity":55,"s:181:18:181:Infinity":56,"s:182:6:182:Infinity":57,"s:183:6:183:Infinity":58,"s:184:6:184:Infinity":59,"s:185:6:185:Infinity":60,"f:191:10:191:22":17,"s:192:6:192:Infinity":61,"s:193:6:193:Infinity":62,"f:196:10:196:21":18,"s:197:6:197:Infinity":63,"s:198:6:198:Infinity":64,"f:201:10:201:22":19,"s:202:6:202:Infinity":65,"s:203:6:203:Infinity":66,"f:206:10:206:22":20,"s:207:6:207:Infinity":67,"s:208:6:208:Infinity":68,"f:211:10:211:25":21,"s:212:6:212:Infinity":69,"s:213:19:213:Infinity":70,"f:213:34:213:39":22,"s:213:39:213:59":71,"s:214:20:214:Infinity":72,"f:214:36:214:41":23,"s:214:41:214:66":73,"s:215:20:215:Infinity":74,"f:215:36:215:41":24,"s:215:41:215:66":75,"s:217:24:217:Infinity":76,"s:218:28:218:Infinity":77,"s:219:25:219:Infinity":78,"s:220:23:220:Infinity":79,"s:221:23:221:Infinity":80,"b:221:41:221:45:221:45:221:Infinity":12,"s:222:23:222:Infinity":81,"s:223:20:223:Infinity":82,"s:225:6:233:Infinity":83,"f:239:10:239:14":25,"s:240:6:240:Infinity":84,"b:241:6:241:Infinity:undefined:undefined:undefined:undefined":13,"s:241:6:241:Infinity":85,"b:241:10:241:22:241:22:241:42":14,"s:241:42:241:Infinity":86,"s:242:6:242:Infinity":87,"f:245:10:245:17":26,"s:246:6:246:Infinity":88,"b:247:6:250:Infinity:undefined:undefined:undefined:undefined":15,"s:247:6:250:Infinity":89,"b:247:10:247:22:247:22:247:42":16,"s:248:8:248:Infinity":90,"s:249:8:249:Infinity":91,"s:251:6:251:Infinity":92,"f:254:10:254:23":27,"s:255:6:255:Infinity":93,"s:256:6:256:Infinity":94,"f:259:10:259:21":28,"s:260:6:260:Infinity":95,"s:261:6:261:Infinity":96}}}
,"/Users/mymac/Desktop/footprint/footprint/lib/api/types.ts": {"path":"/Users/mymac/Desktop/footprint/footprint/lib/api/types.ts","statementMap":{},"fnMap":{},"branchMap":{},"s":{},"f":{},"b":{},"meta":{"lastBranch":0,"lastFunction":0,"lastStatement":0,"seen":{}}}
,"/Users/mymac/Desktop/footprint/footprint/lib/api/uzerflow.ts": {"path":"/Users/mymac/Desktop/footprint/footprint/lib/api/uzerflow.ts","statementMap":{"0":{"start":{"line":12,"column":25},"end":{"line":12,"column":null}},"1":{"start":{"line":13,"column":25},"end":{"line":13,"column":null}},"2":{"start":{"line":20,"column":2},"end":{"line":22,"column":null}},"3":{"start":{"line":21,"column":4},"end":{"line":21,"column":null}},"4":{"start":{"line":24,"column":19},"end":{"line":31,"column":null}},"5":{"start":{"line":33,"column":2},"end":{"line":36,"column":null}},"6":{"start":{"line":34,"column":18},"end":{"line":34,"column":null}},"7":{"start":{"line":34,"column":53},"end":{"line":34,"column":82}},"8":{"start":{"line":35,"column":4},"end":{"line":35,"column":null}},"9":{"start":{"line":38,"column":2},"end":{"line":38,"column":null}},"10":{"start":{"line":45,"column":41},"end":{"line":165,"column":null}},"11":{"start":{"line":49,"column":6},"end":{"line":52,"column":null}},"12":{"start":{"line":56,"column":6},"end":{"line":59,"column":null}},"13":{"start":{"line":63,"column":6},"end":{"line":63,"column":null}},"14":{"start":{"line":67,"column":6},"end":{"line":71,"column":null}},"15":{"start":{"line":68,"column":8},"end":{"line":68,"column":null}},"16":{"start":{"line":70,"column":8},"end":{"line":70,"column":null}},"17":{"start":{"line":75,"column":6},"end":{"line":78,"column":null}},"18":{"start":{"line":85,"column":6},"end":{"line":88,"column":null}},"19":{"start":{"line":92,"column":6},"end":{"line":92,"column":null}},"20":{"start":{"line":96,"column":20},"end":{"line":96,"column":null}},"21":{"start":{"line":97,"column":6},"end":{"line":97,"column":null}},"22":{"start":{"line":101,"column":6},"end":{"line":104,"column":null}},"23":{"start":{"line":108,"column":6},"end":{"line":111,"column":null}},"24":{"start":{"line":118,"column":6},"end":{"line":118,"column":null}},"25":{"start":{"line":122,"column":6},"end":{"line":122,"column":null}},"26":{"start":{"line":126,"column":6},"end":{"line":126,"column":null}},"27":{"start":{"line":130,"column":6},"end":{"line":130,"column":null}},"28":{"start":{"line":134,"column":6},"end":{"line":137,"column":null}},"29":{"start":{"line":144,"column":6},"end":{"line":144,"column":null}},"30":{"start":{"line":148,"column":6},"end":{"line":151,"column":null}},"31":{"start":{"line":155,"column":6},"end":{"line":155,"column":null}},"32":{"start":{"line":159,"column":6},"end":{"line":162,"column":null}}},"fnMap":{"0":{"name":"uzerflowFetch","decl":{"start":{"line":16,"column":15},"end":{"line":16,"column":null}},"loc":{"start":{"line":19,"column":14},"end":{"line":39,"column":null}},"line":19},"1":{"name":"(anonymous_1)","decl":{"start":{"line":34,"column":46},"end":{"line":34,"column":53}},"loc":{"start":{"line":34,"column":53},"end":{"line":34,"column":82}},"line":34},"2":{"name":"(anonymous_2)","decl":{"start":{"line":48,"column":10},"end":{"line":48,"column":16}},"loc":{"start":{"line":48,"column":37},"end":{"line":53,"column":null}},"line":48},"3":{"name":"(anonymous_3)","decl":{"start":{"line":55,"column":10},"end":{"line":55,"column":19}},"loc":{"start":{"line":55,"column":53},"end":{"line":60,"column":null}},"line":55},"4":{"name":"(anonymous_4)","decl":{"start":{"line":62,"column":10},"end":{"line":62,"column":19}},"loc":{"start":{"line":62,"column":19},"end":{"line":64,"column":null}},"line":62},"5":{"name":"(anonymous_5)","decl":{"start":{"line":66,"column":10},"end":{"line":66,"column":23}},"loc":{"start":{"line":66,"column":23},"end":{"line":72,"column":null}},"line":66},"6":{"name":"(anonymous_6)","decl":{"start":{"line":74,"column":10},"end":{"line":74,"column":24}},"loc":{"start":{"line":74,"column":31},"end":{"line":79,"column":null}},"line":74},"7":{"name":"(anonymous_7)","decl":{"start":{"line":84,"column":10},"end":{"line":84,"column":17}},"loc":{"start":{"line":84,"column":24},"end":{"line":89,"column":null}},"line":84},"8":{"name":"(anonymous_8)","decl":{"start":{"line":91,"column":10},"end":{"line":91,"column":14}},"loc":{"start":{"line":91,"column":18},"end":{"line":93,"column":null}},"line":91},"9":{"name":"(anonymous_9)","decl":{"start":{"line":95,"column":10},"end":{"line":95,"column":15}},"loc":{"start":{"line":95,"column":23},"end":{"line":98,"column":null}},"line":95},"10":{"name":"(anonymous_10)","decl":{"start":{"line":100,"column":10},"end":{"line":100,"column":23}},"loc":{"start":{"line":100,"column":35},"end":{"line":105,"column":null}},"line":100},"11":{"name":"(anonymous_11)","decl":{"start":{"line":107,"column":10},"end":{"line":107,"column":22}},"loc":{"start":{"line":107,"column":51},"end":{"line":112,"column":null}},"line":107},"12":{"name":"(anonymous_12)","decl":{"start":{"line":117,"column":10},"end":{"line":117,"column":22}},"loc":{"start":{"line":117,"column":22},"end":{"line":119,"column":null}},"line":117},"13":{"name":"(anonymous_13)","decl":{"start":{"line":121,"column":10},"end":{"line":121,"column":21}},"loc":{"start":{"line":121,"column":21},"end":{"line":123,"column":null}},"line":121},"14":{"name":"(anonymous_14)","decl":{"start":{"line":125,"column":10},"end":{"line":125,"column":22}},"loc":{"start":{"line":125,"column":22},"end":{"line":127,"column":null}},"line":125},"15":{"name":"(anonymous_15)","decl":{"start":{"line":129,"column":10},"end":{"line":129,"column":22}},"loc":{"start":{"line":129,"column":22},"end":{"line":131,"column":null}},"line":129},"16":{"name":"(anonymous_16)","decl":{"start":{"line":133,"column":10},"end":{"line":133,"column":25}},"loc":{"start":{"line":133,"column":33},"end":{"line":138,"column":null}},"line":133},"17":{"name":"(anonymous_17)","decl":{"start":{"line":143,"column":10},"end":{"line":143,"column":14}},"loc":{"start":{"line":143,"column":18},"end":{"line":145,"column":null}},"line":143},"18":{"name":"(anonymous_18)","decl":{"start":{"line":147,"column":10},"end":{"line":147,"column":17}},"loc":{"start":{"line":147,"column":27},"end":{"line":152,"column":null}},"line":147},"19":{"name":"(anonymous_19)","decl":{"start":{"line":154,"column":10},"end":{"line":154,"column":23}},"loc":{"start":{"line":154,"column":31},"end":{"line":156,"column":null}},"line":154},"20":{"name":"(anonymous_20)","decl":{"start":{"line":158,"column":10},"end":{"line":158,"column":21}},"loc":{"start":{"line":158,"column":38},"end":{"line":163,"column":null}},"line":158}},"branchMap":{"0":{"loc":{"start":{"line":18,"column":2},"end":{"line":18,"column":null}},"type":"default-arg","locations":[{"start":{"line":18,"column":25},"end":{"line":18,"column":null}}],"line":18},"1":{"loc":{"start":{"line":20,"column":2},"end":{"line":22,"column":null}},"type":"if","locations":[{"start":{"line":20,"column":2},"end":{"line":22,"column":null}},{"start":{},"end":{}}],"line":20},"2":{"loc":{"start":{"line":20,"column":6},"end":{"line":20,"column":46}},"type":"binary-expr","locations":[{"start":{"line":20,"column":6},"end":{"line":20,"column":27}},{"start":{"line":20,"column":27},"end":{"line":20,"column":46}}],"line":20},"3":{"loc":{"start":{"line":33,"column":2},"end":{"line":36,"column":null}},"type":"if","locations":[{"start":{"line":33,"column":2},"end":{"line":36,"column":null}},{"start":{},"end":{}}],"line":33},"4":{"loc":{"start":{"line":35,"column":20},"end":{"line":35,"column":77}},"type":"binary-expr","locations":[{"start":{"line":35,"column":20},"end":{"line":35,"column":37}},{"start":{"line":35,"column":37},"end":{"line":35,"column":77}}],"line":35},"5":{"loc":{"start":{"line":96,"column":20},"end":{"line":96,"column":null}},"type":"cond-expr","locations":[{"start":{"line":96,"column":29},"end":{"line":96,"column":51}},{"start":{"line":96,"column":51},"end":{"line":96,"column":null}}],"line":96}},"s":{"0":0,"1":0,"2":0,"3":0,"4":0,"5":0,"6":0,"7":0,"8":0,"9":0,"10":0,"11":0,"12":0,"13":0,"14":0,"15":0,"16":0,"17":0,"18":0,"19":0,"20":0,"21":0,"22":0,"23":0,"24":0,"25":0,"26":0,"27":0,"28":0,"29":0,"30":0,"31":0,"32":0},"f":{"0":0,"1":0,"2":0,"3":0,"4":0,"5":0,"6":0,"7":0,"8":0,"9":0,"10":0,"11":0,"12":0,"13":0,"14":0,"15":0,"16":0,"17":0,"18":0,"19":0,"20":0},"b":{"0":[0],"1":[0,0],"2":[0,0],"3":[0,0],"4":[0,0],"5":[0,0]},"meta":{"lastBranch":6,"lastFunction":21,"lastStatement":33,"seen":{"s:12:25:12:Infinity":0,"s:13:25:13:Infinity":1,"f:16:15:16:Infinity":0,"b:18:25:18:Infinity":0,"b:20:2:22:Infinity:undefined:undefined:undefined:undefined":1,"s:20:2:22:Infinity":2,"b:20:6:20:27:20:27:20:46":2,"s:21:4:21:Infinity":3,"s:24:19:31:Infinity":4,"b:33:2:36:Infinity:undefined:undefined:undefined:undefined":3,"s:33:2:36:Infinity":5,"s:34:18:34:Infinity":6,"f:34:46:34:53":1,"s:34:53:34:82":7,"s:35:4:35:Infinity":8,"b:35:20:35:37:35:37:35:77":4,"s:38:2:38:Infinity":9,"s:45:41:165:Infinity":10,"f:48:10:48:16":2,"s:49:6:52:Infinity":11,"f:55:10:55:19":3,"s:56:6:59:Infinity":12,"f:62:10:62:19":4,"s:63:6:63:Infinity":13,"f:66:10:66:23":5,"s:67:6:71:Infinity":14,"s:68:8:68:Infinity":15,"s:70:8:70:Infinity":16,"f:74:10:74:24":6,"s:75:6:78:Infinity":17,"f:84:10:84:17":7,"s:85:6:88:Infinity":18,"f:91:10:91:14":8,"s:92:6:92:Infinity":19,"f:95:10:95:15":9,"s:96:20:96:Infinity":20,"b:96:29:96:51:96:51:96:Infinity":5,"s:97:6:97:Infinity":21,"f:100:10:100:23":10,"s:101:6:104:Infinity":22,"f:107:10:107:22":11,"s:108:6:111:Infinity":23,"f:117:10:117:22":12,"s:118:6:118:Infinity":24,"f:121:10:121:21":13,"s:122:6:122:Infinity":25,"f:125:10:125:22":14,"s:126:6:126:Infinity":26,"f:129:10:129:22":15,"s:130:6:130:Infinity":27,"f:133:10:133:25":16,"s:134:6:137:Infinity":28,"f:143:10:143:14":17,"s:144:6:144:Infinity":29,"f:147:10:147:17":18,"s:148:6:151:Infinity":30,"f:154:10:154:23":19,"s:155:6:155:Infinity":31,"f:158:10:158:21":20,"s:159:6:162:Infinity":32}}}
,"/Users/mymac/Desktop/footprint/footprint/lib/email/resend.ts": {"path":"/Users/mymac/Desktop/footprint/footprint/lib/email/resend.ts","statementMap":{"0":{"start":{"line":51,"column":23},"end":{"line":51,"column":null}},"1":{"start":{"line":52,"column":27},"end":{"line":52,"column":null}},"2":{"start":{"line":58,"column":17},"end":{"line":58,"column":null}},"3":{"start":{"line":60,"column":2},"end":{"line":62,"column":null}},"4":{"start":{"line":61,"column":4},"end":{"line":61,"column":null}},"5":{"start":{"line":64,"column":2},"end":{"line":67,"column":null}},"6":{"start":{"line":80,"column":8},"end":{"line":80,"column":null}},"7":{"start":{"line":81,"column":17},"end":{"line":81,"column":null}},"8":{"start":{"line":82,"column":2},"end":{"line":82,"column":null}},"9":{"start":{"line":93,"column":91},"end":{"line":93,"column":null}},"10":{"start":{"line":95,"column":20},"end":{"line":105,"column":null}},"11":{"start":{"line":97,"column":16},"end":{"line":101,"column":null}},"12":{"start":{"line":107,"column":2},"end":{"line":184,"column":null}},"13":{"start":{"line":200,"column":2},"end":{"line":239,"column":null}},"14":{"start":{"line":201,"column":19},"end":{"line":201,"column":null}},"15":{"start":{"line":203,"column":22},"end":{"line":208,"column":null}},"16":{"start":{"line":210,"column":21},"end":{"line":217,"column":null}},"17":{"start":{"line":219,"column":4},"end":{"line":226,"column":null}},"18":{"start":{"line":220,"column":24},"end":{"line":220,"column":null}},"19":{"start":{"line":220,"column":59},"end":{"line":220,"column":62}},"20":{"start":{"line":221,"column":28},"end":{"line":221,"column":null}},"21":{"start":{"line":222,"column":6},"end":{"line":225,"column":null}},"22":{"start":{"line":228,"column":17},"end":{"line":228,"column":null}},"23":{"start":{"line":229,"column":4},"end":{"line":232,"column":null}},"24":{"start":{"line":234,"column":20},"end":{"line":234,"column":null}},"25":{"start":{"line":235,"column":4},"end":{"line":238,"column":null}},"26":{"start":{"line":259,"column":25},"end":{"line":259,"column":null}},"27":{"start":{"line":260,"column":15},"end":{"line":260,"column":null}},"28":{"start":{"line":262,"column":2},"end":{"line":266,"column":null}},"29":{"start":{"line":264,"column":23},"end":{"line":264,"column":null}},"30":{"start":{"line":265,"column":4},"end":{"line":265,"column":null}},"31":{"start":{"line":268,"column":2},"end":{"line":268,"column":null}}},"fnMap":{"0":{"name":"getResendConfig","decl":{"start":{"line":57,"column":16},"end":{"line":57,"column":48}},"loc":{"start":{"line":57,"column":48},"end":{"line":68,"column":null}},"line":57},"1":{"name":"generateOrderNumber","decl":{"start":{"line":79,"column":16},"end":{"line":79,"column":46}},"loc":{"start":{"line":79,"column":46},"end":{"line":83,"column":null}},"line":79},"2":{"name":"generateOrderConfirmationHtml","decl":{"start":{"line":92,"column":9},"end":{"line":92,"column":39}},"loc":{"start":{"line":92,"column":80},"end":{"line":185,"column":null}},"line":92},"3":{"name":"(anonymous_3)","decl":{"start":{"line":97,"column":6},"end":{"line":97,"column":7}},"loc":{"start":{"line":97,"column":16},"end":{"line":101,"column":null}},"line":97},"4":{"name":"sendOrderConfirmationEmail","decl":{"start":{"line":197,"column":22},"end":{"line":197,"column":null}},"loc":{"start":{"line":199,"column":24},"end":{"line":240,"column":null}},"line":199},"5":{"name":"(anonymous_5)","decl":{"start":{"line":220,"column":52},"end":{"line":220,"column":59}},"loc":{"start":{"line":220,"column":59},"end":{"line":220,"column":62}},"line":220},"6":{"name":"generateWhatsAppShareUrl","decl":{"start":{"line":254,"column":16},"end":{"line":254,"column":null}},"loc":{"start":{"line":258,"column":10},"end":{"line":269,"column":null}},"line":258}},"branchMap":{"0":{"loc":{"start":{"line":60,"column":2},"end":{"line":62,"column":null}},"type":"if","locations":[{"start":{"line":60,"column":2},"end":{"line":62,"column":null}},{"start":{},"end":{}}],"line":60},"1":{"loc":{"start":{"line":66,"column":15},"end":{"line":66,"column":null}},"type":"binary-expr","locations":[{"start":{"line":66,"column":15},"end":{"line":66,"column":41}},{"start":{"line":66,"column":41},"end":{"line":66,"column":null}}],"line":66},"2":{"loc":{"start":{"line":219,"column":4},"end":{"line":226,"column":null}},"type":"if","locations":[{"start":{"line":219,"column":4},"end":{"line":226,"column":null}},{"start":{},"end":{}}],"line":219},"3":{"loc":{"start":{"line":221,"column":28},"end":{"line":221,"column":null}},"type":"binary-expr","locations":[{"start":{"line":221,"column":28},"end":{"line":221,"column":74}},{"start":{"line":221,"column":74},"end":{"line":221,"column":null}}],"line":221},"4":{"loc":{"start":{"line":234,"column":20},"end":{"line":234,"column":null}},"type":"cond-expr","locations":[{"start":{"line":234,"column":45},"end":{"line":234,"column":61}},{"start":{"line":234,"column":61},"end":{"line":234,"column":null}}],"line":234},"5":{"loc":{"start":{"line":260,"column":34},"end":{"line":260,"column":59}},"type":"binary-expr","locations":[{"start":{"line":260,"column":34},"end":{"line":260,"column":45}},{"start":{"line":260,"column":45},"end":{"line":260,"column":59}}],"line":260},"6":{"loc":{"start":{"line":262,"column":2},"end":{"line":266,"column":null}},"type":"if","locations":[{"start":{"line":262,"column":2},"end":{"line":266,"column":null}},{"start":{},"end":{}}],"line":262}},"s":{"0":0,"1":0,"2":0,"3":0,"4":0,"5":0,"6":0,"7":0,"8":0,"9":0,"10":0,"11":0,"12":0,"13":0,"14":0,"15":0,"16":0,"17":0,"18":0,"19":0,"20":0,"21":0,"22":0,"23":0,"24":0,"25":0,"26":0,"27":0,"28":0,"29":0,"30":0,"31":0},"f":{"0":0,"1":0,"2":0,"3":0,"4":0,"5":0,"6":0},"b":{"0":[0,0],"1":[0,0],"2":[0,0],"3":[0,0],"4":[0,0],"5":[0,0],"6":[0,0]},"meta":{"lastBranch":7,"lastFunction":7,"lastStatement":32,"seen":{"s:51:23:51:Infinity":0,"s:52:27:52:Infinity":1,"f:57:16:57:48":0,"s:58:17:58:Infinity":2,"b:60:2:62:Infinity:undefined:undefined:undefined:undefined":0,"s:60:2:62:Infinity":3,"s:61:4:61:Infinity":4,"s:64:2:67:Infinity":5,"b:66:15:66:41:66:41:66:Infinity":1,"f:79:16:79:46":1,"s:80:8:80:Infinity":6,"s:81:17:81:Infinity":7,"s:82:2:82:Infinity":8,"f:92:9:92:39":2,"s:93:91:93:Infinity":9,"s:95:20:105:Infinity":10,"f:97:6:97:7":3,"s:97:16:101:Infinity":11,"s:107:2:184:Infinity":12,"f:197:22:197:Infinity":4,"s:200:2:239:Infinity":13,"s:201:19:201:Infinity":14,"s:203:22:208:Infinity":15,"s:210:21:217:Infinity":16,"b:219:4:226:Infinity:undefined:undefined:undefined:undefined":2,"s:219:4:226:Infinity":17,"s:220:24:220:Infinity":18,"f:220:52:220:59":5,"s:220:59:220:62":19,"s:221:28:221:Infinity":20,"b:221:28:221:74:221:74:221:Infinity":3,"s:222:6:225:Infinity":21,"s:228:17:228:Infinity":22,"s:229:4:232:Infinity":23,"s:234:20:234:Infinity":24,"b:234:45:234:61:234:61:234:Infinity":4,"s:235:4:238:Infinity":25,"f:254:16:254:Infinity":6,"s:259:25:259:Infinity":26,"s:260:15:260:Infinity":27,"b:260:34:260:45:260:45:260:59":5,"b:262:2:266:Infinity:undefined:undefined:undefined:undefined":6,"s:262:2:266:Infinity":28,"s:264:23:264:Infinity":29,"s:265:4:265:Infinity":30,"s:268:2:268:Infinity":31}}}
,"/Users/mymac/Desktop/footprint/footprint/lib/image/optimize.ts": {"path":"/Users/mymac/Desktop/footprint/footprint/lib/image/optimize.ts","statementMap":{"0":{"start":{"line":6,"column":29},"end":{"line":6,"column":null}},"1":{"start":{"line":11,"column":34},"end":{"line":16,"column":null}},"2":{"start":{"line":36,"column":4},"end":{"line":36,"column":null}},"3":{"start":{"line":37,"column":4},"end":{"line":37,"column":null}},"4":{"start":{"line":38,"column":4},"end":{"line":38,"column":null}},"5":{"start":{"line":83,"column":56},"end":{"line":89,"column":null}},"6":{"start":{"line":95,"column":2},"end":{"line":95,"column":null}},"7":{"start":{"line":102,"column":21},"end":{"line":102,"column":null}},"8":{"start":{"line":103,"column":44},"end":{"line":108,"column":null}},"9":{"start":{"line":109,"column":2},"end":{"line":109,"column":null}},"10":{"start":{"line":124,"column":2},"end":{"line":130,"column":null}},"11":{"start":{"line":125,"column":4},"end":{"line":129,"column":null}},"12":{"start":{"line":133,"column":2},"end":{"line":139,"column":null}},"13":{"start":{"line":134,"column":4},"end":{"line":138,"column":null}},"14":{"start":{"line":142,"column":25},"end":{"line":142,"column":null}},"15":{"start":{"line":143,"column":2},"end":{"line":149,"column":null}},"16":{"start":{"line":144,"column":4},"end":{"line":148,"column":null}},"17":{"start":{"line":151,"column":17},"end":{"line":151,"column":null}},"18":{"start":{"line":153,"column":2},"end":{"line":156,"column":null}},"19":{"start":{"line":166,"column":19},"end":{"line":166,"column":null}},"20":{"start":{"line":168,"column":2},"end":{"line":175,"column":null}},"21":{"start":{"line":192,"column":15},"end":{"line":192,"column":null}},"22":{"start":{"line":194,"column":6},"end":{"line":194,"column":null}},"23":{"start":{"line":197,"column":2},"end":{"line":204,"column":null}},"24":{"start":{"line":198,"column":4},"end":{"line":203,"column":null}},"25":{"start":{"line":207,"column":2},"end":{"line":218,"column":null}},"26":{"start":{"line":209,"column":6},"end":{"line":209,"column":null}},"27":{"start":{"line":210,"column":6},"end":{"line":210,"column":null}},"28":{"start":{"line":212,"column":6},"end":{"line":212,"column":null}},"29":{"start":{"line":213,"column":6},"end":{"line":213,"column":null}},"30":{"start":{"line":216,"column":6},"end":{"line":216,"column":null}},"31":{"start":{"line":217,"column":6},"end":{"line":217,"column":null}},"32":{"start":{"line":221,"column":2},"end":{"line":223,"column":null}},"33":{"start":{"line":225,"column":2},"end":{"line":225,"column":null}},"34":{"start":{"line":241,"column":2},"end":{"line":244,"column":null}},"35":{"start":{"line":250,"column":27},"end":{"line":255,"column":null}},"36":{"start":{"line":270,"column":21},"end":{"line":270,"column":null}},"37":{"start":{"line":271,"column":2},"end":{"line":277,"column":null}}},"fnMap":{"0":{"name":"(anonymous_0)","decl":{"start":{"line":35,"column":2},"end":{"line":35,"column":14}},"loc":{"start":{"line":35,"column":64},"end":{"line":39,"column":null}},"line":35},"1":{"name":"normalizeMimeType","decl":{"start":{"line":94,"column":9},"end":{"line":94,"column":27}},"loc":{"start":{"line":94,"column":53},"end":{"line":96,"column":null}},"line":94},"2":{"name":"formatFromMimeType","decl":{"start":{"line":101,"column":9},"end":{"line":101,"column":28}},"loc":{"start":{"line":101,"column":54},"end":{"line":110,"column":null}},"line":101},"3":{"name":"validateImage","decl":{"start":{"line":119,"column":22},"end":{"line":119,"column":null}},"loc":{"start":{"line":122,"column":34},"end":{"line":157,"column":null}},"line":122},"4":{"name":"getImageMetadata","decl":{"start":{"line":165,"column":22},"end":{"line":165,"column":39}},"loc":{"start":{"line":165,"column":79},"end":{"line":176,"column":null}},"line":165},"5":{"name":"optimizeForPrint","decl":{"start":{"line":188,"column":22},"end":{"line":188,"column":null}},"loc":{"start":{"line":191,"column":19},"end":{"line":226,"column":null}},"line":191},"6":{"name":"convertToJpeg","decl":{"start":{"line":237,"column":22},"end":{"line":237,"column":null}},"loc":{"start":{"line":240,"column":19},"end":{"line":245,"column":null}},"line":240},"7":{"name":"getOptionsForPrintSize","decl":{"start":{"line":266,"column":16},"end":{"line":266,"column":null}},"loc":{"start":{"line":269,"column":24},"end":{"line":278,"column":null}},"line":269}},"branchMap":{"0":{"loc":{"start":{"line":109,"column":9},"end":{"line":109,"column":null}},"type":"binary-expr","locations":[{"start":{"line":109,"column":9},"end":{"line":109,"column":34}},{"start":{"line":109,"column":34},"end":{"line":109,"column":null}}],"line":109},"1":{"loc":{"start":{"line":124,"column":2},"end":{"line":130,"column":null}},"type":"if","locations":[{"start":{"line":124,"column":2},"end":{"line":130,"column":null}},{"start":{},"end":{}}],"line":124},"2":{"loc":{"start":{"line":133,"column":2},"end":{"line":139,"column":null}},"type":"if","locations":[{"start":{"line":133,"column":2},"end":{"line":139,"column":null}},{"start":{},"end":{}}],"line":133},"3":{"loc":{"start":{"line":143,"column":2},"end":{"line":149,"column":null}},"type":"if","locations":[{"start":{"line":143,"column":2},"end":{"line":149,"column":null}},{"start":{},"end":{}}],"line":143},"4":{"loc":{"start":{"line":169,"column":11},"end":{"line":169,"column":null}},"type":"binary-expr","locations":[{"start":{"line":169,"column":11},"end":{"line":169,"column":29}},{"start":{"line":169,"column":29},"end":{"line":169,"column":null}}],"line":169},"5":{"loc":{"start":{"line":170,"column":12},"end":{"line":170,"column":null}},"type":"binary-expr","locations":[{"start":{"line":170,"column":12},"end":{"line":170,"column":31}},{"start":{"line":170,"column":31},"end":{"line":170,"column":null}}],"line":170},"6":{"loc":{"start":{"line":171,"column":12},"end":{"line":171,"column":null}},"type":"binary-expr","locations":[{"start":{"line":171,"column":12},"end":{"line":171,"column":31}},{"start":{"line":171,"column":31},"end":{"line":171,"column":null}}],"line":171},"7":{"loc":{"start":{"line":172,"column":16},"end":{"line":172,"column":null}},"type":"binary-expr","locations":[{"start":{"line":172,"column":16},"end":{"line":172,"column":34}},{"start":{"line":172,"column":34},"end":{"line":172,"column":null}}],"line":172},"8":{"loc":{"start":{"line":173,"column":13},"end":{"line":173,"column":null}},"type":"binary-expr","locations":[{"start":{"line":173,"column":13},"end":{"line":173,"column":33}},{"start":{"line":173,"column":33},"end":{"line":173,"column":null}}],"line":173},"9":{"loc":{"start":{"line":174,"column":10},"end":{"line":174,"column":null}},"type":"binary-expr","locations":[{"start":{"line":174,"column":10},"end":{"line":174,"column":27}},{"start":{"line":174,"column":27},"end":{"line":174,"column":null}}],"line":174},"10":{"loc":{"start":{"line":190,"column":2},"end":{"line":190,"column":null}},"type":"default-arg","locations":[{"start":{"line":190,"column":34},"end":{"line":190,"column":null}}],"line":190},"11":{"loc":{"start":{"line":197,"column":2},"end":{"line":204,"column":null}},"type":"if","locations":[{"start":{"line":197,"column":2},"end":{"line":204,"column":null}},{"start":{},"end":{}}],"line":197},"12":{"loc":{"start":{"line":197,"column":6},"end":{"line":197,"column":39}},"type":"binary-expr","locations":[{"start":{"line":197,"column":6},"end":{"line":197,"column":23}},{"start":{"line":197,"column":23},"end":{"line":197,"column":39}}],"line":197},"13":{"loc":{"start":{"line":207,"column":2},"end":{"line":218,"column":null}},"type":"switch","locations":[{"start":{"line":208,"column":4},"end":{"line":210,"column":null}},{"start":{"line":211,"column":4},"end":{"line":213,"column":null}},{"start":{"line":214,"column":4},"end":{"line":214,"column":null}},{"start":{"line":215,"column":4},"end":{"line":217,"column":null}}],"line":207},"14":{"loc":{"start":{"line":239,"column":2},"end":{"line":239,"column":null}},"type":"default-arg","locations":[{"start":{"line":239,"column":20},"end":{"line":239,"column":null}}],"line":239},"15":{"loc":{"start":{"line":268,"column":2},"end":{"line":268,"column":null}},"type":"default-arg","locations":[{"start":{"line":268,"column":20},"end":{"line":268,"column":null}}],"line":268}},"s":{"0":0,"1":0,"2":0,"3":0,"4":0,"5":0,"6":0,"7":0,"8":0,"9":0,"10":0,"11":0,"12":0,"13":0,"14":0,"15":0,"16":0,"17":0,"18":0,"19":0,"20":0,"21":0,"22":0,"23":0,"24":0,"25":0,"26":0,"27":0,"28":0,"29":0,"30":0,"31":0,"32":0,"33":0,"34":0,"35":0,"36":0,"37":0},"f":{"0":0,"1":0,"2":0,"3":0,"4":0,"5":0,"6":0,"7":0},"b":{"0":[0,0],"1":[0,0],"2":[0,0],"3":[0,0],"4":[0,0],"5":[0,0],"6":[0,0],"7":[0,0],"8":[0,0],"9":[0,0],"10":[0],"11":[0,0],"12":[0,0],"13":[0,0,0,0],"14":[0],"15":[0]},"meta":{"lastBranch":16,"lastFunction":8,"lastStatement":38,"seen":{"s:6:29:6:Infinity":0,"s:11:34:16:Infinity":1,"f:35:2:35:14":0,"s:36:4:36:Infinity":2,"s:37:4:37:Infinity":3,"s:38:4:38:Infinity":4,"s:83:56:89:Infinity":5,"f:94:9:94:27":1,"s:95:2:95:Infinity":6,"f:101:9:101:28":2,"s:102:21:102:Infinity":7,"s:103:44:108:Infinity":8,"s:109:2:109:Infinity":9,"b:109:9:109:34:109:34:109:Infinity":0,"f:119:22:119:Infinity":3,"b:124:2:130:Infinity:undefined:undefined:undefined:undefined":1,"s:124:2:130:Infinity":10,"s:125:4:129:Infinity":11,"b:133:2:139:Infinity:undefined:undefined:undefined:undefined":2,"s:133:2:139:Infinity":12,"s:134:4:138:Infinity":13,"s:142:25:142:Infinity":14,"b:143:2:149:Infinity:undefined:undefined:undefined:undefined":3,"s:143:2:149:Infinity":15,"s:144:4:148:Infinity":16,"s:151:17:151:Infinity":17,"s:153:2:156:Infinity":18,"f:165:22:165:39":4,"s:166:19:166:Infinity":19,"s:168:2:175:Infinity":20,"b:169:11:169:29:169:29:169:Infinity":4,"b:170:12:170:31:170:31:170:Infinity":5,"b:171:12:171:31:171:31:171:Infinity":6,"b:172:16:172:34:172:34:172:Infinity":7,"b:173:13:173:33:173:33:173:Infinity":8,"b:174:10:174:27:174:27:174:Infinity":9,"f:188:22:188:Infinity":5,"b:190:34:190:Infinity":10,"s:192:15:192:Infinity":21,"s:194:6:194:Infinity":22,"b:197:2:204:Infinity:undefined:undefined:undefined:undefined":11,"s:197:2:204:Infinity":23,"b:197:6:197:23:197:23:197:39":12,"s:198:4:203:Infinity":24,"b:208:4:210:Infinity:211:4:213:Infinity:214:4:214:Infinity:215:4:217:Infinity":13,"s:207:2:218:Infinity":25,"s:209:6:209:Infinity":26,"s:210:6:210:Infinity":27,"s:212:6:212:Infinity":28,"s:213:6:213:Infinity":29,"s:216:6:216:Infinity":30,"s:217:6:217:Infinity":31,"s:221:2:223:Infinity":32,"s:225:2:225:Infinity":33,"f:237:22:237:Infinity":6,"b:239:20:239:Infinity":14,"s:241:2:244:Infinity":34,"s:250:27:255:Infinity":35,"f:266:
[...]
umn":22},"end":{"line":174,"column":null}},"loc":{"start":{"line":177,"column":19},"end":{"line":195,"column":null}},"line":177},"6":{"name":"uploadToR2","decl":{"start":{"line":210,"column":22},"end":{"line":210,"column":null}},"loc":{"start":{"line":216,"column":27},"end":{"line":244,"column":null}},"line":216},"7":{"name":"deleteFromR2","decl":{"start":{"line":251,"column":22},"end":{"line":251,"column":35}},"loc":{"start":{"line":251,"column":63},"end":{"line":269,"column":null}},"line":251},"8":{"name":"getPublicUrl","decl":{"start":{"line":277,"column":16},"end":{"line":277,"column":29}},"loc":{"start":{"line":277,"column":50},"end":{"line":280,"column":null}},"line":277}},"branchMap":{"0":{"loc":{"start":{"line":74,"column":2},"end":{"line":79,"column":null}},"type":"if","locations":[{"start":{"line":74,"column":2},"end":{"line":79,"column":null}},{"start":{},"end":{}}],"line":74},"1":{"loc":{"start":{"line":74,"column":6},"end":{"line":74,"column":83}},"type":"binary-expr","locations":[{"start":{"line":74,"column":6},"end":{"line":74,"column":20}},{"start":{"line":74,"column":20},"end":{"line":74,"column":36}},{"start":{"line":74,"column":36},"end":{"line":74,"column":56}},{"start":{"line":74,"column":56},"end":{"line":74,"column":71}},{"start":{"line":74,"column":71},"end":{"line":74,"column":83}}],"line":74},"2":{"loc":{"start":{"line":117,"column":14},"end":{"line":117,"column":null}},"type":"binary-expr","locations":[{"start":{"line":117,"column":14},"end":{"line":117,"column":58}},{"start":{"line":117,"column":58},"end":{"line":117,"column":null}}],"line":117},"3":{"loc":{"start":{"line":135,"column":2},"end":{"line":135,"column":null}},"type":"default-arg","locations":[{"start":{"line":135,"column":26},"end":{"line":135,"column":null}}],"line":135},"4":{"loc":{"start":{"line":162,"column":6},"end":{"line":162,"column":null}},"type":"cond-expr","locations":[{"start":{"line":162,"column":31},"end":{"line":162,"column":39}},{"start":{"line":162,"column":39},"end":{"line":162,"column":null}}],"line":162},"5":{"loc":{"start":{"line":176,"column":2},"end":{"line":176,"column":null}},"type":"default-arg","locations":[{"start":{"line":176,"column":22},"end":{"line":176,"column":null}}],"line":176},"6":{"loc":{"start":{"line":192,"column":6},"end":{"line":192,"column":null}},"type":"cond-expr","locations":[{"start":{"line":192,"column":31},"end":{"line":192,"column":39}},{"start":{"line":192,"column":39},"end":{"line":192,"column":null}}],"line":192},"7":{"loc":{"start":{"line":215,"column":2},"end":{"line":215,"column":null}},"type":"default-arg","locations":[{"start":{"line":215,"column":26},"end":{"line":215,"column":null}}],"line":215},"8":{"loc":{"start":{"line":241,"column":6},"end":{"line":241,"column":null}},"type":"cond-expr","locations":[{"start":{"line":241,"column":31},"end":{"line":241,"column":39}},{"start":{"line":241,"column":39},"end":{"line":241,"column":null}}],"line":241},"9":{"loc":{"start":{"line":266,"column":6},"end":{"line":266,"column":null}},"type":"cond-expr","locations":[{"start":{"line":266,"column":31},"end":{"line":266,"column":39}},{"start":{"line":266,"column":39},"end":{"line":266,"column":null}}],"line":266}},"s":{"0":0,"1":0,"2":0,"3":0,"4":0,"5":0,"6":0,"7":0,"8":0,"9":0,"10":0,"11":0,"12":0,"13":0,"14":0,"15":0,"16":0,"17":0,"18":0,"19":0,"20":0,"21":0,"22":0,"23":0,"24":0,"25":0,"26":0,"27":0,"28":0,"29":0,"30":0,"31":0,"32":0,"33":0,"34":0,"35":0,"36":0,"37":0,"38":0,"39":0,"40":0,"41":0,"42":0,"43":0,"44":0,"45":0,"46":0,"47":0,"48":0},"f":{"0":0,"1":0,"2":0,"3":0,"4":0,"5":0,"6":0,"7":0,"8":0},"b":{"0":[0,0],"1":[0,0,0,0,0],"2":[0,0],"3":[0],"4":[0,0],"5":[0],"6":[0,0],"7":[0],"8":[0,0],"9":[0,0]},"meta":{"lastBranch":10,"lastFunction":9,"lastStatement":49,"seen":{"f:31:2:31:14":0,"s:32:4:32:Infinity":0,"s:33:4:33:Infinity":1,"s:34:4:34:Infinity":2,"s:35:4:35:Infinity":3,"f:61:9:61:Infinity":1,"s:68:20:68:Infinity":4,"s:69:22:69:Infinity":5,"s:70:26:70:Infinity":6,"s:71:21:71:Infinity":7,"s:72:20:72:Infinity":8,"b:74:2:79:Infinity:undefined:undefined:undefined:undefined":0,"s:74:2:79:Infinity":9,"b:74:6:74:20:74:20:74:36:74:36:74:56:74:56:74:71:74:71:74:83":1,"s:75:4:78:Infinity":10,"s:81:2:81:Infinity":11,"f:87:9:87:36":2,"s:88:17:88:Infinity":12,"s:90:2:97:Infinity":13,"f:110:16:110:Infinity":3,"s:115:20:115:Infinity":14,"s:116:15:116:Infinity":15,"s:117:14:117:Infinity":16,"b:117:14:117:58:117:58:117:Infinity":2,"s:119:2:119:Infinity":17,"f:131:22:131:Infinity":4,"b:135:26:135:Infinity":3,"s:137:17:137:Infinity":18,"s:138:17:138:Infinity":19,"s:140:14:140:Infinity":20,"s:141:20:141:Infinity":21,"s:143:18:147:Infinity":22,"s:149:2:164:Infinity":23,"s:150:22:150:Infinity":24,"s:152:4:157:Infinity":25,"s:159:4:163:Infinity":26,"b:162:31:162:39:162:39:162:Infinity":4,"f:174:22:174:Infinity":5,"b:176:22:176:Infinity":5,"s:178:17:178:Infinity":27,"s:179:17:179:Infinity":28,"s:181:18:184:Infinity":29,"s:186:2:194:Infinity":30,"s:187:4:187:Infinity":31,"s:189:4:193:Infinity":32,"b:192:31:192:39:192:39:192:Infinity":6,"f:210:22:210:Infinity":6,"b:215:26:215:Infinity":7,"s:217:17:217:Infinity":33,"s:218:17:218:Infinity":34,"s:220:14:220:Infinity":35,"s:222:18:227:Infinity":36,"s:229:2:243:Infinity":37,"s:230:4:230:Infinity":38,"s:232:4:236:Infinity":39,"s:238:4:242:Infinity":40,"b:241:31:241:39:241:39:241:Infinity":8,"f:251:22:251:35":7,"s:252:17:252:Infinity":41,"s:253:17:253:Infinity":42,"s:255:18:258:Infinity":43,"s:260:2:268:Infinity":44,"s:261:4:261:Infinity":45,"s:263:4:267:Infinity":46,"b:266:31:266:39:266:39:266:Infinity":9,"f:277:16:277:29":8,"s:278:17:278:Infinity":47,"s:279:2:279:Infinity":48}}}
,"/Users/mymac/Desktop/footprint/footprint/lib/supabase/client.ts": {"path":"/Users/mymac/Desktop/footprint/footprint/lib/supabase/client.ts","statementMap":{"0":{"start":{"line":4,"column":2},"end":{"line":7,"column":null}},"1":{"start":{"line":11,"column":67},"end":{"line":11,"column":null}},"2":{"start":{"line":14,"column":2},"end":{"line":16,"column":null}},"3":{"start":{"line":15,"column":4},"end":{"line":15,"column":null}},"4":{"start":{"line":17,"column":2},"end":{"line":17,"column":null}}},"fnMap":{"0":{"name":"createClient","decl":{"start":{"line":3,"column":16},"end":{"line":3,"column":31}},"loc":{"start":{"line":3,"column":31},"end":{"line":8,"column":null}},"line":3},"1":{"name":"getSupabaseClient","decl":{"start":{"line":13,"column":16},"end":{"line":13,"column":36}},"loc":{"start":{"line":13,"column":36},"end":{"line":18,"column":null}},"line":13}},"branchMap":{"0":{"loc":{"start":{"line":14,"column":2},"end":{"line":16,"column":null}},"type":"if","locations":[{"start":{"line":14,"column":2},"end":{"line":16,"column":null}},{"start":{},"end":{}}],"line":14}},"s":{"0":0,"1":0,"2":0,"3":0,"4":0},"f":{"0":0,"1":0},"b":{"0":[0,0]},"meta":{"lastBranch":1,"lastFunction":2,"lastStatement":5,"seen":{"f:3:16:3:31":0,"s:4:2:7:Infinity":0,"s:11:67:11:Infinity":1,"f:13:16:13:36":1,"b:14:2:16:Infinity:undefined:undefined:undefined:undefined":0,"s:14:2:16:Infinity":2,"s:15:4:15:Infinity":3,"s:17:2:17:Infinity":4}}}
,"/Users/mymac/Desktop/footprint/footprint/lib/supabase/server.ts": {"path":"/Users/mymac/Desktop/footprint/footprint/lib/supabase/server.ts","statementMap":{"0":{"start":{"line":5,"column":8},"end":{"line":5,"column":null}},"1":{"start":{"line":7,"column":2},"end":{"line":31,"column":null}},"2":{"start":{"line":13,"column":10},"end":{"line":13,"column":null}},"3":{"start":{"line":16,"column":10},"end":{"line":20,"column":null}},"4":{"start":{"line":17,"column":12},"end":{"line":17,"column":null}},"5":{"start":{"line":23,"column":10},"end":{"line":27,"column":null}},"6":{"start":{"line":24,"column":12},"end":{"line":24,"column":null}},"7":{"start":{"line":36,"column":2},"end":{"line":46,"column":null}},"8":{"start":{"line":41,"column":16},"end":{"line":41,"column":34}}},"fnMap":{"0":{"name":"createClient","decl":{"start":{"line":4,"column":16},"end":{"line":4,"column":31}},"loc":{"start":{"line":4,"column":31},"end":{"line":32,"column":null}},"line":4},"1":{"name":"(anonymous_1)","decl":{"start":{"line":12,"column":8},"end":{"line":12,"column":12}},"loc":{"start":{"line":12,"column":26},"end":{"line":14,"column":null}},"line":12},"2":{"name":"(anonymous_2)","decl":{"start":{"line":15,"column":8},"end":{"line":15,"column":12}},"loc":{"start":{"line":15,"column":65},"end":{"line":21,"column":null}},"line":15},"3":{"name":"(anonymous_3)","decl":{"start":{"line":22,"column":8},"end":{"line":22,"column":15}},"loc":{"start":{"line":22,"column":53},"end":{"line":28,"column":null}},"line":22},"4":{"name":"createAdminClient","decl":{"start":{"line":35,"column":16},"end":{"line":35,"column":36}},"loc":{"start":{"line":35,"column":36},"end":{"line":47,"column":null}},"line":35},"5":{"name":"(anonymous_5)","decl":{"start":{"line":41,"column":8},"end":{"line":41,"column":14}},"loc":{"start":{"line":41,"column":14},"end":{"line":41,"column":null}},"line":41},"6":{"name":"(anonymous_6)","decl":{"start":{"line":42,"column":8},"end":{"line":42,"column":14}},"loc":{"start":{"line":42,"column":14},"end":{"line":42,"column":null}},"line":42},"7":{"name":"(anonymous_7)","decl":{"start":{"line":43,"column":8},"end":{"line":43,"column":17}},"loc":{"start":{"line":43,"column":17},"end":{"line":43,"column":null}},"line":43}},"branchMap":{},"s":{"0":0,"1":0,"2":0,"3":0,"4":0,"5":0,"6":0,"7":0,"8":0},"f":{"0":0,"1":0,"2":0,"3":0,"4":0,"5":0,"6":0,"7":0},"b":{},"meta":{"lastBranch":0,"lastFunction":8,"lastStatement":9,"seen":{"f:4:16:4:31":0,"s:5:8:5:Infinity":0,"s:7:2:31:Infinity":1,"f:12:8:12:12":1,"s:13:10:13:Infinity":2,"f:15:8:15:12":2,"s:16:10:20:Infinity":3,"s:17:12:17:Infinity":4,"f:22:8:22:15":3,"s:23:10:27:Infinity":5,"s:24:12:24:Infinity":6,"f:35:16:35:36":4,"s:36:2:46:Infinity":7,"f:41:8:41:14":5,"s:41:16:41:34":8,"f:42:8:42:14":6,"f:43:8:43:17":7}}}
,"/Users/mymac/Desktop/footprint/footprint/stores/orderStore.ts": {"path":"/Users/mymac/Desktop/footprint/footprint/stores/orderStore.ts","statementMap":{"0":{"start":{"line":98,"column":33},"end":{"line":120,"column":null}},"1":{"start":{"line":122,"column":47},"end":{"line":122,"column":null}},"2":{"start":{"line":124,"column":13},"end":{"line":212,"column":null}},"3":{"start":{"line":126,"column":19},"end":{"line":191,"column":null}},"4":{"start":{"line":130,"column":25},"end":{"line":130,"column":null}},"5":{"start":{"line":133,"column":24},"end":{"line":133,"column":null}},"6":{"start":{"line":134,"column":29},"end":{"line":134,"column":null}},"7":{"start":{"line":135,"column":8},"end":{"line":137,"column":null}},"8":{"start":{"line":136,"column":10},"end":{"line":136,"column":null}},"9":{"start":{"line":141,"column":24},"end":{"line":141,"column":null}},"10":{"start":{"line":142,"column":29},"end":{"line":142,"column":null}},"11":{"start":{"line":143,"column":8},"end":{"line":145,"column":null}},"12":{"start":{"line":144,"column":10},"end":{"line":144,"column":null}},"13":{"start":{"line":149,"column":39},"end":{"line":153,"column":null}},"14":{"start":{"line":155,"column":36},"end":{"line":155,"column":null}},"15":{"start":{"line":157,"column":36},"end":{"line":157,"column":null}},"16":{"start":{"line":160,"column":35},"end":{"line":160,"column":null}},"17":{"start":{"line":163,"column":25},"end":{"line":163,"column":null}},"18":{"start":{"line":164,"column":31},"end":{"line":164,"column":null}},"19":{"start":{"line":165,"column":31},"end":{"line":165,"column":null}},"20":{"start":{"line":168,"column":28},"end":{"line":168,"column":null}},"21":{"start":{"line":169,"column":35},"end":{"line":169,"column":null}},"22":{"start":{"line":170,"column":30},"end":{"line":170,"column":null}},"23":{"start":{"line":173,"column":39},"end":{"line":173,"column":null}},"24":{"start":{"line":174,"column":38},"end":{"line":174,"column":null}},"25":{"start":{"line":175,"column":36},"end":{"line":175,"column":null}},"26":{"start":{"line":178,"column":40},"end":{"line":178,"column":null}},"27":{"start":{"line":179,"column":34},"end":{"line":179,"column":null}},"28":{"start":{"line":180,"column":41},"end":{"line":180,"column":null}},"29":{"start":{"line":183,"column":31},"end":{"line":183,"column":null}},"30":{"start":{"line":184,"column":33},"end":{"line":184,"column":null}},"31":{"start":{"line":187,"column":26},"end":{"line":187,"column":null}},"32":{"start":{"line":190,"column":19},"end":{"line":190,"column":null}},"33":{"start":{"line":194,"column":30},"end":{"line":209,"column":null}}},"fnMap":{"0":{"name":"(anonymous_0)","decl":{"start":{"line":126,"column":4},"end":{"line":126,"column":5}},"loc":{"start":{"line":126,"column":19},"end":{"line":191,"column":null}},"line":126},"1":{"name":"(anonymous_1)","decl":{"start":{"line":130,"column":15},"end":{"line":130,"column":16}},"loc":{"start":{"line":130,"column":25},"end":{"line":130,"column":null}},"line":130},"2":{"name":"(anonymous_2)","decl":{"start":{"line":132,"column":16},"end":{"line":132,"column":22}},"loc":{"start":{"line":132,"column":22},"end":{"line":138,"column":null}},"line":132},"3":{"name":"(anonymous_3)","decl":{"start":{"line":140,"column":16},"end":{"line":140,"column":22}},"loc":{"start":{"line":140,"column":22},"end":{"line":146,"column":null}},"line":140},"4":{"name":"(anonymous_4)","decl":{"start":{"line":149,"column":24},"end":{"line":149,"column":25}},"loc":{"start":{"line":149,"column":39},"end":{"line":153,"column":null}},"line":149},"5":{"name":"(anonymous_5)","decl":{"start":{"line":155,"column":27},"end":{"line":155,"column":28}},"loc":{"start":{"line":155,"column":36},"end":{"line":155,"column":null}},"line":155},"6":{"name":"(anonymous_6)","decl":{"start":{"line":157,"column":25},"end":{"line":157,"column":26}},"loc":{"start":{"line":157,"column":36},"end":{"line":157,"column":null}},"line":157},"7":{"name":"(anonymous_7)","decl":{"start":{"line":160,"column":24},"end":{"line":160,"column":25}},"loc":{"start":{"line":160,"column":35},"end":{"line":160,"column":null}},"line":160},"8":{"name":"(anonymous_8)","decl":{"start":{"line":163,"column":15},"end":{"line":163,"column":16}},"loc":{"start":{"line":163,"column":25},"end":{"line":163,"column":null}},"line":163},"9":{"name":"(anonymous_9)","decl":{"start":{"line":164,"column":20},"end":{"line":164,"column":21}},"loc":{"start":{"line":164,"column":31},"end":{"line":164,"column":null}},"line":164},"10":{"name":"(anonymous_10)","decl":{"start":{"line":165,"column":20},"end":{"line":165,"column":21}},"loc":{"start":{"line":165,"column":31},"end":{"line":165,"column":null}},"line":165},"11":{"name":"(anonymous_11)","decl":{"start":{"line":168,"column":17},"end":{"line":168,"column":18}},"loc":{"start":{"line":168,"column":28},"end":{"line":168,"column":null}},"line":168},"12":{"name":"(anonymous_12)","decl":{"start":{"line":169,"column":22},"end":{"line":169,"column":23}},"loc":{"start":{"line":169,"column":35},"end":{"line":169,"column":null}},"line":169},"13":{"name":"(anonymous_13)","decl":{"start":{"line":170,"column":19},"end":{"line":170,"column":20}},"loc":{"start":{"line":170,"column":30},"end":{"line":170,"column":null}},"line":170},"14":{"name":"(anonymous_14)","decl":{"start":{"line":173,"column":26},"end":{"line":173,"column":27}},"loc":{"start":{"line":173,"column":39},"end":{"line":173,"column":null}},"line":173},"15":{"name":"(anonymous_15)","decl":{"start":{"line":174,"column":25},"end":{"line":174,"column":26}},"loc":{"start":{"line":174,"column":38},"end":{"line":174,"column":null}},"line":174},"16":{"name":"(anonymous_16)","decl":{"start":{"line":175,"column":25},"end":{"line":175,"column":26}},"loc":{"start":{"line":175,"column":36},"end":{"line":175,"column":null}},"line":175},"17":{"name":"(anonymous_17)","decl":{"start":{"line":178,"column":27},"end":{"line":178,"column":28}},"loc":{"start":{"line":178,"column":40},"end":{"line":178,"column":null}},"line":178},"18":{"name":"(anonymous_18)","decl":{"start":{"line":179,"column":24},"end":{"line":179,"column":25}},"loc":{"start":{"line":179,"column":34},"end":{"line":179,"column":null}},"line":179},"19":{"name":"(anonymous_19)","decl":{"start":{"line":180,"column":30},"end":{"line":180,"column":31}},"loc":{"start":{"line":180,"column":41},"end":{"line":180,"column":null}},"line":180},"20":{"name":"(anonymous_20)","decl":{"start":{"line":183,"column":18},"end":{"line":183,"column":19}},"loc":{"start":{"line":183,"column":31},"end":{"line":183,"column":null}},"line":183},"21":{"name":"(anonymous_21)","decl":{"start":{"line":184,"column":23},"end":{"line":184,"column":24}},"loc":{"start":{"line":184,"column":33},"end":{"line":184,"column":null}},"line":184},"22":{"name":"(anonymous_22)","decl":{"start":{"line":187,"column":18},"end":{"line":187,"column":19}},"loc":{"start":{"line":187,"column":26},"end":{"line":187,"column":null}},"line":187},"23":{"name":"(anonymous_23)","decl":{"start":{"line":190,"column":13},"end":{"line":190,"column":19}},"loc":{"start":{"line":190,"column":19},"end":{"line":190,"column":null}},"line":190},"24":{"name":"(anonymous_24)","decl":{"start":{"line":194,"column":18},"end":{"line":194,"column":19}},"loc":{"start":{"line":194,"column":30},"end":{"line":209,"column":null}},"line":194}},"branchMap":{"0":{"loc":{"start":{"line":135,"column":8},"end":{"line":137,"column":null}},"type":"if","locations":[{"start":{"line":135,"column":8},"end":{"line":137,"column":null}},{"start":{},"end":{}}],"line":135},"1":{"loc":{"start":{"line":143,"column":8},"end":{"line":145,"column":null}},"type":"if","locations":[{"start":{"line":143,"column":8},"end":{"line":145,"column":null}},{"start":{},"end":{}}],"line":143},"2":{"loc":{"start":{"line":151,"column":27},"end":{"line":151,"column":null}},"type":"binary-expr","locations":[{"start":{"line":151,"column":27},"end":{"line":151,"column":35}},{"start":{"line":151,"column":35},"end":{"line":151,"column":null}}],"line":151}},"s":{"0":0,"1":0,"2":0,"3":0,"4":0,"5":0,"6":0,"7":0,"8":0,"9":0,"10":0,"11":0,"12":0,"13":0,"14":0,"15":0,"16":0,"17":0,"18":0,"19":0,"20":0,"21":0,"22":0,"23":0,"24":0,"25":0,"26":0,"27":0,"28":0,"29":0,"30":0,"31":0,"32":0,"33":0},"f":{"0":0,"1":0,"2":0,"3":0,"4":0,"5":0,"6":0,"7":0,"8":0,"9":0,"10":0,"11":0,"12":0,"13":0,"14":0,"15":0,"16":0,"17":0,"18":0,"19":0,"20":0,"21":0,"22":0,"23":0,"24":0},"b":{"0":[0,0],"1":[0,0],"2":[0,0]},"meta":{"lastBranch":3,"lastFunction":25,"lastStatement":34,"seen":{"s:98:33:120:Infinity":0,"s:122:47:122:Infinity":1,"s:124:13:212:Infinity":2,"f:126:4:126:5":0,"s:126:19:191:Infinity":3,"f:130:15:130:16":1,"s:130:25:130:Infinity":4,"f:132:16:132:22":2,"s:133:24:133:Infinity":5,"s:134:29:134:Infinity":6,"b:135:8:137:Infinity:undefined:undefined:undefined:undefined":0,"s:135:8:137:Infinity":7,"s:136:10:136:Infinity":8,"f:140:16:140:22":3,"s:141:24:141:Infinity":9,"s:142:29:142:Infinity":10,"b:143:8:145:Infinity:undefined:undefined:undefined:undefined":1,"s:143:8:145:Infinity":11,"s:144:10:144:Infinity":12,"f:149:24:149:25":4,"s:149:39:153:Infinity":13,"b:151:27:151:35:151:35:151:Infinity":2,"f:155:27:155:28":5,"s:155:36:155:Infinity":14,"f:157:25:157:26":6,"s:157:36:157:Infinity":15,"f:160:24:160:25":7,"s:160:35:160:Infinity":16,"f:163:15:163:16":8,"s:163:25:163:Infinity":17,"f:164:20:164:21":9,"s:164:31:164:Infinity":18,"f:165:20:165:21":10,"s:165:31:165:Infinity":19,"f:168:17:168:18":11,"s:168:28:168:Infinity":20,"f:169:22:169:23":12,"s:169:35:169:Infinity":21,"f:170:19:170:20":13,"s:170:30:170:Infinity":22,"f:173:26:173:27":14,"s:173:39:173:Infinity":23,"f:174:25:174:26":15,"s:174:38:174:Infinity":24,"f:175:25:175:26":16,"s:175:36:175:Infinity":25,"f:178:27:178:28":17,"s:178:40:178:Infinity":26,"f:179:24:179:25":18,"s:179:34:179:Infinity":27,"f:180:30:180:31":19,"s:180:41:180:Infinity":28,"f:183:18:183:19":20,"s:183:31:183:Infinity":29,"f:184:23:184:24":21,"s:184:33:184:Infinity":30,"f:187:18:187:19":22,"s:187:26:187:Infinity":31,"f:190:13:190:19":23,"s:190:19:190:Infinity":32,"f:194:18:194:19":24,"s:194:30:209:Infinity":33}}}
}
